{"meta": {"format": 3, "version": "7.13.4", "timestamp": "2026-02-25T21:27:39.770948", "branch_coverage": false, "show_contexts": false}, "files": {"src/hledger_tui/__init__.py": {"executed_lines": [3], "summary": {"covered_lines": 1, "num_statements": 1, "percent_covered": 100.0, "percent_covered_display": "100", "missing_lines": 0, "excluded_lines": 0, "percent_statements_covered": 100.0, "percent_statements_covered_display": "100"}, "missing_lines": [], "excluded_lines": [], "functions": {"": {"executed_lines": [3], "summary": {"covered_lines": 1, "num_statements": 1, "percent_covered": 100.0, "percent_covered_display": "100", "missing_lines": 0, "excluded_lines": 0, "percent_statements_covered": 100.0, "percent_statements_covered_display": "100"}, "missing_lines": [], "excluded_lines": [], "start_line": 1}}, "classes": {"": {"executed_lines": [3], "summary": {"covered_lines": 1, "num_statements": 1, "percent_covered": 100.0, "percent_covered_display": "100", "missing_lines": 0, "excluded_lines": 0, "percent_statements_covered": 100.0, "percent_statements_covered_display": "100"}, "missing_lines": [], "excluded_lines": [], "start_line": 1}}}, "src/hledger_tui/__main__.py": {"executed_lines": [], "summary": {"covered_lines": 0, "num_statements": 9, "percent_covered": 0.0, "percent_covered_display": "0", "missing_lines": 9, "excluded_lines": 0, "percent_statements_covered": 0.0, "percent_statements_covered_display": "0"}, "missing_lines": [3, 4, 7, 9, 10, 11, 12, 15, 16], "excluded_lines": [], "functions": {"main": {"executed_lines": [], "summary": {"covered_lines": 0, "num_statements": 4, "percent_covered": 0.0, "percent_covered_display": "0", "missing_lines": 4, "excluded_lines": 0, "percent_statements_covered": 0.0, "percent_statements_covered_display": "0"}, "missing_lines": [9, 10, 11, 12], "excluded_lines": [], "start_line": 7}, "": {"executed_lines": [], "summary": {"covered_lines": 0, "num_statements": 5, "percent_covered": 0.0, "percent_covered_display": "0", "missing_lines": 5, "excluded_lines": 0, "percent_statements_covered": 0.0, "percent_statements_covered_display": "0"}, "missing_lines": [3, 4, 7, 15, 16], "excluded_lines": [], "start_line": 1}}, "classes": {"": {"executed_lines": [], "summary": {"covered_lines": 0, "num_statements": 9, "percent_covered": 0.0, "percent_covered_display": "0", "missing_lines": 9, "excluded_lines": 0, "percent_statements_covered": 0.0, "percent_statements_covered_display": "0"}, "missing_lines": [3, 4, 7, 9, 10, 11, 12, 15, 16], "excluded_lines": [], "start_line": 1}}}, "src/hledger_tui/app.py": {"executed_lines": [3, 5, 7, 8, 9, 11, 12, 13, 14, 16, 23, 26, 27, 29, 36, 42, 43, 44, 45, 46, 48, 50, 57, 59, 60, 61, 62, 64, 66, 68, 74, 76, 77, 79, 81, 82], "summary": {"covered_lines": 36, "num_statements": 40, "percent_covered": 90.0, "percent_covered_display": "90", "missing_lines": 4, "excluded_lines": 0, "percent_statements_covered": 90.0, "percent_statements_covered_display": "90"}, "missing_lines": [69, 70, 71, 72], "excluded_lines": [], "functions": {"HledgerTuiApp.__init__": {"executed_lines": [42, 43, 44, 45, 46], "summary": {"covered_lines": 5, "num_statements": 5, "percent_covered": 100.0, "percent_covered_display": "100", "missing_lines": 0, "excluded_lines": 0, "percent_statements_covered": 100.0, "percent_statements_covered_display": "100"}, "missing_lines": [], "excluded_lines": [], "start_line": 36}, "HledgerTuiApp.compose": {"executed_lines": [50, 57, 59, 60, 61, 62, 64], "summary": {"covered_lines": 7, "num_statements": 7, "percent_covered": 100.0, "percent_covered_display": "100", "missing_lines": 0, "excluded_lines": 0, "percent_statements_covered": 100.0, "percent_statements_covered_display": "100"}, "missing_lines": [], "excluded_lines": [], "start_line": 48}, "HledgerTuiApp.on_key": {"executed_lines": [68], "summary": {"covered_lines": 1, "num_statements": 5, "percent_covered": 20.0, "percent_covered_display": "20", "missing_lines": 4, "excluded_lines": 0, "percent_statements_covered": 20.0, "percent_statements_covered_display": "20"}, "missing_lines": [69, 70, 71, 72], "excluded_lines": [], "start_line": 66}, "HledgerTuiApp._activate_section": {"executed_lines": [76, 77], "summary": {"covered_lines": 2, "num_statements": 2, "percent_covered": 100.0, "percent_covered_display": "100", "missing_lines": 0, "excluded_lines": 0, "percent_statements_covered": 100.0, "percent_statements_covered_display": "100"}, "missing_lines": [], "excluded_lines": [], "start_line": 74}, "HledgerTuiApp.action_switch_section": {"executed_lines": [81, 82], "summary": {"covered_lines": 2, "num_statements": 2, "percent_covered": 100.0, "percent_covered_display": "100", "missing_lines": 0, "excluded_lines": 0, "percent_statements_covered": 100.0, "percent_statements_covered_display": "100"}, "missing_lines": [], "excluded_lines": [], "start_line": 79}, "": {"executed_lines": [3, 5, 7, 8, 9, 11, 12, 13, 14, 16, 23, 26, 27, 29, 36, 48, 66, 74, 79], "summary": {"covered_lines": 19, "num_statements": 19, "percent_covered": 100.0, "percent_covered_display": "100", "missing_lines": 0, "excluded_lines": 0, "percent_statements_covered": 100.0, "percent_statements_covered_display": "100"}, "missing_lines": [], "excluded_lines": [], "start_line": 1}}, "classes": {"HledgerTuiApp": {"executed_lines": [42, 43, 44, 45, 46, 50, 57, 59, 60, 61, 62, 64, 68, 76, 77, 81, 82], "summary": {"covered_lines": 17, "num_statements": 21, "percent_covered": 80.95238095238095, "percent_covered_display": "81", "missing_lines": 4, "excluded_lines": 0, "percent_statements_covered": 80.95238095238095, "percent_statements_covered_display": "81"}, "missing_lines": [69, 70, 71, 72], "excluded_lines": [], "start_line": 23}, "": {"executed_lines": [3, 5, 7, 8, 9, 11, 12, 13, 14, 16, 23, 26, 27, 29, 36, 48, 66, 74, 79], "summary": {"covered_lines": 19, "num_statements": 19, "percent_covered": 100.0, "percent_covered_display": "100", "missing_lines": 0, "excluded_lines": 0, "percent_statements_covered": 100.0, "percent_statements_covered_display": "100"}, "missing_lines": [], "excluded_lines": [], "start_line": 1}}}, "src/hledger_tui/budget.py": {"executed_lines": [9, 11, 12, 13, 14, 16, 17, 19, 21, 22, 23, 24, 27, 31, 33, 36, 45, 47, 48, 50, 51, 52, 53, 54, 55, 57, 60, 72, 73, 74, 77, 78, 79, 80, 81, 84, 87, 88, 89, 90, 93, 94, 96, 99, 111, 112, 114, 115, 116, 118, 119, 121, 122, 123, 124, 126, 128, 132, 133, 136, 139, 140, 141, 142, 143, 144, 149, 154, 157, 166, 167, 169, 171, 172, 174, 175, 176, 177, 179, 180, 181, 184, 186, 187, 188, 191, 196, 198, 201, 216, 218, 219, 220, 222, 223, 229, 238, 251, 252, 253, 254, 255, 258, 275, 276, 277, 278, 279, 280, 281, 282, 284, 287, 300, 301, 302, 303, 304], "summary": {"covered_lines": 118, "num_statements": 136, "percent_covered": 86.76470588235294, "percent_covered_display": "87", "missing_lines": 18, "excluded_lines": 0, "percent_statements_covered": 86.76470588235294, "percent_statements_covered_display": "87"}, "missing_lines": [82, 83, 91, 92, 129, 137, 193, 224, 225, 226, 227, 230, 231, 232, 233, 234, 235, 283], "excluded_lines": [], "functions": {"_budget_path": {"executed_lines": [33], "summary": {"covered_lines": 1, "num_statements": 1, "percent_covered": 100.0, "percent_covered_display": "100", "missing_lines": 0, "excluded_lines": 0, "percent_statements_covered": 100.0, "percent_statements_covered_display": "100"}, "missing_lines": [], "excluded_lines": [], "start_line": 31}, "ensure_budget_file": {"executed_lines": [45, 47, 48, 50, 51, 52, 53, 54, 55, 57], "summary": {"covered_lines": 10, "num_statements": 10, "percent_covered": 100.0, "percent_covered_display": "100", "missing_lines": 0, "excluded_lines": 0, "percent_statements_covered": 100.0, "percent_statements_covered_display": "100"}, "missing_lines": [], "excluded_lines": [], "start_line": 36}, "_parse_amount_string": {"executed_lines": [72, 73, 74, 77, 78, 79, 80, 81, 84, 87, 88, 89, 90, 93, 94, 96], "summary": {"covered_lines": 16, "num_statements": 20, "percent_covered": 80.0, "percent_covered_display": "80", "missing_lines": 4, "excluded_lines": 0, "percent_statements_covered": 80.0, "percent_statements_covered_display": "80"}, "missing_lines": [82, 83, 91, 92], "excluded_lines": [], "start_line": 60}, "parse_budget_rules": {"executed_lines": [111, 112, 114, 115, 116, 118, 119, 121, 122, 123, 124, 126, 128, 132, 133, 136, 139, 140, 141, 142, 143, 144, 149, 154], "summary": {"covered_lines": 24, "num_statements": 26, "percent_covered": 92.3076923076923, "percent_covered_display": "92", "missing_lines": 2, "excluded_lines": 0, "percent_statements_covered": 92.3076923076923, "percent_statements_covered_display": "92"}, "missing_lines": [129, 137], "excluded_lines": [], "start_line": 99}, "_format_budget_file": {"executed_lines": [166, 167, 169, 171, 172, 174, 175, 176, 177, 179, 180, 181], "summary": {"covered_lines": 12, "num_statements": 12, "percent_covered": 100.0, "percent_covered_display": "100", "missing_lines": 0, "excluded_lines": 0, "percent_statements_covered": 100.0, "percent_statements_covered_display": "100"}, "missing_lines": [], "excluded_lines": [], "start_line": 157}, "_backup": {"executed_lines": [186, 187, 188], "summary": {"covered_lines": 3, "num_statements": 3, "percent_covered": 100.0, "percent_covered_display": "100", "missing_lines": 0, "excluded_lines": 0, "percent_statements_covered": 100.0, "percent_statements_covered_display": "100"}, "missing_lines": [], "excluded_lines": [], "start_line": 184}, "_restore": {"executed_lines": [], "summary": {"covered_lines": 0, "num_statements": 1, "percent_covered": 0.0, "percent_covered_display": "0", "missing_lines": 1, "excluded_lines": 0, "percent_statements_covered": 0.0, "percent_statements_covered_display": "0"}, "missing_lines": [193], "excluded_lines": [], "start_line": 191}, "_cleanup_backup": {"executed_lines": [198], "summary": {"covered_lines": 1, "num_statements": 1, "percent_covered": 100.0, "percent_covered_display": "100", "missing_lines": 0, "excluded_lines": 0, "percent_statements_covered": 100.0, "percent_statements_covered_display": "100"}, "missing_lines": [], "excluded_lines": [], "start_line": 196}, "write_budget_rules": {"executed_lines": [216, 218, 219, 220, 222, 223, 229], "summary": {"covered_lines": 7, "num_statements": 17, "percent_covered": 41.1764705882353, "percent_covered_display": "41", "missing_lines": 10, "excluded_lines": 0, "percent_statements_covered": 41.1764705882353, "percent_statements_covered_display": "41"}, "missing_lines": [224, 225, 226, 227, 230, 231, 232, 233, 234, 235], "excluded_lines": [], "start_line": 201}, "add_budget_rule": {"executed_lines": [251, 252, 253, 254, 255], "summary": {"covered_lines": 5, "num_statements": 5, "percent_covered": 100.0, "percent_covered_display": "100", "missing_lines": 0, "excluded_lines": 0, "percent_statements_covered": 100.0, "percent_statements_covered_display": "100"}, "missing_lines": [], "excluded_lines": [], "start_line": 238}, "update_budget_rule": {"executed_lines": [275, 276, 277, 278, 279, 280, 281, 282, 284], "summary": {"covered_lines": 9, "num_statements": 10, "percent_covered": 90.0, "percent_covered_display": "90", "missing_lines": 1, "excluded_lines": 0, "percent_statements_covered": 90.0, "percent_statements_covered_display": "90"}, "missing_lines": [283], "excluded_lines": [], "start_line": 258}, "delete_budget_rule": {"executed_lines": [300, 301, 302, 303, 304], "summary": {"covered_lines": 5, "num_statements": 5, "percent_covered": 100.0, "percent_covered_display": "100", "missing_lines": 0, "excluded_lines": 0, "percent_statements_covered": 100.0, "percent_statements_covered_display": "100"}, "missing_lines": [], "excluded_lines": [], "start_line": 287}, "": {"executed_lines": [9, 11, 12, 13, 14, 16, 17, 19, 21, 22, 23, 24, 27, 31, 36, 60, 99, 157, 184, 191, 196, 201, 238, 258, 287], "summary": {"covered_lines": 25, "num_statements": 25, "percent_covered": 100.0, "percent_covered_display": "100", "missing_lines": 0, "excluded_lines": 0, "percent_statements_covered": 100.0, "percent_statements_covered_display": "100"}, "missing_lines": [], "excluded_lines": [], "start_line": 1}}, "classes": {"BudgetError": {"executed_lines": [], "summary": {"covered_lines": 0, "num_statements": 0, "percent_covered": 100.0, "percent_covered_display": "100", "missing_lines": 0, "excluded_lines": 0, "percent_statements_covered": 100.0, "percent_statements_covered_display": "100"}, "missing_lines": [], "excluded_lines": [], "start_line": 27}, "": {"executed_lines": [9, 11, 12, 13, 14, 16, 17, 19, 21, 22, 23, 24, 27, 31, 33, 36, 45, 47, 48, 50, 51, 52, 53, 54, 55, 57, 60, 72, 73, 74, 77, 78, 79, 80, 81, 84, 87, 88, 89, 90, 93, 94, 96, 99, 111, 112, 114, 115, 116, 118, 119, 121, 122, 123, 124, 126, 128, 132, 133, 136, 139, 140, 141, 142, 143, 144, 149, 154, 157, 166, 167, 169, 171, 172, 174, 175, 176, 177, 179, 180, 181, 184, 186, 187, 188, 191, 196, 198, 201, 216, 218, 219, 220, 222, 223, 229, 238, 251, 252, 253, 254, 255, 258, 275, 276, 277, 278, 279, 280, 281, 282, 284, 287, 300, 301, 302, 303, 304], "summary": {"covered_lines": 118, "num_statements": 136, "percent_covered": 86.76470588235294, "percent_covered_display": "87", "missing_lines": 18, "excluded_lines": 0, "percent_statements_covered": 86.76470588235294, "percent_statements_covered_display": "87"}, "missing_lines": [82, 83, 91, 92, 129, 137, 193, 224, 225, 226, 227, 230, 231, 232, 233, 234, 235, 283], "excluded_lines": [], "start_line": 1}}}, "src/hledger_tui/config.py": {"executed_lines": [10, 12, 13, 14, 15, 17, 20, 22, 24, 25, 26, 30, 31, 36, 49, 55, 58, 69, 75, 78, 87, 91, 97, 100, 113, 114, 115, 116, 117, 118, 121, 122, 123, 124, 125, 126, 127, 130, 131, 132, 133, 139, 142, 143, 144, 146, 151], "summary": {"covered_lines": 47, "num_statements": 62, "percent_covered": 75.80645161290323, "percent_covered_display": "76", "missing_lines": 15, "excluded_lines": 0, "percent_statements_covered": 75.80645161290323, "percent_statements_covered_display": "76"}, "missing_lines": [23, 28, 32, 33, 41, 42, 43, 44, 45, 46, 64, 65, 66, 134, 138], "excluded_lines": [], "functions": {"_load_config_dict": {"executed_lines": [22, 24, 25, 26, 30, 31], "summary": {"covered_lines": 6, "num_statements": 10, "percent_covered": 60.0, "percent_covered_display": "60", "missing_lines": 4, "excluded_lines": 0, "percent_statements_covered": 60.0, "percent_statements_covered_display": "60"}, "missing_lines": [23, 28, 32, 33], "excluded_lines": [], "start_line": 20}, "_save_config_dict": {"executed_lines": [], "summary": {"covered_lines": 0, "num_statements": 6, "percent_covered": 0.0, "percent_covered_display": "0", "missing_lines": 6, "excluded_lines": 0, "percent_statements_covered": 0.0, "percent_statements_covered_display": "0"}, "missing_lines": [41, 42, 43, 44, 45, 46], "excluded_lines": [], "start_line": 36}, "load_theme": {"executed_lines": [55], "summary": {"covered_lines": 1, "num_statements": 1, "percent_covered": 100.0, "percent_covered_display": "100", "missing_lines": 0, "excluded_lines": 0, "percent_statements_covered": 100.0, "percent_statements_covered_display": "100"}, "missing_lines": [], "excluded_lines": [], "start_line": 49}, "save_theme": {"executed_lines": [], "summary": {"covered_lines": 0, "num_statements": 3, "percent_covered": 0.0, "percent_covered_display": "0", "missing_lines": 3, "excluded_lines": 0, "percent_statements_covered": 0.0, "percent_statements_covered_display": "0"}, "missing_lines": [64, 65, 66], "excluded_lines": [], "start_line": 58}, "_load_config_toml": {"executed_lines": [75], "summary": {"covered_lines": 1, "num_statements": 1, "percent_covered": 100.0, "percent_covered_display": "100", "missing_lines": 0, "excluded_lines": 0, "percent_statements_covered": 100.0, "percent_statements_covered_display": "100"}, "missing_lines": [], "excluded_lines": [], "start_line": 69}, "parse_args": {"executed_lines": [87, 91, 97], "summary": {"covered_lines": 3, "num_statements": 3, "percent_covered": 100.0, "percent_covered_display": "100", "missing_lines": 0, "excluded_lines": 0, "percent_statements_covered": 100.0, "percent_statements_covered_display": "100"}, "missing_lines": [], "excluded_lines": [], "start_line": 78}, "resolve_journal_file": {"executed_lines": [113, 114, 115, 116, 117, 118, 121, 122, 123, 124, 125, 126, 127, 130, 131, 132, 133, 139, 142, 143, 144, 146, 151], "summary": {"covered_lines": 23, "num_statements": 25, "percent_covered": 92.0, "percent_covered_display": "92", "missing_lines": 2, "excluded_lines": 0, "percent_statements_covered": 92.0, "percent_statements_covered_display": "92"}, "missing_lines": [134, 138], "excluded_lines": [], "start_line": 100}, "": {"executed_lines": [10, 12, 13, 14, 15, 17, 20, 36, 49, 58, 69, 78, 100], "summary": {"covered_lines": 13, "num_statements": 13, "percent_covered": 100.0, "percent_covered_display": "100", "missing_lines": 0, "excluded_lines": 0, "percent_statements_covered": 100.0, "percent_statements_covered_display": "100"}, "missing_lines": [], "excluded_lines": [], "start_line": 1}}, "classes": {"": {"executed_lines": [10, 12, 13, 14, 15, 17, 20, 22, 24, 25, 26, 30, 31, 36, 49, 55, 58, 69, 75, 78, 87, 91, 97, 100, 113, 114, 115, 116, 117, 118, 121, 122, 123, 124, 125, 126, 127, 130, 131, 132, 133, 139, 142, 143, 144, 146, 151], "summary": {"covered_lines": 47, "num_statements": 62, "percent_covered": 75.80645161290323, "percent_covered_display": "76", "missing_lines": 15, "excluded_lines": 0, "percent_statements_covered": 75.80645161290323, "percent_statements_covered_display": "76"}, "missing_lines": [23, 28, 32, 33, 41, 42, 43, 44, 45, 46, 64, 65, 66, 134, 138], "excluded_lines": [], "start_line": 1}}}, "src/hledger_tui/formatter.py": {"executed_lines": [3, 5, 8, 23, 24, 26, 27, 28, 29, 31, 32, 34, 37, 47, 49, 50, 52, 53, 55, 57, 59, 60, 63, 67, 69, 77, 80, 85], "summary": {"covered_lines": 28, "num_statements": 28, "percent_covered": 100.0, "percent_covered_display": "100", "missing_lines": 0, "excluded_lines": 0, "percent_statements_covered": 100.0, "percent_statements_covered_display": "100"}, "missing_lines": [], "excluded_lines": [], "functions": {"format_posting": {"executed_lines": [23, 24, 26, 27, 28, 29, 31, 32, 34], "summary": {"covered_lines": 9, "num_statements": 9, "percent_covered": 100.0, "percent_covered_display": "100", "missing_lines": 0, "excluded_lines": 0, "percent_statements_covered": 100.0, "percent_statements_covered_display": "100"}, "missing_lines": [], "excluded_lines": [], "start_line": 8}, "format_transaction": {"executed_lines": [47, 49, 50, 52, 53, 55, 57, 59, 60, 63, 67, 69, 77, 80, 85], "summary": {"covered_lines": 15, "num_statements": 15, "percent_covered": 100.0, "percent_covered_display": "100", "missing_lines": 0, "excluded_lines": 0, "percent_statements_covered": 100.0, "percent_statements_covered_display": "100"}, "missing_lines": [], "excluded_lines": [], "start_line": 37}, "": {"executed_lines": [3, 5, 8, 37], "summary": {"covered_lines": 4, "num_statements": 4, "percent_covered": 100.0, "percent_covered_display": "100", "missing_lines": 0, "excluded_lines": 0, "percent_statements_covered": 100.0, "percent_statements_covered_display": "100"}, "missing_lines": [], "excluded_lines": [], "start_line": 1}}, "classes": {"": {"executed_lines": [3, 5, 8, 23, 24, 26, 27, 28, 29, 31, 32, 34, 37, 47, 49, 50, 52, 53, 55, 57, 59, 60, 63, 67, 69, 77, 80, 85], "summary": {"covered_lines": 28, "num_statements": 28, "percent_covered": 100.0, "percent_covered_display": "100", "missing_lines": 0, "excluded_lines": 0, "percent_statements_covered": 100.0, "percent_statements_covered_display": "100"}, "missing_lines": [], "excluded_lines": [], "start_line": 1}}}, "src/hledger_tui/hledger.py": {"executed_lines": [3, 5, 6, 7, 8, 9, 10, 12, 23, 27, 40, 41, 42, 43, 45, 46, 52, 56, 57, 60, 63, 72, 75, 77, 78, 79, 80, 82, 83, 84, 85, 86, 90, 99, 106, 108, 109, 111, 119, 121, 128, 130, 131, 133, 134, 135, 136, 141, 155, 173, 174, 175, 176, 177, 178, 179, 182, 195, 196, 197, 198, 205, 217, 218, 221, 233, 234, 237, 246, 248, 249, 250, 253, 254, 255, 256, 257, 258, 263, 264, 265, 266, 267, 268, 273, 274, 275, 276, 279, 294, 300, 303, 304, 305, 308, 309, 310, 313, 318, 319, 320, 322, 323, 325, 333, 336, 337, 338, 339, 342, 343, 350], "summary": {"covered_lines": 112, "num_statements": 128, "percent_covered": 87.5, "percent_covered_display": "88", "missing_lines": 16, "excluded_lines": 0, "percent_statements_covered": 87.5, "percent_statements_covered_display": "88"}, "missing_lines": [53, 87, 88, 259, 260, 269, 270, 301, 306, 311, 327, 328, 329, 330, 331, 340], "excluded_lines": [], "functions": {"run_hledger": {"executed_lines": [40, 41, 42, 43, 45, 46, 52, 56, 57, 60], "summary": {"covered_lines": 10, "num_statements": 11, "percent_covered": 90.9090909090909, "percent_covered_display": "91", "missing_lines": 1, "excluded_lines": 0, "percent_statements_covered": 90.9090909090909, "percent_statements_covered_display": "91"}, "missing_lines": [53], "excluded_lines": [], "start_line": 27}, "check_journal": {"executed_lines": [72], "summary": {"covered_lines": 1, "num_statements": 1, "percent_covered": 100.0, "percent_covered_display": "100", "missing_lines": 0, "excluded_lines": 0, "percent_statements_covered": 100.0, "percent_statements_covered_display": "100"}, "missing_lines": [], "excluded_lines": [], "start_line": 63}, "_parse_amount": {"executed_lines": [77, 78, 79, 80, 82, 83, 84, 85, 86, 90, 99], "summary": {"covered_lines": 11, "num_statements": 13, "percent_covered": 84.61538461538461, "percent_covered_display": "85", "missing_lines": 2, "excluded_lines": 0, "percent_statements_covered": 84.61538461538461, "percent_statements_covered_display": "85"}, "missing_lines": [87, 88], "excluded_lines": [], "start_line": 75}, "_parse_posting": {"executed_lines": [108, 109, 111], "summary": {"covered_lines": 3, "num_statements": 3, "percent_covered": 100.0, "percent_covered_display": "100", "missing_lines": 0, "excluded_lines": 0, "percent_statements_covered": 100.0, "percent_statements_covered_display": "100"}, "missing_lines": [], "excluded_lines": [], "start_line": 106}, "_parse_source_position": {"executed_lines": [121], "summary": {"covered_lines": 1, "num_statements": 1, "percent_covered": 100.0, "percent_covered_display": "100", "missing_lines": 0, "excluded_lines": 0, "percent_statements_covered": 100.0, "percent_statements_covered_display": "100"}, "missing_lines": [], "excluded_lines": [], "start_line": 119}, "_parse_transaction": {"executed_lines": [130, 131, 133, 134, 135, 136, 141], "summary": {"covered_lines": 7, "num_statements": 7, "percent_covered": 100.0, "percent_covered_display": "100", "missing_lines": 0, "excluded_lines": 0, "percent_statements_covered": 100.0, "percent_statements_covered_display": "100"}, "missing_lines": [], "excluded_lines": [], "start_line": 128}, "load_transactions": {"executed_lines": [173, 174, 175, 176, 177, 178, 179], "summary": {"covered_lines": 7, "num_statements": 7, "percent_covered": 100.0, "percent_covered_display": "100", "missing_lines": 0, "excluded_lines": 0, "percent_statements_covered": 100.0, "percent_statements_covered_display": "100"}, "missing_lines": [], "excluded_lines": [], "start_line": 155}, "load_account_balances": {"executed_lines": [195, 196, 197, 198], "summary": {"covered_lines": 4, "num_statements": 4, "percent_covered": 100.0, "percent_covered_display": "100", "missing_lines": 0, "excluded_lines": 0, "percent_statements_covered": 100.0, "percent_statements_covered_display": "100"}, "missing_lines": [], "excluded_lines": [], "start_line": 182}, "load_accounts": {"executed_lines": [217, 218], "summary": {"covered_lines": 2, "num_statements": 2, "percent_covered": 100.0, "percent_covered_display": "100", "missing_lines": 0, "excluded_lines": 0, "percent_statements_covered": 100.0, "percent_statements_covered_display": "100"}, "missing_lines": [], "excluded_lines": [], "start_line": 205}, "load_descriptions": {"executed_lines": [233, 234], "summary": {"covered_lines": 2, "num_statements": 2, "percent_covered": 100.0, "percent_covered_display": "100", "missing_lines": 0, "excluded_lines": 0, "percent_statements_covered": 100.0, "percent_statements_covered_display": "100"}, "missing_lines": [], "excluded_lines": [], "start_line": 221}, "_parse_budget_amount": {"executed_lines": [246, 248, 249, 250, 253, 254, 255, 256, 257, 258, 263, 264, 265, 266, 267, 268, 273, 274, 275, 276], "summary": {"covered_lines": 20, "num_statements": 24, "percent_covered": 83.33333333333333, "percent_covered_display": "83", "missing_lines": 4, "excluded_lines": 0, "percent_statements_covered": 83.33333333333333, "percent_statements_covered_display": "83"}, "missing_lines": [259, 260, 269, 270], "excluded_lines": [], "start_line": 237}, "load_budget_report": {"executed_lines": [294, 300, 303, 304, 305, 308, 309, 310, 313, 318, 319, 320, 322, 323, 325, 333, 336, 337, 338, 339, 342, 343, 350], "summary": {"covered_lines": 23, "num_statements": 32, "percent_covered": 71.875, "percent_covered_display": "72", "missing_lines": 9, "excluded_lines": 0, "percent_statements_covered": 71.875, "percent_statements_covered_display": "72"}, "missing_lines": [301, 306, 311, 327, 328, 329, 330, 331, 340], "excluded_lines": [], "start_line": 279}, "": {"executed_lines": [3, 5, 6, 7, 8, 9, 10, 12, 23, 27, 63, 75, 106, 119, 128, 155, 182, 205, 221, 237, 279], "summary": {"covered_lines": 21, "num_statements": 21, "percent_covered": 100.0, "percent_covered_display": "100", "missing_lines": 0, "excluded_lines": 0, "percent_statements_covered": 100.0, "percent_statements_covered_display": "100"}, "missing_lines": [], "excluded_lines": [], "start_line": 1}}, "classes": {"HledgerError": {"executed_lines": [], "summary": {"covered_lines": 0, "num_statements": 0, "percent_covered": 100.0, "percent_covered_display": "100", "missing_lines": 0, "excluded_lines": 0, "percent_statements_covered": 100.0, "percent_statements_covered_display": "100"}, "missing_lines": [], "excluded_lines": [], "start_line": 23}, "": {"executed_lines": [3, 5, 6, 7, 8, 9, 10, 12, 23, 27, 40, 41, 42, 43, 45, 46, 52, 56, 57, 60, 63, 72, 75, 77, 78, 79, 80, 82, 83, 84, 85, 86, 90, 99, 106, 108, 109, 111, 119, 121, 128, 130, 131, 133, 134, 135, 136, 141, 155, 173, 174, 175, 176, 177, 178, 179, 182, 195, 196, 197, 198, 205, 217, 218, 221, 233, 234, 237, 246, 248, 249, 250, 253, 254, 255, 256, 257, 258, 263, 264, 265, 266, 267, 268, 273, 274, 275, 276, 279, 294, 300, 303, 304, 305, 308, 309, 310, 313, 318, 319, 320, 322, 323, 325, 333, 336, 337, 338, 339, 342, 343, 350], "summary": {"covered_lines": 112, "num_statements": 128, "percent_covered": 87.5, "percent_covered_display": "88", "missing_lines": 16, "excluded_lines": 0, "percent_statements_covered": 87.5, "percent_statements_covered_display": "88"}, "missing_lines": [53, 87, 88, 259, 260, 269, 270, 301, 306, 311, 327, 328, 329, 330, 331, 340], "excluded_lines": [], "start_line": 1}}}, "src/hledger_tui/journal.py": {"executed_lines": [10, 12, 13, 15, 16, 17, 20, 24, 33, 34, 35, 38, 48, 54, 57, 67, 68, 73, 76, 86, 87, 89, 90, 92, 93, 94, 98, 99, 101, 110, 128, 129, 131, 132, 134, 135, 137, 138, 140, 141, 143, 144, 146, 155, 171, 172, 174, 175, 177, 178, 180, 181, 184, 185, 187, 188, 190], "summary": {"covered_lines": 57, "num_statements": 81, "percent_covered": 70.37037037037037, "percent_covered_display": "70", "missing_lines": 24, "excluded_lines": 0, "percent_statements_covered": 70.37037037037037, "percent_statements_covered_display": "70"}, "missing_lines": [45, 69, 70, 71, 72, 96, 102, 103, 104, 105, 106, 107, 147, 148, 149, 150, 151, 152, 191, 192, 193, 194, 195, 196], "excluded_lines": [], "functions": {"_backup": {"executed_lines": [33, 34, 35], "summary": {"covered_lines": 3, "num_statements": 3, "percent_covered": 100.0, "percent_covered_display": "100", "missing_lines": 0, "excluded_lines": 0, "percent_statements_covered": 100.0, "percent_statements_covered_display": "100"}, "missing_lines": [], "excluded_lines": [], "start_line": 24}, "_restore": {"executed_lines": [], "summary": {"covered_lines": 0, "num_statements": 1, "percent_covered": 0.0, "percent_covered_display": "0", "missing_lines": 1, "excluded_lines": 0, "percent_statements_covered": 0.0, "percent_statements_covered_display": "0"}, "missing_lines": [45], "excluded_lines": [], "start_line": 38}, "_cleanup_backup": {"executed_lines": [54], "summary": {"covered_lines": 1, "num_statements": 1, "percent_covered": 100.0, "percent_covered_display": "100", "missing_lines": 0, "excluded_lines": 0, "percent_statements_covered": 100.0, "percent_statements_covered_display": "100"}, "missing_lines": [], "excluded_lines": [], "start_line": 48}, "_validate_and_finalize": {"executed_lines": [67, 68, 73], "summary": {"covered_lines": 3, "num_statements": 7, "percent_covered": 42.857142857142854, "percent_covered_display": "43", "missing_lines": 4, "excluded_lines": 0, "percent_statements_covered": 42.857142857142854, "percent_statements_covered_display": "43"}, "missing_lines": [69, 70, 71, 72], "excluded_lines": [], "start_line": 57}, "append_transaction": {"executed_lines": [86, 87, 89, 90, 92, 93, 94, 98, 99, 101], "summary": {"covered_lines": 10, "num_statements": 17, "percent_covered": 58.8235294117647, "percent_covered_display": "59", "missing_lines": 7, "excluded_lines": 0, "percent_statements_covered": 58.8235294117647, "percent_statements_covered_display": "59"}, "missing_lines": [96, 102, 103, 104, 105, 106, 107], "excluded_lines": [], "start_line": 76}, "replace_transaction": {"executed_lines": [128, 129, 131, 132, 134, 135, 137, 138, 140, 141, 143, 144, 146], "summary": {"covered_lines": 13, "num_statements": 19, "percent_covered": 68.42105263157895, "percent_covered_display": "68", "missing_lines": 6, "excluded_lines": 0, "percent_statements_covered": 68.42105263157895, "percent_statements_covered_display": "68"}, "missing_lines": [147, 148, 149, 150, 151, 152], "excluded_lines": [], "start_line": 110}, "delete_transaction": {"executed_lines": [171, 172, 174, 175, 177, 178, 180, 181, 184, 185, 187, 188, 190], "summary": {"covered_lines": 13, "num_statements": 19, "percent_covered": 68.42105263157895, "percent_covered_display": "68", "missing_lines": 6, "excluded_lines": 0, "percent_statements_covered": 68.42105263157895, "percent_statements_covered_display": "68"}, "missing_lines": [191, 192, 193, 194, 195, 196], "excluded_lines": [], "start_line": 155}, "": {"executed_lines": [10, 12, 13, 15, 16, 17, 20, 24, 38, 48, 57, 76, 110, 155], "summary": {"covered_lines": 14, "num_statements": 14, "percent_covered": 100.0, "percent_covered_display": "100", "missing_lines": 0, "excluded_lines": 0, "percent_statements_covered": 100.0, "percent_statements_covered_display": "100"}, "missing_lines": [], "excluded_lines": [], "start_line": 1}}, "classes": {"JournalError": {"executed_lines": [], "summary": {"covered_lines": 0, "num_statements": 0, "percent_covered": 100.0, "percent_covered_display": "100", "missing_lines": 0, "excluded_lines": 0, "percent_statements_covered": 100.0, "percent_statements_covered_display": "100"}, "missing_lines": [], "excluded_lines": [], "start_line": 20}, "": {"executed_lines": [10, 12, 13, 15, 16, 17, 20, 24, 33, 34, 35, 38, 48, 54, 57, 67, 68, 73, 76, 86, 87, 89, 90, 92, 93, 94, 98, 99, 101, 110, 128, 129, 131, 132, 134, 135, 137, 138, 140, 141, 143, 144, 146, 155, 171, 172, 174, 175, 177, 178, 180, 181, 184, 185, 187, 188, 190], "summary": {"covered_lines": 57, "num_statements": 81, "percent_covered": 70.37037037037037, "percent_covered_display": "70", "missing_lines": 24, "excluded_lines": 0, "percent_statements_covered": 70.37037037037037, "percent_statements_covered_display": "70"}, "missing_lines": [45, 69, 70, 71, 72, 96, 102, 103, 104, 105, 106, 107, 147, 148, 149, 150, 151, 152, 191, 192, 193, 194, 195, 196], "excluded_lines": [], "start_line": 1}}}, "src/hledger_tui/models.py": {"executed_lines": [3, 5, 6, 7, 10, 13, 14, 15, 17, 18, 20, 21, 22, 23, 24, 25, 26, 29, 30, 33, 34, 35, 38, 39, 42, 43, 44, 45, 46, 47, 50, 51, 54, 55, 56, 58, 60, 61, 63, 64, 65, 67, 68, 71, 72, 75, 76, 77, 78, 81, 82, 85, 86, 87, 88, 89, 90, 91, 92, 93, 94, 96, 97, 99, 100, 101, 102, 103, 104, 105, 106, 107, 108, 109, 110, 111, 112, 114, 116, 117, 118, 119, 120, 123, 124, 127, 128, 131, 132, 135, 136, 137, 138, 140, 141, 143, 145, 146, 148, 149, 150], "summary": {"covered_lines": 101, "num_statements": 101, "percent_covered": 100.0, "percent_covered_display": "100", "missing_lines": 0, "excluded_lines": 0, "percent_statements_covered": 100.0, "percent_statements_covered_display": "100"}, "missing_lines": [], "excluded_lines": [], "functions": {"TransactionStatus.symbol": {"executed_lines": [20, 21, 22, 23, 24, 25, 26], "summary": {"covered_lines": 7, "num_statements": 7, "percent_covered": 100.0, "percent_covered_display": "100", "missing_lines": 0, "excluded_lines": 0, "percent_statements_covered": 100.0, "percent_statements_covered_display": "100"}, "missing_lines": [], "excluded_lines": [], "start_line": 18}, "Amount.format": {"executed_lines": [60, 61, 63, 64, 65, 67, 68], "summary": {"covered_lines": 7, "num_statements": 7, "percent_covered": 100.0, "percent_covered_display": "100", "missing_lines": 0, "excluded_lines": 0, "percent_statements_covered": 100.0, "percent_statements_covered_display": "100"}, "missing_lines": [], "excluded_lines": [], "start_line": 58}, "Transaction.total_amount": {"executed_lines": [99, 100, 101, 102, 103, 104, 105, 106, 107, 108, 109, 110, 111, 112], "summary": {"covered_lines": 14, "num_statements": 14, "percent_covered": 100.0, "percent_covered_display": "100", "missing_lines": 0, "excluded_lines": 0, "percent_statements_covered": 100.0, "percent_statements_covered_display": "100"}, "missing_lines": [], "excluded_lines": [], "start_line": 97}, "Transaction._find_style": {"executed_lines": [116, 117, 118, 119, 120], "summary": {"covered_lines": 5, "num_statements": 5, "percent_covered": 100.0, "percent_covered_display": "100", "missing_lines": 0, "excluded_lines": 0, "percent_statements_covered": 100.0, "percent_statements_covered_display": "100"}, "missing_lines": [], "excluded_lines": [], "start_line": 114}, "BudgetRow.remaining": {"executed_lines": [143], "summary": {"covered_lines": 1, "num_statements": 1, "percent_covered": 100.0, "percent_covered_display": "100", "missing_lines": 0, "excluded_lines": 0, "percent_statements_covered": 100.0, "percent_statements_covered_display": "100"}, "missing_lines": [], "excluded_lines": [], "start_line": 141}, "BudgetRow.usage_pct": {"executed_lines": [148, 149, 150], "summary": {"covered_lines": 3, "num_statements": 3, "percent_covered": 100.0, "percent_covered_display": "100", "missing_lines": 0, "excluded_lines": 0, "percent_statements_covered": 100.0, "percent_statements_covered_display": "100"}, "missing_lines": [], "excluded_lines": [], "start_line": 146}, "": {"executed_lines": [3, 5, 6, 7, 10, 13, 14, 15, 17, 18, 29, 30, 33, 34, 35, 38, 39, 42, 43, 44, 45, 46, 47, 50, 51, 54, 55, 56, 58, 71, 72, 75, 76, 77, 78, 81, 82, 85, 86, 87, 88, 89, 90, 91, 92, 93, 94, 96, 97, 114, 123, 124, 127, 128, 131, 132, 135, 136, 137, 138, 140, 141, 145, 146], "summary": {"covered_lines": 64, "num_statements": 64, "percent_covered": 100.0, "percent_covered_display": "100", "missing_lines": 0, "excluded_lines": 0, "percent_statements_covered": 100.0, "percent_statements_covered_display": "100"}, "missing_lines": [], "excluded_lines": [], "start_line": 1}}, "classes": {"TransactionStatus": {"executed_lines": [20, 21, 22, 23, 24, 25, 26], "summary": {"covered_lines": 7, "num_statements": 7, "percent_covered": 100.0, "percent_covered_display": "100", "missing_lines": 0, "excluded_lines": 0, "percent_statements_covered": 100.0, "percent_statements_covered_display": "100"}, "missing_lines": [], "excluded_lines": [], "start_line": 10}, "SourcePosition": {"executed_lines": [], "summary": {"covered_lines": 0, "num_statements": 0, "percent_covered": 100.0, "percent_covered_display": "100", "missing_lines": 0, "excluded_lines": 0, "percent_statements_covered": 100.0, "percent_statements_covered_display": "100"}, "missing_lines": [], "excluded_lines": [], "start_line": 30}, "AmountStyle": {"executed_lines": [], "summary": {"covered_lines": 0, "num_statements": 0, "percent_covered": 100.0, "percent_covered_display": "100", "missing_lines": 0, "excluded_lines": 0, "percent_statements_covered": 100.0, "percent_statements_covered_display": "100"}, "missing_lines": [], "excluded_lines": [], "start_line": 39}, "Amount": {"executed_lines": [60, 61, 63, 64, 65, 67, 68], "summary": {"covered_lines": 7, "num_statements": 7, "percent_covered": 100.0, "percent_covered_display": "100", "missing_lines": 0, "excluded_lines": 0, "percent_statements_covered": 100.0, "percent_statements_covered_display": "100"}, "missing_lines": [], "excluded_lines": [], "start_line": 51}, "Posting": {"executed_lines": [], "summary": {"covered_lines": 0, "num_statements": 0, "percent_covered": 100.0, "percent_covered_display": "100", "missing_lines": 0, "excluded_lines": 0, "percent_statements_covered": 100.0, "percent_statements_covered_display": "100"}, "missing_lines": [], "excluded_lines": [], "start_line": 72}, "Transaction": {"executed_lines": [99, 100, 101, 102, 103, 104, 105, 106, 107, 108, 109, 110, 111, 112, 116, 117, 118, 119, 120], "summary": {"covered_lines": 19, "num_statements": 19, "percent_covered": 100.0, "percent_covered_display": "100", "missing_lines": 0, "excluded_lines": 0, "percent_statements_covered": 100.0, "percent_statements_covered_display": "100"}, "missing_lines": [], "excluded_lines": [], "start_line": 82}, "BudgetRule": {"executed_lines": [], "summary": {"covered_lines": 0, "num_statements": 0, "percent_covered": 100.0, "percent_covered_display": "100", "missing_lines": 0, "excluded_lines": 0, "percent_statements_covered": 100.0, "percent_statements_covered_display": "100"}, "missing_lines": [], "excluded_lines": [], "start_line": 124}, "BudgetRow": {"executed_lines": [143, 148, 149, 150], "summary": {"covered_lines": 4, "num_statements": 4, "percent_covered": 100.0, "percent_covered_display": "100", "missing_lines": 0, "excluded_lines": 0, "percent_statements_covered": 100.0, "percent_statements_covered_display": "100"}, "missing_lines": [], "excluded_lines": [], "start_line": 132}, "": {"executed_lines": [3, 5, 6, 7, 10, 13, 14, 15, 17, 18, 29, 30, 33, 34, 35, 38, 39, 42, 43, 44, 45, 46, 47, 50, 51, 54, 55, 56, 58, 71, 72, 75, 76, 77, 78, 81, 82, 85, 86, 87, 88, 89, 90, 91, 92, 93, 94, 96, 97, 114, 123, 124, 127, 128, 131, 132, 135, 136, 137, 138, 140, 141, 145, 146], "summary": {"covered_lines": 64, "num_statements": 64, "percent_covered": 100.0, "percent_covered_display": "100", "missing_lines": 0, "excluded_lines": 0, "percent_statements_covered": 100.0, "percent_statements_covered_display": "100"}, "missing_lines": [], "excluded_lines": [], "start_line": 1}}}, "src/hledger_tui/screens/__init__.py": {"executed_lines": [], "summary": {"covered_lines": 0, "num_statements": 0, "percent_covered": 100.0, "percent_covered_display": "100", "missing_lines": 0, "excluded_lines": 0, "percent_statements_covered": 100.0, "percent_statements_covered_display": "100"}, "missing_lines": [], "excluded_lines": [], "functions": {"": {"executed_lines": [], "summary": {"covered_lines": 0, "num_statements": 0, "percent_covered": 100.0, "percent_covered_display": "100", "missing_lines": 0, "excluded_lines": 0, "percent_statements_covered": 100.0, "percent_statements_covered_display": "100"}, "missing_lines": [], "excluded_lines": [], "start_line": 1}}, "classes": {"": {"executed_lines": [], "summary": {"covered_lines": 0, "num_statements": 0, "percent_covered": 100.0, "percent_covered_display": "100", "missing_lines": 0, "excluded_lines": 0, "percent_statements_covered": 100.0, "percent_statements_covered_display": "100"}, "missing_lines": [], "excluded_lines": [], "start_line": 1}}}, "src/hledger_tui/screens/account_transactions.py": {"executed_lines": [3, 5, 6, 8, 9, 10, 11, 12, 14, 17, 25, 34, 47, 48, 49, 50, 52, 54, 55, 56, 58, 59, 61, 66, 67, 68, 74, 76, 77, 79, 83, 87, 91], "summary": {"covered_lines": 33, "num_statements": 37, "percent_covered": 89.1891891891892, "percent_covered_display": "89", "missing_lines": 4, "excluded_lines": 0, "percent_statements_covered": 89.1891891891892, "percent_statements_covered_display": "89"}, "missing_lines": [81, 85, 89, 93], "excluded_lines": [], "functions": {"AccountTransactionsScreen.__init__": {"executed_lines": [47, 48, 49, 50], "summary": {"covered_lines": 4, "num_statements": 4, "percent_covered": 100.0, "percent_covered_display": "100", "missing_lines": 0, "excluded_lines": 0, "percent_statements_covered": 100.0, "percent_statements_covered_display": "100"}, "missing_lines": [], "excluded_lines": [], "start_line": 34}, "AccountTransactionsScreen.compose": {"executed_lines": [54, 55, 56, 58, 59, 61], "summary": {"covered_lines": 6, "num_statements": 6, "percent_covered": 100.0, "percent_covered_display": "100", "missing_lines": 0, "excluded_lines": 0, "percent_statements_covered": 100.0, "percent_statements_covered_display": "100"}, "missing_lines": [], "excluded_lines": [], "start_line": 52}, "AccountTransactionsScreen._table": {"executed_lines": [68], "summary": {"covered_lines": 1, "num_statements": 1, "percent_covered": 100.0, "percent_covered_display": "100", "missing_lines": 0, "excluded_lines": 0, "percent_statements_covered": 100.0, "percent_statements_covered_display": "100"}, "missing_lines": [], "excluded_lines": [], "start_line": 67}, "AccountTransactionsScreen.action_back": {"executed_lines": [76, 77], "summary": {"covered_lines": 2, "num_statements": 2, "percent_covered": 100.0, "percent_covered_display": "100", "missing_lines": 0, "excluded_lines": 0, "percent_statements_covered": 100.0, "percent_statements_covered_display": "100"}, "missing_lines": [], "excluded_lines": [], "start_line": 74}, "AccountTransactionsScreen.action_filter": {"executed_lines": [], "summary": {"covered_lines": 0, "num_statements": 1, "percent_covered": 0.0, "percent_covered_display": "0", "missing_lines": 1, "excluded_lines": 0, "percent_statements_covered": 0.0, "percent_statements_covered_display": "0"}, "missing_lines": [81], "excluded_lines": [], "start_line": 79}, "AccountTransactionsScreen.action_edit": {"executed_lines": [], "summary": {"covered_lines": 0, "num_statements": 1, "percent_covered": 0.0, "percent_covered_display": "0", "missing_lines": 1, "excluded_lines": 0, "percent_statements_covered": 0.0, "percent_statements_covered_display": "0"}, "missing_lines": [85], "excluded_lines": [], "start_line": 83}, "AccountTransactionsScreen.action_delete": {"executed_lines": [], "summary": {"covered_lines": 0, "num_statements": 1, "percent_covered": 0.0, "percent_covered_display": "0", "missing_lines": 1, "excluded_lines": 0, "percent_statements_covered": 0.0, "percent_statements_covered_display": "0"}, "missing_lines": [89], "excluded_lines": [], "start_line": 87}, "AccountTransactionsScreen.action_refresh": {"executed_lines": [], "summary": {"covered_lines": 0, "num_statements": 1, "percent_covered": 0.0, "percent_covered_display": "0", "missing_lines": 1, "excluded_lines": 0, "percent_statements_covered": 0.0, "percent_statements_covered_display": "0"}, "missing_lines": [93], "excluded_lines": [], "start_line": 91}, "": {"executed_lines": [3, 5, 6, 8, 9, 10, 11, 12, 14, 17, 25, 34, 52, 66, 67, 74, 79, 83, 87, 91], "summary": {"covered_lines": 20, "num_statements": 20, "percent_covered": 100.0, "percent_covered_display": "100", "missing_lines": 0, "excluded_lines": 0, "percent_statements_covered": 100.0, "percent_statements_covered_display": "100"}, "missing_lines": [], "excluded_lines": [], "start_line": 1}}, "classes": {"AccountTransactionsScreen": {"executed_lines": [47, 48, 49, 50, 54, 55, 56, 58, 59, 61, 68, 76, 77], "summary": {"covered_lines": 13, "num_statements": 17, "percent_covered": 76.47058823529412, "percent_covered_display": "76", "missing_lines": 4, "excluded_lines": 0, "percent_statements_covered": 76.47058823529412, "percent_statements_covered_display": "76"}, "missing_lines": [81, 85, 89, 93], "excluded_lines": [], "start_line": 17}, "": {"executed_lines": [3, 5, 6, 8, 9, 10, 11, 12, 14, 17, 25, 34, 52, 66, 67, 74, 79, 83, 87, 91], "summary": {"covered_lines": 20, "num_statements": 20, "percent_covered": 100.0, "percent_covered_display": "100", "missing_lines": 0, "excluded_lines": 0, "percent_statements_covered": 100.0, "percent_statements_covered_display": "100"}, "missing_lines": [], "excluded_lines": [], "start_line": 1}}}, "src/hledger_tui/screens/budget_delete_confirm.py": {"executed_lines": [3, 5, 6, 7, 8, 10, 13, 16, 20, 26, 27, 29, 31, 33, 34, 35, 36, 37, 38, 40, 42, 43, 47, 49], "summary": {"covered_lines": 24, "num_statements": 25, "percent_covered": 96.0, "percent_covered_display": "96", "missing_lines": 1, "excluded_lines": 0, "percent_statements_covered": 96.0, "percent_statements_covered_display": "96"}, "missing_lines": [45], "excluded_lines": [], "functions": {"BudgetDeleteConfirmModal.__init__": {"executed_lines": [26, 27], "summary": {"covered_lines": 2, "num_statements": 2, "percent_covered": 100.0, "percent_covered_display": "100", "missing_lines": 0, "excluded_lines": 0, "percent_statements_covered": 100.0, "percent_statements_covered_display": "100"}, "missing_lines": [], "excluded_lines": [], "start_line": 20}, "BudgetDeleteConfirmModal.compose": {"executed_lines": [31, 33, 34, 35, 36, 37, 38], "summary": {"covered_lines": 7, "num_statements": 7, "percent_covered": 100.0, "percent_covered_display": "100", "missing_lines": 0, "excluded_lines": 0, "percent_statements_covered": 100.0, "percent_statements_covered_display": "100"}, "missing_lines": [], "excluded_lines": [], "start_line": 29}, "BudgetDeleteConfirmModal.on_button_pressed": {"executed_lines": [42, 43], "summary": {"covered_lines": 2, "num_statements": 3, "percent_covered": 66.66666666666667, "percent_covered_display": "67", "missing_lines": 1, "excluded_lines": 0, "percent_statements_covered": 66.66666666666667, "percent_statements_covered_display": "67"}, "missing_lines": [45], "excluded_lines": [], "start_line": 40}, "BudgetDeleteConfirmModal.action_cancel": {"executed_lines": [49], "summary": {"covered_lines": 1, "num_statements": 1, "percent_covered": 100.0, "percent_covered_display": "100", "missing_lines": 0, "excluded_lines": 0, "percent_statements_covered": 100.0, "percent_statements_covered_display": "100"}, "missing_lines": [], "excluded_lines": [], "start_line": 47}, "": {"executed_lines": [3, 5, 6, 7, 8, 10, 13, 16, 20, 29, 40, 47], "summary": {"covered_lines": 12, "num_statements": 12, "percent_covered": 100.0, "percent_covered_display": "100", "missing_lines": 0, "excluded_lines": 0, "percent_statements_covered": 100.0, "percent_statements_covered_display": "100"}, "missing_lines": [], "excluded_lines": [], "start_line": 1}}, "classes": {"BudgetDeleteConfirmModal": {"executed_lines": [26, 27, 31, 33, 34, 35, 36, 37, 38, 42, 43, 49], "summary": {"covered_lines": 12, "num_statements": 13, "percent_covered": 92.3076923076923, "percent_covered_display": "92", "missing_lines": 1, "excluded_lines": 0, "percent_statements_covered": 92.3076923076923, "percent_statements_covered_display": "92"}, "missing_lines": [45], "excluded_lines": [], "start_line": 13}, "": {"executed_lines": [3, 5, 6, 7, 8, 10, 13, 16, 20, 29, 40, 47], "summary": {"covered_lines": 12, "num_statements": 12, "percent_covered": 100.0, "percent_covered_display": "100", "missing_lines": 0, "excluded_lines": 0, "percent_statements_covered": 100.0, "percent_statements_covered_display": "100"}, "missing_lines": [], "excluded_lines": [], "start_line": 1}}}, "src/hledger_tui/screens/budget_form.py": {"executed_lines": [3, 5, 6, 8, 9, 10, 11, 12, 13, 15, 16, 17, 18, 21, 24, 28, 39, 40, 41, 43, 44, 46, 48, 50, 52, 53, 55, 56, 57, 63, 64, 65, 70, 71, 72, 78, 79, 80, 82, 84, 85, 89, 90, 94, 101, 103, 105], "summary": {"covered_lines": 47, "num_statements": 75, "percent_covered": 62.666666666666664, "percent_covered_display": "63", "missing_lines": 28, "excluded_lines": 0, "percent_statements_covered": 62.666666666666664, "percent_statements_covered_display": "63"}, "missing_lines": [86, 87, 96, 97, 98, 99, 107, 108, 109, 111, 112, 113, 115, 116, 117, 119, 120, 121, 122, 123, 125, 126, 127, 129, 130, 132, 143, 147], "excluded_lines": [], "functions": {"BudgetFormScreen.__init__": {"executed_lines": [39, 40, 41], "summary": {"covered_lines": 3, "num_statements": 3, "percent_covered": 100.0, "percent_covered_display": "100", "missing_lines": 0, "excluded_lines": 0, "percent_statements_covered": 100.0, "percent_statements_covered_display": "100"}, "missing_lines": [], "excluded_lines": [], "start_line": 28}, "BudgetFormScreen.is_edit": {"executed_lines": [46], "summary": {"covered_lines": 1, "num_statements": 1, "percent_covered": 100.0, "percent_covered_display": "100", "missing_lines": 0, "excluded_lines": 0, "percent_statements_covered": 100.0, "percent_statements_covered_display": "100"}, "missing_lines": [], "excluded_lines": [], "start_line": 44}, "BudgetFormScreen.compose": {"executed_lines": [50, 52, 53, 55, 56, 57, 63, 64, 65, 70, 71, 72, 78, 79, 80], "summary": {"covered_lines": 15, "num_statements": 15, "percent_covered": 100.0, "percent_covered_display": "100", "missing_lines": 0, "excluded_lines": 0, "percent_statements_covered": 100.0, "percent_statements_covered_display": "100"}, "missing_lines": [], "excluded_lines": [], "start_line": 48}, "BudgetFormScreen.on_mount": {"executed_lines": [84, 85, 89, 90], "summary": {"covered_lines": 4, "num_statements": 6, "percent_covered": 66.66666666666667, "percent_covered_display": "67", "missing_lines": 2, "excluded_lines": 0, "percent_statements_covered": 66.66666666666667, "percent_statements_covered_display": "67"}, "missing_lines": [86, 87], "excluded_lines": [], "start_line": 82}, "BudgetFormScreen.on_button_pressed": {"executed_lines": [], "summary": {"covered_lines": 0, "num_statements": 4, "percent_covered": 0.0, "percent_covered_display": "0", "missing_lines": 4, "excluded_lines": 0, "percent_statements_covered": 0.0, "percent_statements_covered_display": "0"}, "missing_lines": [96, 97, 98, 99], "excluded_lines": [], "start_line": 94}, "BudgetFormScreen.action_cancel": {"executed_lines": [103], "summary": {"covered_lines": 1, "num_statements": 1, "percent_covered": 100.0, "percent_covered_display": "100", "missing_lines": 0, "excluded_lines": 0, "percent_statements_covered": 100.0, "percent_statements_covered_display": "100"}, "missing_lines": [], "excluded_lines": [], "start_line": 101}, "BudgetFormScreen._save": {"executed_lines": [], "summary": {"covered_lines": 0, "num_statements": 22, "percent_covered": 0.0, "percent_covered_display": "0", "missing_lines": 22, "excluded_lines": 0, "percent_statements_covered": 0.0, "percent_statements_covered_display": "0"}, "missing_lines": [107, 108, 109, 111, 112, 113, 115, 116, 117, 119, 120, 121, 122, 123, 125, 126, 127, 129, 130, 132, 143, 147], "excluded_lines": [], "start_line": 105}, "": {"executed_lines": [3, 5, 6, 8, 9, 10, 11, 12, 13, 15, 16, 17, 18, 21, 24, 28, 43, 44, 48, 82, 94, 101, 105], "summary": {"covered_lines": 23, "num_statements": 23, "percent_covered": 100.0, "percent_covered_display": "100", "missing_lines": 0, "excluded_lines": 0, "percent_statements_covered": 100.0, "percent_statements_covered_display": "100"}, "missing_lines": [], "excluded_lines": [], "start_line": 1}}, "classes": {"BudgetFormScreen": {"executed_lines": [39, 40, 41, 46, 50, 52, 53, 55, 56, 57, 63, 64, 65, 70, 71, 72, 78, 79, 80, 84, 85, 89, 90, 103], "summary": {"covered_lines": 24, "num_statements": 52, "percent_covered": 46.15384615384615, "percent_covered_display": "46", "missing_lines": 28, "excluded_lines": 0, "percent_statements_covered": 46.15384615384615, "percent_statements_covered_display": "46"}, "missing_lines": [86, 87, 96, 97, 98, 99, 107, 108, 109, 111, 112, 113, 115, 116, 117, 119, 120, 121, 122, 123, 125, 126, 127, 129, 130, 132, 143, 147], "excluded_lines": [], "start_line": 21}, "": {"executed_lines": [3, 5, 6, 8, 9, 10, 11, 12, 13, 15, 16, 17, 18, 21, 24, 28, 43, 44, 48, 82, 94, 101, 105], "summary": {"covered_lines": 23, "num_statements": 23, "percent_covered": 100.0, "percent_covered_display": "100", "missing_lines": 0, "excluded_lines": 0, "percent_statements_covered": 100.0, "percent_statements_covered_display": "100"}, "missing_lines": [], "excluded_lines": [], "start_line": 1}}}, "src/hledger_tui/screens/delete_confirm.py": {"executed_lines": [3, 5, 6, 7, 8, 10, 13, 16, 20, 26, 27, 29, 31, 32, 33, 34, 38, 39, 40, 44, 45, 46, 48, 50, 51, 53, 55, 57], "summary": {"covered_lines": 28, "num_statements": 28, "percent_covered": 100.0, "percent_covered_display": "100", "missing_lines": 0, "excluded_lines": 0, "percent_statements_covered": 100.0, "percent_statements_covered_display": "100"}, "missing_lines": [], "excluded_lines": [], "functions": {"DeleteConfirmModal.__init__": {"executed_lines": [26, 27], "summary": {"covered_lines": 2, "num_statements": 2, "percent_covered": 100.0, "percent_covered_display": "100", "missing_lines": 0, "excluded_lines": 0, "percent_statements_covered": 100.0, "percent_statements_covered_display": "100"}, "missing_lines": [], "excluded_lines": [], "start_line": 20}, "DeleteConfirmModal.compose": {"executed_lines": [31, 32, 33, 34, 38, 39, 40, 44, 45, 46], "summary": {"covered_lines": 10, "num_statements": 10, "percent_covered": 100.0, "percent_covered_display": "100", "missing_lines": 0, "excluded_lines": 0, "percent_statements_covered": 100.0, "percent_statements_covered_display": "100"}, "missing_lines": [], "excluded_lines": [], "start_line": 29}, "DeleteConfirmModal.on_button_pressed": {"executed_lines": [50, 51, 53], "summary": {"covered_lines": 3, "num_statements": 3, "percent_covered": 100.0, "percent_covered_display": "100", "missing_lines": 0, "excluded_lines": 0, "percent_statements_covered": 100.0, "percent_statements_covered_display": "100"}, "missing_lines": [], "excluded_lines": [], "start_line": 48}, "DeleteConfirmModal.action_cancel": {"executed_lines": [57], "summary": {"covered_lines": 1, "num_statements": 1, "percent_covered": 100.0, "percent_covered_display": "100", "missing_lines": 0, "excluded_lines": 0, "percent_statements_covered": 100.0, "percent_statements_covered_display": "100"}, "missing_lines": [], "excluded_lines": [], "start_line": 55}, "": {"executed_lines": [3, 5, 6, 7, 8, 10, 13, 16, 20, 29, 48, 55], "summary": {"covered_lines": 12, "num_statements": 12, "percent_covered": 100.0, "percent_covered_display": "100", "missing_lines": 0, "excluded_lines": 0, "percent_statements_covered": 100.0, "percent_statements_covered_display": "100"}, "missing_lines": [], "excluded_lines": [], "start_line": 1}}, "classes": {"DeleteConfirmModal": {"executed_lines": [26, 27, 31, 32, 33, 34, 38, 39, 40, 44, 45, 46, 50, 51, 53, 57], "summary": {"covered_lines": 16, "num_statements": 16, "percent_covered": 100.0, "percent_covered_display": "100", "missing_lines": 0, "excluded_lines": 0, "percent_statements_covered": 100.0, "percent_statements_covered_display": "100"}, "missing_lines": [], "excluded_lines": [], "start_line": 13}, "": {"executed_lines": [3, 5, 6, 7, 8, 10, 13, 16, 20, 29, 48, 55], "summary": {"covered_lines": 12, "num_statements": 12, "percent_covered": 100.0, "percent_covered_display": "100", "missing_lines": 0, "excluded_lines": 0, "percent_statements_covered": 100.0, "percent_statements_covered_display": "100"}, "missing_lines": [], "excluded_lines": [], "start_line": 1}}}, "src/hledger_tui/screens/transaction_form.py": {"executed_lines": [3, 5, 6, 7, 8, 10, 11, 12, 13, 14, 15, 17, 18, 25, 26, 27, 29, 31, 38, 41, 45, 56, 57, 58, 59, 60, 62, 63, 65, 67, 69, 71, 72, 74, 76, 77, 78, 84, 85, 86, 93, 94, 95, 98, 105, 106, 107, 114, 115, 116, 123, 124, 126, 127, 128, 130, 131, 132, 134, 136, 137, 141, 142, 145, 146, 150, 151, 152, 153, 154, 155, 156, 157, 158, 159, 166, 167, 169, 177, 178, 179, 180, 188, 189, 191, 193, 194, 195, 196, 197, 199, 201, 203, 204, 205, 206, 207, 213, 215, 217, 226, 227, 228, 229, 230, 231, 232, 233, 235, 236, 248, 249, 251, 252, 254, 255, 256, 258, 259, 260, 261, 262, 264, 266, 267, 268, 269, 270, 273, 274, 275, 277, 278, 283, 286, 287, 289, 290, 291, 292, 293, 295, 296, 297, 298, 299, 300, 305, 307, 308, 318, 320, 322, 323, 328, 330, 332, 342], "summary": {"covered_lines": 158, "num_statements": 166, "percent_covered": 95.18072289156626, "percent_covered_display": "95", "missing_lines": 8, "excluded_lines": 0, "percent_statements_covered": 95.18072289156626, "percent_statements_covered_display": "95"}, "missing_lines": [138, 139, 143, 144, 208, 209, 210, 211], "excluded_lines": [], "functions": {"TransactionFormScreen.__init__": {"executed_lines": [56, 57, 58, 59, 60], "summary": {"covered_lines": 5, "num_statements": 5, "percent_covered": 100.0, "percent_covered_display": "100", "missing_lines": 0, "excluded_lines": 0, "percent_statements_covered": 100.0, "percent_statements_covered_display": "100"}, "missing_lines": [], "excluded_lines": [], "start_line": 45}, "TransactionFormScreen.is_edit": {"executed_lines": [65], "summary": {"covered_lines": 1, "num_statements": 1, "percent_covered": 100.0, "percent_covered_display": "100", "missing_lines": 0, "excluded_lines": 0, "percent_statements_covered": 100.0, "percent_statements_covered_display": "100"}, "missing_lines": [], "excluded_lines": [], "start_line": 63}, "TransactionFormScreen.compose": {"executed_lines": [69, 71, 72, 74, 76, 77, 78, 84, 85, 86, 93, 94, 95, 98, 105, 106, 107, 114, 115, 116, 123, 124, 126, 127, 128, 130, 131, 132], "summary": {"covered_lines": 28, "num_statements": 28, "percent_covered": 100.0, "percent_covered_display": "100", "missing_lines": 0, "excluded_lines": 0, "percent_statements_covered": 100.0, "percent_statements_covered_display": "100"}, "missing_lines": [], "excluded_lines": [], "start_line": 67}, "TransactionFormScreen.on_mount": {"executed_lines": [136, 137, 141, 142, 145, 146, 150, 151, 152, 153, 154, 155, 156, 157, 158, 159, 166, 167], "summary": {"covered_lines": 18, "num_statements": 22, "percent_covered": 81.81818181818181, "percent_covered_display": "82", "missing_lines": 4, "excluded_lines": 0, "percent_statements_covered": 81.81818181818181, "percent_statements_covered_display": "82"}, "missing_lines": [138, 139, 143, 144], "excluded_lines": [], "start_line": 134}, "TransactionFormScreen._add_posting_row": {"executed_lines": [177, 178, 179, 180, 188, 189], "summary": {"covered_lines": 6, "num_statements": 6, "percent_covered": 100.0, "percent_covered_display": "100", "missing_lines": 0, "excluded_lines": 0, "percent_statements_covered": 100.0, "percent_statements_covered_display": "100"}, "missing_lines": [], "excluded_lines": [], "start_line": 169}, "TransactionFormScreen._remove_last_posting_row": {"executed_lines": [193, 194, 195, 196, 197, 199], "summary": {"covered_lines": 6, "num_statements": 6, "percent_covered": 100.0, "percent_covered_display": "100", "missing_lines": 0, "excluded_lines": 0, "percent_statements_covered": 100.0, "percent_statements_covered_display": "100"}, "missing_lines": [], "excluded_lines": [], "start_line": 191}, "TransactionFormScreen.on_button_pressed": {"executed_lines": [203, 204, 205, 206, 207], "summary": {"covered_lines": 5, "num_statements": 9, "percent_covered": 55.55555555555556, "percent_covered_display": "56", "missing_lines": 4, "excluded_lines": 0, "percent_statements_covered": 55.55555555555556, "percent_statements_covered_display": "56"}, "missing_lines": [208, 209, 210, 211], "excluded_lines": [], "start_line": 201}, "TransactionFormScreen.action_cancel": {"executed_lines": [215], "summary": {"covered_lines": 1, "num_statements": 1, "percent_covered": 100.0, "percent_covered_display": "100", "missing_lines": 0, "excluded_lines": 0, "percent_statements_covered": 100.0, "percent_statements_covered_display": "100"}, "missing_lines": [], "excluded_lines": [], "start_line": 213}, "TransactionFormScreen._validate_date": {"executed_lines": [226, 227, 228, 229, 230, 231, 232, 233], "summary": {"covered_lines": 8, "num_statements": 8, "percent_covered": 100.0, "percent_covered_display": "100", "missing_lines": 0, "excluded_lines": 0, "percent_statements_covered": 100.0, "percent_statements_covered_display": "100"}, "missing_lines": [], "excluded_lines": [], "start_line": 217}, "TransactionFormScreen._omit_balancing_amount": {"executed_lines": [248, 249, 251, 252, 254, 255, 256, 258, 259, 260, 261, 262], "summary": {"covered_lines": 12, "num_statements": 12, "percent_covered": 100.0, "percent_covered_display": "100", "missing_lines": 0, "excluded_lines": 0, "percent_statements_covered": 100.0, "percent_statements_covered_display": "100"}, "missing_lines": [], "excluded_lines": [], "start_line": 236}, "TransactionFormScreen._save": {"executed_lines": [266, 267, 268, 269, 270, 273, 274, 275, 277, 278, 283, 286, 287, 289, 290, 291, 292, 293, 295, 296, 297, 298, 299, 300, 305, 307, 308, 318, 320, 322, 323, 328, 330, 332, 342], "summary": {"covered_lines": 35, "num_statements": 35, "percent_covered": 100.0, "percent_covered_display": "100", "missing_lines": 0, "excluded_lines": 0, "percent_statements_covered": 100.0, "percent_statements_covered_display": "100"}, "missing_lines": [], "excluded_lines": [], "start_line": 264}, "": {"executed_lines": [3, 5, 6, 7, 8, 10, 11, 12, 13, 14, 15, 17, 18, 25, 26, 27, 29, 31, 38, 41, 45, 62, 63, 67, 134, 169, 191, 201, 213, 217, 235, 236, 264], "summary": {"covered_lines": 33, "num_statements": 33, "percent_covered": 100.0, "percent_covered_display": "100", "missing_lines": 0, "excluded_lines": 0, "percent_statements_covered": 100.0, "percent_statements_covered_display": "100"}, "missing_lines": [], "excluded_lines": [], "start_line": 1}}, "classes": {"TransactionFormScreen": {"executed_lines": [56, 57, 58, 59, 60, 65, 69, 71, 72, 74, 76, 77, 78, 84, 85, 86, 93, 94, 95, 98, 105, 106, 107, 114, 115, 116, 123, 124, 126, 127, 128, 130, 131, 132, 136, 137, 141, 142, 145, 146, 150, 151, 152, 153, 154, 155, 156, 157, 158, 159, 166, 167, 177, 178, 179, 180, 188, 189, 193, 194, 195, 196, 197, 199, 203, 204, 205, 206, 207, 215, 226, 227, 228, 229, 230, 231, 232, 233, 248, 249, 251, 252, 254, 255, 256, 258, 259, 260, 261, 262, 266, 267, 268, 269, 270, 273, 274, 275, 277, 278, 283, 286, 287, 289, 290, 291, 292, 293, 295, 296, 297, 298, 299, 300, 305, 307, 308, 318, 320, 322, 323, 328, 330, 332, 342], "summary": {"covered_lines": 125, "num_statements": 133, "percent_covered": 93.98496240601504, "percent_covered_display": "94", "missing_lines": 8, "excluded_lines": 0, "percent_statements_covered": 93.98496240601504, "percent_statements_covered_display": "94"}, "missing_lines": [138, 139, 143, 144, 208, 209, 210, 211], "excluded_lines": [], "start_line": 38}, "": {"executed_lines": [3, 5, 6, 7, 8, 10, 11, 12, 13, 14, 15, 17, 18, 25, 26, 27, 29, 31, 38, 41, 45, 62, 63, 67, 134, 169, 191, 201, 213, 217, 235, 236, 264], "summary": {"covered_lines": 33, "num_statements": 33, "percent_covered": 100.0, "percent_covered_display": "100", "missing_lines": 0, "excluded_lines": 0, "percent_statements_covered": 100.0, "percent_statements_covered_display": "100"}, "missing_lines": [], "excluded_lines": [], "start_line": 1}}}, "src/hledger_tui/widgets/__init__.py": {"executed_lines": [], "summary": {"covered_lines": 0, "num_statements": 0, "percent_covered": 100.0, "percent_covered_display": "100", "missing_lines": 0, "excluded_lines": 0, "percent_statements_covered": 100.0, "percent_statements_covered_display": "100"}, "missing_lines": [], "excluded_lines": [], "functions": {"": {"executed_lines": [], "summary": {"covered_lines": 0, "num_statements": 0, "percent_covered": 100.0, "percent_covered_display": "100", "missing_lines": 0, "excluded_lines": 0, "percent_statements_covered": 100.0, "percent_statements_covered_display": "100"}, "missing_lines": [], "excluded_lines": [], "start_line": 1}}, "classes": {"": {"executed_lines": [], "summary": {"covered_lines": 0, "num_statements": 0, "percent_covered": 100.0, "percent_covered_display": "100", "missing_lines": 0, "excluded_lines": 0, "percent_statements_covered": 100.0, "percent_statements_covered_display": "100"}, "missing_lines": [], "excluded_lines": [], "start_line": 1}}}, "src/hledger_tui/widgets/accounts_pane.py": {"executed_lines": [3, 5, 7, 8, 9, 10, 11, 12, 14, 17, 20, 29, 35, 36, 37, 38, 40, 42, 43, 48, 50, 52, 53, 54, 55, 56, 58, 60, 62, 64, 65, 69, 71, 73, 74, 75, 76, 78, 80, 81, 82, 83, 91, 93, 94, 97, 98, 99, 102, 106, 108, 112, 114, 115, 117, 119, 120, 121, 122, 123, 125, 127, 128, 129, 130, 131, 132, 133, 134, 135, 137, 141, 147, 148, 150, 151], "summary": {"covered_lines": 76, "num_statements": 83, "percent_covered": 91.56626506024097, "percent_covered_display": "92", "missing_lines": 7, "excluded_lines": 0, "percent_statements_covered": 91.56626506024097, "percent_statements_covered_display": "92"}, "missing_lines": [66, 67, 68, 95, 100, 139, 143], "excluded_lines": [], "functions": {"AccountsPane.__init__": {"executed_lines": [35, 36, 37, 38], "summary": {"covered_lines": 4, "num_statements": 4, "percent_covered": 100.0, "percent_covered_display": "100", "missing_lines": 0, "excluded_lines": 0, "percent_statements_covered": 100.0, "percent_statements_covered_display": "100"}, "missing_lines": [], "excluded_lines": [], "start_line": 29}, "AccountsPane.compose": {"executed_lines": [42, 43, 48], "summary": {"covered_lines": 3, "num_statements": 3, "percent_covered": 100.0, "percent_covered_display": "100", "missing_lines": 0, "excluded_lines": 0, "percent_statements_covered": 100.0, "percent_statements_covered_display": "100"}, "missing_lines": [], "excluded_lines": [], "start_line": 40}, "AccountsPane.on_mount": {"executed_lines": [52, 53, 54, 55, 56], "summary": {"covered_lines": 5, "num_statements": 5, "percent_covered": 100.0, "percent_covered_display": "100", "missing_lines": 0, "excluded_lines": 0, "percent_statements_covered": 100.0, "percent_statements_covered_display": "100"}, "missing_lines": [], "excluded_lines": [], "start_line": 50}, "AccountsPane.on_show": {"executed_lines": [60], "summary": {"covered_lines": 1, "num_statements": 1, "percent_covered": 100.0, "percent_covered_display": "100", "missing_lines": 0, "excluded_lines": 0, "percent_statements_covered": 100.0, "percent_statements_covered_display": "100"}, "missing_lines": [], "excluded_lines": [], "start_line": 58}, "AccountsPane._load_balances": {"executed_lines": [64, 65, 69], "summary": {"covered_lines": 3, "num_statements": 6, "percent_covered": 50.0, "percent_covered_display": "50", "missing_lines": 3, "excluded_lines": 0, "percent_statements_covered": 50.0, "percent_statements_covered_display": "50"}, "missing_lines": [66, 67, 68], "excluded_lines": [], "start_line": 62}, "AccountsPane._update_table": {"executed_lines": [73, 74, 75, 76], "summary": {"covered_lines": 4, "num_statements": 4, "percent_covered": 100.0, "percent_covered_display": "100", "missing_lines": 0, "excluded_lines": 0, "percent_statements_covered": 100.0, "percent_statements_covered_display": "100"}, "missing_lines": [], "excluded_lines": [], "start_line": 71}, "AccountsPane._filtered_balances": {"executed_lines": [80, 81, 82, 83], "summary": {"covered_lines": 4, "num_statements": 4, "percent_covered": 100.0, "percent_covered_display": "100", "missing_lines": 0, "excluded_lines": 0, "percent_statements_covered": 100.0, "percent_statements_covered_display": "100"}, "missing_lines": [], "excluded_lines": [], "start_line": 78}, "AccountsPane.action_view_account": {"executed_lines": [93, 94, 97, 98, 99, 102, 106, 108], "summary": {"covered_lines": 8, "num_statements": 10, "percent_covered": 80.0, "percent_covered_display": "80", "missing_lines": 2, "excluded_lines": 0, "percent_statements_covered": 80.0, "percent_statements_covered_display": "80"}, "missing_lines": [95, 100], "excluded_lines": [], "start_line": 91}, "AccountsPane.action_refresh": {"executed_lines": [114, 115], "summary": {"covered_lines": 2, "num_statements": 2, "percent_covered": 100.0, "percent_covered_display": "100", "missing_lines": 0, "excluded_lines": 0, "percent_statements_covered": 100.0, "percent_statements_covered_display": "100"}, "missing_lines": [], "excluded_lines": [], "start_line": 112}, "AccountsPane.action_filter": {"executed_lines": [119, 120, 121, 122, 123], "summary": {"covered_lines": 5, "num_statements": 5, "percent_covered": 100.0, "percent_covered_display": "100", "missing_lines": 0, "excluded_lines": 0, "percent_statements_covered": 100.0, "percent_statements_covered_display": "100"}, "missing_lines": [], "excluded_lines": [], "start_line": 117}, "AccountsPane.action_dismiss_filter": {"executed_lines": [127, 128, 129, 130, 131, 132, 133, 134, 135], "summary": {"covered_lines": 9, "num_statements": 9, "percent_covered": 100.0, "percent_covered_display": "100", "missing_lines": 0, "excluded_lines": 0, "percent_statements_covered": 100.0, "percent_statements_covered_display": "100"}, "missing_lines": [], "excluded_lines": [], "start_line": 125}, "AccountsPane.action_cursor_down": {"executed_lines": [], "summary": {"covered_lines": 0, "num_statements": 1, "percent_covered": 0.0, "percent_covered_display": "0", "missing_lines": 1, "excluded_lines": 0, "percent_statements_covered": 0.0, "percent_statements_covered_display": "0"}, "missing_lines": [139], "excluded_lines": [], "start_line": 137}, "AccountsPane.action_cursor_up": {"executed_lines": [], "summary": {"covered_lines": 0, "num_statements": 1, "percent_covered": 0.0, "percent_covered_display": "0", "missing_lines": 1, "excluded_lines": 0, "percent_statements_covered": 0.0, "percent_statements_covered_display": "0"}, "missing_lines": [143], "excluded_lines": [], "start_line": 141}, "AccountsPane.on_filter_changed": {"executed_lines": [150, 151], "summary": {"covered_lines": 2, "num_statements": 2, "percent_covered": 100.0, "percent_covered_display": "100", "missing_lines": 0, "excluded_lines": 0, "percent_statements_covered": 100.0, "percent_statements_covered_display": "100"}, "missing_lines": [], "excluded_lines": [], "start_line": 148}, "": {"executed_lines": [3, 5, 7, 8, 9, 10, 11, 12, 14, 17, 20, 29, 40, 50, 58, 62, 71, 78, 91, 112, 117, 125, 137, 141, 147, 148], "summary": {"covered_lines": 26, "num_statements": 26, "percent_covered": 100.0, "percent_covered_display": "100", "missing_lines": 0, "excluded_lines": 0, "percent_statements_covered": 100.0, "percent_statements_covered_display": "100"}, "missing_lines": [], "excluded_lines": [], "start_line": 1}}, "classes": {"AccountsPane": {"executed_lines": [35, 36, 37, 38, 42, 43, 48, 52, 53, 54, 55, 56, 60, 64, 65, 69, 73, 74, 75, 76, 80, 81, 82, 83, 93, 94, 97, 98, 99, 102, 106, 108, 114, 115, 119, 120, 121, 122, 123, 127, 128, 129, 130, 131, 132, 133, 134, 135, 150, 151], "summary": {"covered_lines": 50, "num_statements": 57, "percent_covered": 87.71929824561404, "percent_covered_display": "88", "missing_lines": 7, "excluded_lines": 0, "percent_statements_covered": 87.71929824561404, "percent_statements_covered_display": "88"}, "missing_lines": [66, 67, 68, 95, 100, 139, 143], "excluded_lines": [], "start_line": 17}, "": {"executed_lines": [3, 5, 7, 8, 9, 10, 11, 12, 14, 17, 20, 29, 40, 50, 58, 62, 71, 78, 91, 112, 117, 125, 137, 141, 147, 148], "summary": {"covered_lines": 26, "num_statements": 26, "percent_covered": 100.0, "percent_covered_display": "100", "missing_lines": 0, "excluded_lines": 0, "percent_statements_covered": 100.0, "percent_statements_covered_display": "100"}, "missing_lines": [], "excluded_lines": [], "start_line": 1}}}, "src/hledger_tui/widgets/amount_input.py": {"executed_lines": [3, 5, 7, 8, 11, 20, 38, 40, 42, 43, 45, 46, 56, 57, 58, 59, 60, 61, 62, 63, 65, 67, 70, 76, 79, 81, 82, 83, 84, 85, 88, 89, 90, 91, 92, 95, 96, 99, 100, 102, 104, 105, 106], "summary": {"covered_lines": 43, "num_statements": 45, "percent_covered": 95.55555555555556, "percent_covered_display": "96", "missing_lines": 2, "excluded_lines": 0, "percent_statements_covered": 95.55555555555556, "percent_statements_covered_display": "96"}, "missing_lines": [71, 72], "excluded_lines": [], "functions": {"AmountInput.__init__": {"executed_lines": [42, 43], "summary": {"covered_lines": 2, "num_statements": 2, "percent_covered": 100.0, "percent_covered_display": "100", "missing_lines": 0, "excluded_lines": 0, "percent_statements_covered": 100.0, "percent_statements_covered_display": "100"}, "missing_lines": [], "excluded_lines": [], "start_line": 40}, "AmountInput._format_amount": {"executed_lines": [56, 57, 58, 59, 60, 61, 62, 63], "summary": {"covered_lines": 8, "num_statements": 8, "percent_covered": 100.0, "percent_covered_display": "100", "missing_lines": 0, "excluded_lines": 0, "percent_statements_covered": 100.0, "percent_statements_covered_display": "100"}, "missing_lines": [], "excluded_lines": [], "start_line": 46}, "AmountInput._on_key": {"executed_lines": [67, 70, 76, 79, 81, 82, 83, 84, 85, 88, 89, 90, 91, 92, 95, 96, 99, 100], "summary": {"covered_lines": 18, "num_statements": 20, "percent_covered": 90.0, "percent_covered_display": "90", "missing_lines": 2, "excluded_lines": 0, "percent_statements_covered": 90.0, "percent_statements_covered_display": "90"}, "missing_lines": [71, 72], "excluded_lines": [], "start_line": 65}, "AmountInput._on_blur": {"executed_lines": [104, 105, 106], "summary": {"covered_lines": 3, "num_statements": 3, "percent_covered": 100.0, "percent_covered_display": "100", "missing_lines": 0, "excluded_lines": 0, "percent_statements_covered": 100.0, "percent_statements_covered_display": "100"}, "missing_lines": [], "excluded_lines": [], "start_line": 102}, "": {"executed_lines": [3, 5, 7, 8, 11, 20, 38, 40, 45, 46, 65, 102], "summary": {"covered_lines": 12, "num_statements": 12, "percent_covered": 100.0, "percent_covered_display": "100", "missing_lines": 0, "excluded_lines": 0, "percent_statements_covered": 100.0, "percent_statements_covered_display": "100"}, "missing_lines": [], "excluded_lines": [], "start_line": 1}}, "classes": {"AmountInput": {"executed_lines": [42, 43, 56, 57, 58, 59, 60, 61, 62, 63, 67, 70, 76, 79, 81, 82, 83, 84, 85, 88, 89, 90, 91, 92, 95, 96, 99, 100, 104, 105, 106], "summary": {"covered_lines": 31, "num_statements": 33, "percent_covered": 93.93939393939394, "percent_covered_display": "94", "missing_lines": 2, "excluded_lines": 0, "percent_statements_covered": 93.93939393939394, "percent_statements_covered_display": "94"}, "missing_lines": [71, 72], "excluded_lines": [], "start_line": 11}, "": {"executed_lines": [3, 5, 7, 8, 11, 20, 38, 40, 45, 46, 65, 102], "summary": {"covered_lines": 12, "num_statements": 12, "percent_covered": 100.0, "percent_covered_display": "100", "missing_lines": 0, "excluded_lines": 0, "percent_statements_covered": 100.0, "percent_statements_covered_display": "100"}, "missing_lines": [], "excluded_lines": [], "start_line": 1}}}, "src/hledger_tui/widgets/autocomplete_input.py": {"executed_lines": [3, 5, 8, 15, 17, 18, 19, 20, 21, 22, 23], "summary": {"covered_lines": 11, "num_statements": 11, "percent_covered": 100.0, "percent_covered_display": "100", "missing_lines": 0, "excluded_lines": 0, "percent_statements_covered": 100.0, "percent_statements_covered_display": "100"}, "missing_lines": [], "excluded_lines": [], "functions": {"AutocompleteInput._on_key": {"executed_lines": [17, 18, 19, 20, 21, 22, 23], "summary": {"covered_lines": 7, "num_statements": 7, "percent_covered": 100.0, "percent_covered_display": "100", "missing_lines": 0, "excluded_lines": 0, "percent_statements_covered": 100.0, "percent_statements_covered_display": "100"}, "missing_lines": [], "excluded_lines": [], "start_line": 15}, "": {"executed_lines": [3, 5, 8, 15], "summary": {"covered_lines": 4, "num_statements": 4, "percent_covered": 100.0, "percent_covered_display": "100", "missing_lines": 0, "excluded_lines": 0, "percent_statements_covered": 100.0, "percent_statements_covered_display": "100"}, "missing_lines": [], "excluded_lines": [], "start_line": 1}}, "classes": {"AutocompleteInput": {"executed_lines": [17, 18, 19, 20, 21, 22, 23], "summary": {"covered_lines": 7, "num_statements": 7, "percent_covered": 100.0, "percent_covered_display": "100", "missing_lines": 0, "excluded_lines": 0, "percent_statements_covered": 100.0, "percent_statements_covered_display": "100"}, "missing_lines": [], "excluded_lines": [], "start_line": 8}, "": {"executed_lines": [3, 5, 8, 15], "summary": {"covered_lines": 4, "num_statements": 4, "percent_covered": 100.0, "percent_covered_display": "100", "missing_lines": 0, "excluded_lines": 0, "percent_statements_covered": 100.0, "percent_statements_covered_display": "100"}, "missing_lines": [], "excluded_lines": [], "start_line": 1}}}, "src/hledger_tui/widgets/budget_pane.py": {"executed_lines": [3, 5, 6, 8, 9, 10, 11, 12, 13, 15, 23, 24, 27, 30, 44, 50, 51, 52, 53, 54, 55, 56, 58, 60, 61, 62, 63, 65, 66, 72, 74, 76, 77, 78, 79, 80, 82, 84, 86, 88, 90, 92, 94, 95, 97, 98, 99, 106, 107, 113, 115, 117, 118, 120, 122, 123, 127, 130, 134, 135, 138, 139, 140, 142, 143, 144, 147, 148, 151, 154, 158, 159, 161, 170, 172, 173, 176, 177, 178, 181, 182, 183, 188, 190, 192, 193, 196, 201, 220, 222, 223, 226, 228, 229, 230, 232, 237, 242, 244, 245, 246, 247, 248, 250, 252, 253, 254, 255, 256, 257, 258, 259, 260, 262, 272, 282, 286, 292, 293, 300, 301, 314, 315, 330, 331, 333, 335, 336, 337, 338, 344, 346], "summary": {"covered_lines": 132, "num_statements": 195, "percent_covered": 67.6923076923077, "percent_covered_display": "68", "missing_lines": 63, "excluded_lines": 0, "percent_statements_covered": 67.6923076923077, "percent_statements_covered_display": "68"}, "missing_lines": [100, 101, 104, 110, 111, 136, 152, 153, 155, 156, 174, 179, 184, 194, 203, 204, 205, 207, 209, 211, 212, 213, 215, 224, 239, 240, 264, 265, 266, 267, 268, 269, 270, 274, 275, 276, 277, 278, 279, 280, 284, 288, 295, 296, 303, 304, 305, 306, 307, 308, 309, 310, 317, 318, 319, 320, 323, 324, 325, 326, 334, 339, 340], "excluded_lines": [], "functions": {"BudgetPane.__init__": {"executed_lines": [50, 51, 52, 53, 54, 55, 56], "summary": {"covered_lines": 7, "num_statements": 7, "percent_covered": 100.0, "percent_covered_display": "100", "missing_lines": 0, "excluded_lines": 0, "percent_statements_covered": 100.0, "percent_statements_covered_display": "100"}, "missing_lines": [], "excluded_lines": [], "start_line": 44}, "BudgetPane.compose": {"executed_lines": [60, 61, 62, 63, 65, 66, 72], "summary": {"covered_lines": 7, "num_statements": 7, "percent_covered": 100.0, "percent_covered_display": "100", "missing_lines": 0, "excluded_lines": 0, "percent_statements_covered": 100.0, "percent_statements_covered_display": "100"}, "missing_lines": [], "excluded_lines": [], "start_line": 58}, "BudgetPane.on_mount": {"executed_lines": [76, 77, 78, 79, 80], "summary": {"covered_lines": 5, "num_statements": 5, "percent_covered": 100.0, "percent_covered_display": "100", "missing_lines": 0, "excluded_lines": 0, "percent_statements_covered": 100.0, "percent_statements_covered_display": "100"}, "missing_lines": [], "excluded_lines": [], "start_line": 74}, "BudgetPane.on_show": {"executed_lines": [84], "summary": {"covered_lines": 1, "num_statements": 1, "percent_covered": 100.0, "percent_covered_display": "100", "missing_lines": 0, "excluded_lines": 0, "percent_statements_covered": 100.0, "percent_statements_covered_display": "100"}, "missing_lines": [], "excluded_lines": [], "start_line": 82}, "BudgetPane._perio
[...]
d_lines": 1, "num_statements": 1, "percent_covered": 100.0, "percent_covered_display": "100", "missing_lines": 0, "excluded_lines": 0, "percent_statements_covered": 100.0, "percent_statements_covered_display": "100"}, "missing_lines": [], "excluded_lines": [], "start_line": 43}, "TransactionsPane.on_show": {"executed_lines": [49], "summary": {"covered_lines": 1, "num_statements": 1, "percent_covered": 100.0, "percent_covered_display": "100", "missing_lines": 0, "excluded_lines": 0, "percent_statements_covered": 100.0, "percent_statements_covered_display": "100"}, "missing_lines": [], "excluded_lines": [], "start_line": 47}, "TransactionsPane._table": {"executed_lines": [53], "summary": {"covered_lines": 1, "num_statements": 1, "percent_covered": 100.0, "percent_covered_display": "100", "missing_lines": 0, "excluded_lines": 0, "percent_statements_covered": 100.0, "percent_statements_covered_display": "100"}, "missing_lines": [], "excluded_lines": [], "start_line": 52}, "TransactionsPane.action_refresh": {"executed_lines": [61], "summary": {"covered_lines": 1, "num_statements": 1, "percent_covered": 100.0, "percent_covered_display": "100", "missing_lines": 0, "excluded_lines": 0, "percent_statements_covered": 100.0, "percent_statements_covered_display": "100"}, "missing_lines": [], "excluded_lines": [], "start_line": 59}, "TransactionsPane.action_filter": {"executed_lines": [65], "summary": {"covered_lines": 1, "num_statements": 1, "percent_covered": 100.0, "percent_covered_display": "100", "missing_lines": 0, "excluded_lines": 0, "percent_statements_covered": 100.0, "percent_statements_covered_display": "100"}, "missing_lines": [], "excluded_lines": [], "start_line": 63}, "TransactionsPane.action_dismiss_filter": {"executed_lines": [69], "summary": {"covered_lines": 1, "num_statements": 1, "percent_covered": 100.0, "percent_covered_display": "100", "missing_lines": 0, "excluded_lines": 0, "percent_statements_covered": 100.0, "percent_statements_covered_display": "100"}, "missing_lines": [], "excluded_lines": [], "start_line": 67}, "TransactionsPane.action_add": {"executed_lines": [73, 75, 79], "summary": {"covered_lines": 3, "num_statements": 3, "percent_covered": 100.0, "percent_covered_display": "100", "missing_lines": 0, "excluded_lines": 0, "percent_statements_covered": 100.0, "percent_statements_covered_display": "100"}, "missing_lines": [], "excluded_lines": [], "start_line": 71}, "TransactionsPane.action_add.on_save": {"executed_lines": [76, 77], "summary": {"covered_lines": 2, "num_statements": 2, "percent_covered": 100.0, "percent_covered_display": "100", "missing_lines": 0, "excluded_lines": 0, "percent_statements_covered": 100.0, "percent_statements_covered_display": "100"}, "missing_lines": [], "excluded_lines": [], "start_line": 75}, "TransactionsPane.action_edit": {"executed_lines": [86], "summary": {"covered_lines": 1, "num_statements": 1, "percent_covered": 100.0, "percent_covered_display": "100", "missing_lines": 0, "excluded_lines": 0, "percent_statements_covered": 100.0, "percent_statements_covered_display": "100"}, "missing_lines": [], "excluded_lines": [], "start_line": 84}, "TransactionsPane.action_delete": {"executed_lines": [90], "summary": {"covered_lines": 1, "num_statements": 1, "percent_covered": 100.0, "percent_covered_display": "100", "missing_lines": 0, "excluded_lines": 0, "percent_statements_covered": 100.0, "percent_statements_covered_display": "100"}, "missing_lines": [], "excluded_lines": [], "start_line": 88}, "TransactionsPane._do_append": {"executed_lines": [99, 101, 102, 103, 104], "summary": {"covered_lines": 5, "num_statements": 7, "percent_covered": 71.42857142857143, "percent_covered_display": "71", "missing_lines": 2, "excluded_lines": 0, "percent_statements_covered": 71.42857142857143, "percent_statements_covered_display": "71"}, "missing_lines": [105, 106], "excluded_lines": [], "start_line": 97}, "": {"executed_lines": [3, 5, 7, 8, 9, 10, 12, 13, 16, 24, 34, 43, 47, 51, 52, 59, 63, 67, 71, 84, 88, 96, 97], "summary": {"covered_lines": 23, "num_statements": 23, "percent_covered": 100.0, "percent_covered_display": "100", "missing_lines": 0, "excluded_lines": 0, "percent_statements_covered": 100.0, "percent_statements_covered_display": "100"}, "missing_lines": [], "excluded_lines": [], "start_line": 1}}, "classes": {"TransactionsPane": {"executed_lines": [40, 41, 45, 49, 53, 61, 65, 69, 73, 75, 76, 77, 79, 86, 90, 99, 101, 102, 103, 104], "summary": {"covered_lines": 20, "num_statements": 22, "percent_covered": 90.9090909090909, "percent_covered_display": "91", "missing_lines": 2, "excluded_lines": 0, "percent_statements_covered": 90.9090909090909, "percent_statements_covered_display": "91"}, "missing_lines": [105, 106], "excluded_lines": [], "start_line": 16}, "": {"executed_lines": [3, 5, 7, 8, 9, 10, 12, 13, 16, 24, 34, 43, 47, 51, 52, 59, 63, 67, 71, 84, 88, 96, 97], "summary": {"covered_lines": 23, "num_statements": 23, "percent_covered": 100.0, "percent_covered_display": "100", "missing_lines": 0, "excluded_lines": 0, "percent_statements_covered": 100.0, "percent_statements_covered_display": "100"}, "missing_lines": [], "excluded_lines": [], "start_line": 1}}}, "src/hledger_tui/widgets/transactions_table.py": {"executed_lines": [3, 5, 6, 8, 9, 10, 11, 12, 14, 15, 16, 18, 30, 40, 41, 42, 43, 44, 45, 48, 65, 72, 73, 74, 77, 78, 79, 80, 81, 87, 89, 90, 91, 92, 97, 98, 103, 104, 105, 106, 107, 109, 111, 112, 113, 114, 115, 116, 117, 119, 121, 123, 125, 131, 133, 135, 137, 138, 139, 140, 141, 142, 143, 145, 153, 154, 155, 156, 157, 158, 159, 160, 161, 162, 163, 164, 165, 166, 167, 168, 169, 170, 171, 173, 175, 176, 178, 179, 180, 182, 183, 184, 185, 192, 194, 195, 197, 199, 200, 204, 206, 210, 218, 220, 221, 225, 227, 228, 229, 231, 233, 234, 247, 248, 250, 252, 253, 254, 255, 265, 266, 268, 273, 274, 275, 281, 283, 285, 287, 289, 290, 292, 294, 295, 297, 298, 301, 303, 309, 310, 311, 312, 313, 321, 323, 325, 326, 327, 330, 331, 334, 335, 336, 338, 339, 340, 341, 342, 344, 345, 347, 348, 349, 350, 352, 354, 355, 357, 358, 361, 363, 365, 367, 375, 376, 378, 379, 381, 382, 387, 388], "summary": {"covered_lines": 181, "num_statements": 215, "percent_covered": 84.18604651162791, "percent_covered_display": "84", "missing_lines": 34, "excluded_lines": 0, "percent_statements_covered": 84.18604651162791, "percent_statements_covered_display": "84"}, "missing_lines": [177, 181, 186, 201, 202, 207, 208, 222, 223, 236, 238, 239, 240, 241, 242, 243, 256, 257, 276, 277, 280, 328, 332, 359, 360, 384, 385, 390, 391, 392, 393, 394, 395, 396], "excluded_lines": [], "functions": {"_period_query": {"executed_lines": [40, 41, 42, 43, 44, 45], "summary": {"covered_lines": 6, "num_statements": 6, "percent_covered": 100.0, "percent_covered_display": "100", "missing_lines": 0, "excluded_lines": 0, "percent_statements_covered": 100.0, "percent_statements_covered_display": "100"}, "missing_lines": [], "excluded_lines": [], "start_line": 30}, "TransactionsTable.__init__": {"executed_lines": [72, 73, 74, 77, 78, 79, 80, 81], "summary": {"covered_lines": 8, "num_statements": 8, "percent_covered": 100.0, "percent_covered_display": "100", "missing_lines": 0, "excluded_lines": 0, "percent_statements_covered": 100.0, "percent_statements_covered_display": "100"}, "missing_lines": [], "excluded_lines": [], "start_line": 65}, "TransactionsTable.compose": {"executed_lines": [89, 90, 91, 92, 97, 98, 103, 104, 105, 106, 107], "summary": {"covered_lines": 11, "num_statements": 11, "percent_covered": 100.0, "percent_covered_display": "100", "missing_lines": 0, "excluded_lines": 0, "percent_statements_covered": 100.0, "percent_statements_covered_display": "100"}, "missing_lines": [], "excluded_lines": [], "start_line": 87}, "TransactionsTable.on_mount": {"executed_lines": [111, 112, 113, 114, 115, 116, 117], "summary": {"covered_lines": 7, "num_statements": 7, "percent_covered": 100.0, "percent_covered_display": "100", "missing_lines": 0, "excluded_lines": 0, "percent_statements_covered": 100.0, "percent_statements_covered_display": "100"}, "missing_lines": [], "excluded_lines": [], "start_line": 109}, "TransactionsTable.on_show": {"executed_lines": [121], "summary": {"covered_lines": 1, "num_statements": 1, "percent_covered": 100.0, "percent_covered_display": "100", "missing_lines": 0, "excluded_lines": 0, "percent_statements_covered": 100.0, "percent_statements_covered_display": "100"}, "missing_lines": [], "excluded_lines": [], "start_line": 119}, "TransactionsTable.on_resize": {"executed_lines": [125], "summary": {"covered_lines": 1, "num_statements": 1, "percent_covered": 100.0, "percent_covered_display": "100", "missing_lines": 0, "excluded_lines": 0, "percent_statements_covered": 100.0, "percent_statements_covered_display": "100"}, "missing_lines": [], "excluded_lines": [], "start_line": 123}, "TransactionsTable.reload": {"executed_lines": [133], "summary": {"covered_lines": 1, "num_statements": 1, "percent_covered": 100.0, "percent_covered_display": "100", "missing_lines": 0, "excluded_lines": 0, "percent_statements_covered": 100.0, "percent_statements_covered_display": "100"}, "missing_lines": [], "excluded_lines": [], "start_line": 131}, "TransactionsTable.show_filter": {"executed_lines": [137, 138, 139, 140, 141, 142, 143], "summary": {"covered_lines": 7, "num_statements": 7, "percent_covered": 100.0, "percent_covered_display": "100", "missing_lines": 0, "excluded_lines": 0, "percent_statements_covered": 100.0, "percent_statements_covered_display": "100"}, "missing_lines": [], "excluded_lines": [], "start_line": 135}, "TransactionsTable.dismiss_filter": {"executed_lines": [153, 154, 155, 156, 157, 158, 159, 160, 161, 162, 163, 164, 165, 166, 167, 168, 169, 170, 171], "summary": {"covered_lines": 19, "num_statements": 19, "percent_covered": 100.0, "percent_covered_display": "100", "missing_lines": 0, "excluded_lines": 0, "percent_statements_covered": 100.0, "percent_statements_covered_display": "100"}, "missing_lines": [], "excluded_lines": [], "start_line": 145}, "TransactionsTable.get_selected_transaction": {"executed_lines": [175, 176, 178, 179, 180, 182, 183, 184, 185], "summary": {"covered_lines": 9, "num_statements": 12, "percent_covered": 75.0, "percent_covered_display": "75", "missing_lines": 3, "excluded_lines": 0, "percent_statements_covered": 75.0, "percent_statements_covered_display": "75"}, "missing_lines": [177, 181, 186], "excluded_lines": [], "start_line": 173}, "TransactionsTable.do_refresh": {"executed_lines": [194, 195], "summary": {"covered_lines": 2, "num_statements": 2, "percent_covered": 100.0, "percent_covered_display": "100", "missing_lines": 0, "excluded_lines": 0, "percent_statements_covered": 100.0, "percent_statements_covered_display": "100"}, "missing_lines": [], "excluded_lines": [], "start_line": 192}, "TransactionsTable.do_edit": {"executed_lines": [199, 200, 204, 206, 210], "summary": {"covered_lines": 5, "num_statements": 7, "percent_covered": 71.42857142857143, "percent_covered_display": "71", "missing_lines": 2, "excluded_lines": 0, "percent_statements_covered": 71.42857142857143, "percent_statements_covered_display": "71"}, "missing_lines": [201, 202], "excluded_lines": [], "start_line": 197}, "TransactionsTable.do_edit.on_save": {"executed_lines": [], "summary": {"covered_lines": 0, "num_statements": 2, "percent_covered": 0.0, "percent_covered_display": "0", "missing_lines": 2, "excluded_lines": 0, "percent_statements_covered": 0.0, "percent_statements_covered_display": "0"}, "missing_lines": [207, 208], "excluded_lines": [], "start_line": 206}, "TransactionsTable.do_delete": {"executed_lines": [220, 221, 225, 227, 231], "summary": {"covered_lines": 5, "num_statements": 7, "percent_covered": 71.42857142857143, "percent_covered_display": "71", "missing_lines": 2, "excluded_lines": 0, "percent_statements_covered": 71.42857142857143, "percent_statements_covered_display": "71"}, "missing_lines": [222, 223], "excluded_lines": [], "start_line": 218}, "TransactionsTable.do_delete.on_confirm": {"executed_lines": [228, 229], "summary": {"covered_lines": 2, "num_statements": 2, "percent_covered": 100.0, "percent_covered_display": "100", "missing_lines": 0, "excluded_lines": 0, "percent_statements_covered": 100.0, "percent_statements_covered_display": "100"}, "missing_lines": [], "excluded_lines": [], "start_line": 227}, "TransactionsTable._do_replace": {"executed_lines": [], "summary": {"covered_lines": 0, "num_statements": 7, "percent_covered": 0.0, "percent_covered_display": "0", "missing_lines": 7, "excluded_lines": 0, "percent_statements_covered": 0.0, "percent_statements_covered_display": "0"}, "missing_lines": [236, 238, 239, 240, 241, 242, 243], "excluded_lines": [], "start_line": 234}, "TransactionsTable._do_delete": {"executed_lines": [250, 252, 253, 254, 255], "summary": {"covered_lines": 5, "num_statements": 7, "percent_covered": 71.42857142857143, "percent_covered_display": "71", "missing_lines": 2, "excluded_lines": 0, "percent_statements_covered": 71.42857142857143, "percent_statements_covered_display": "71"}, "missing_lines": [256, 257], "excluded_lines": [], "start_line": 248}, "TransactionsTable._load_transactions": {"executed_lines": [268, 273, 274, 275, 281], "summary": {"covered_lines": 5, "num_statements": 8, "percent_covered": 62.5, "percent_covered_display": "62", "missing_lines": 3, "excluded_lines": 0, "percent_statements_covered": 62.5, "percent_statements_covered_display": "62"}, "missing_lines": [276, 277, 280], "excluded_lines": [], "start_line": 266}, "TransactionsTable._account_filter_query": {"executed_lines": [285], "summary": {"covered_lines": 1, "num_statements": 1, "percent_covered": 100.0, "percent_covered_display": "100", "missing_lines": 0, "excluded_lines": 0, "percent_statements_covered": 100.0, "percent_statements_covered_display": "100"}, "missing_lines": [], "excluded_lines": [], "start_line": 283}, "TransactionsTable._set_transactions": {"executed_lines": [289, 290], "summary": {"covered_lines": 2, "num_statements": 2, "percent_covered": 100.0, "percent_covered_display": "100", "missing_lines": 0, "excluded_lines": 0, "percent_statements_covered": 100.0, "percent_statements_covered_display": "100"}, "missing_lines": [], "excluded_lines": [], "start_line": 287}, "TransactionsTable._apply_desc_filter": {"executed_lines": [294, 295, 297, 298, 301], "summary": {"covered_lines": 5, "num_statements": 5, "percent_covered": 100.0, "percent_covered_display": "100", "missing_lines": 0, "excluded_lines": 0, "percent_statements_covered": 100.0, "percent_statements_covered_display": "100"}, "missing_lines": [], "excluded_lines": [], "start_line": 292}, "TransactionsTable._update_table": {"executed_lines": [309, 310, 311, 312, 313, 321], "summary": {"covered_lines": 6, "num_statements": 6, "percent_covered": 100.0, "percent_covered_display": "100", "missing_lines": 0, "excluded_lines": 0, "percent_statements_covered": 100.0, "percent_statements_covered_display": "100"}, "missing_lines": [], "excluded_lines": [], "start_line": 303}, "TransactionsTable._distribute_column_widths": {"executed_lines": [325, 326, 327, 330, 331, 334, 335, 336, 338, 339, 340, 341, 342, 344, 345, 347, 348, 349, 350, 352], "summary": {"covered_lines": 20, "num_statements": 22, "percent_covered": 90.9090909090909, "percent_covered_display": "91", "missing_lines": 2, "excluded_lines": 0, "percent_statements_covered": 90.9090909090909, "percent_statements_covered_display": "91"}, "missing_lines": [328, 332], "excluded_lines": [], "start_line": 323}, "TransactionsTable._load_accounts": {"executed_lines": [357, 358, 361], "summary": {"covered_lines": 3, "num_statements": 5, "percent_covered": 60.0, "percent_covered_display": "60", "missing_lines": 2, "excluded_lines": 0, "percent_statements_covered": 60.0, "percent_statements_covered_display": "60"}, "missing_lines": [359, 360], "excluded_lines": [], "start_line": 355}, "TransactionsTable._set_account_suggester": {"executed_lines": [365, 367], "summary": {"covered_lines": 2, "num_statements": 2, "percent_covered": 100.0, "percent_covered_display": "100", "missing_lines": 0, "excluded_lines": 0, "percent_statements_covered": 100.0, "percent_statements_covered_display": "100"}, "missing_lines": [], "excluded_lines": [], "start_line": 363}, "TransactionsTable.on_desc_changed": {"executed_lines": [378, 379], "summary": {"covered_lines": 2, "num_statements": 2, "percent_covered": 100.0, "percent_covered_display": "100", "missing_lines": 0, "excluded_lines": 0, "percent_statements_covered": 100.0, "percent_statements_covered_display": "100"}, "missing_lines": [], "excluded_lines": [], "start_line": 376}, "TransactionsTable.on_acct_submitted": {"executed_lines": [], "summary": {"covered_lines": 0, "num_statements": 2, "percent_covered": 0.0, "percent_covered_display": "0", "missing_lines": 2, "excluded_lines": 0, "percent_statements_covered": 0.0, "percent_statements_covered_display": "0"}, "missing_lines": [384, 385], "excluded_lines": [], "start_line": 382}, "TransactionsTable.on_period_pressed": {"executed_lines": [], "summary": {"covered_lines": 0, "num_statements": 7, "percent_covered": 0.0, "percent_covered_display": "0", "missing_lines": 7, "excluded_lines": 0, "percent_statements_covered": 0.0, "percent_statements_covered_display": "0"}, "missing_lines": [390, 391, 392, 393, 394, 395, 396], "excluded_lines": [], "start_line": 388}, "": {"executed_lines": [3, 5, 6, 8, 9, 10, 11, 12, 14, 15, 16, 18, 30, 48, 65, 87, 109, 119, 123, 131, 135, 145, 173, 192, 197, 218, 233, 234, 247, 248, 265, 266, 283, 287, 292, 303, 323, 354, 355, 363, 375, 376, 381, 382, 387, 388], "summary": {"covered_lines": 46, "num_statements": 46, "percent_covered": 100.0, "percent_covered_display": "100", "missing_lines": 0, "excluded_lines": 0, "percent_statements_covered": 100.0, "percent_statements_covered_display": "100"}, "missing_lines": [], "excluded_lines": [], "start_line": 1}}, "classes": {"TransactionsTable": {"executed_lines": [72, 73, 74, 77, 78, 79, 80, 81, 89, 90, 91, 92, 97, 98, 103, 104, 105, 106, 107, 111, 112, 113, 114, 115, 116, 117, 121, 125, 133, 137, 138, 139, 140, 141, 142, 143, 153, 154, 155, 156, 157, 158, 159, 160, 161, 162, 163, 164, 165, 166, 167, 168, 169, 170, 171, 175, 176, 178, 179, 180, 182, 183, 184, 185, 194, 195, 199, 200, 204, 206, 210, 220, 221, 225, 227, 228, 229, 231, 250, 252, 253, 254, 255, 268, 273, 274, 275, 281, 285, 289, 290, 294, 295, 297, 298, 301, 309, 310, 311, 312, 313, 321, 325, 326, 327, 330, 331, 334, 335, 336, 338, 339, 340, 341, 342, 344, 345, 347, 348, 349, 350, 352, 357, 358, 361, 365, 367, 378, 379], "summary": {"covered_lines": 129, "num_statements": 163, "percent_covered": 79.14110429447852, "percent_covered_display": "79", "missing_lines": 34, "excluded_lines": 0, "percent_statements_covered": 79.14110429447852, "percent_statements_covered_display": "79"}, "missing_lines": [177, 181, 186, 201, 202, 207, 208, 222, 223, 236, 238, 239, 240, 241, 242, 243, 256, 257, 276, 277, 280, 328, 332, 359, 360, 384, 385, 390, 391, 392, 393, 394, 395, 396], "excluded_lines": [], "start_line": 48}, "": {"executed_lines": [3, 5, 6, 8, 9, 10, 11, 12, 14, 15, 16, 18, 30, 40, 41, 42, 43, 44, 45, 48, 65, 87, 109, 119, 123, 131, 135, 145, 173, 192, 197, 218, 233, 234, 247, 248, 265, 266, 283, 287, 292, 303, 323, 354, 355, 363, 375, 376, 381, 382, 387, 388], "summary": {"covered_lines": 52, "num_statements": 52, "percent_covered": 100.0, "percent_covered_display": "100", "missing_lines": 0, "excluded_lines": 0, "percent_statements_covered": 100.0, "percent_statements_covered_display": "100"}, "missing_lines": [], "excluded_lines": [], "start_line": 1}}}}, "totals": {"covered_lines": 1356, "num_statements": 1593, "percent_covered": 85.12241054613936, "percent_covered_display": "85", "missing_lines": 237, "excluded_lines": 0, "percent_statements_covered": 85.12241054613936, "percent_statements_covered_display": "85"}}