{"meta": {"format": 3, "version": "7.13.4", "timestamp": "2026-04-10T18:34:40.689264", "branch_coverage": false, "show_contexts": false}, "files": {"src/hledger_textual/__init__.py": {"executed_lines": [], "summary": {"covered_lines": 0, "num_statements": 0, "percent_covered": 100.0, "percent_covered_display": "100", "missing_lines": 0, "excluded_lines": 0, "percent_statements_covered": 100.0, "percent_statements_covered_display": "100"}, "missing_lines": [], "excluded_lines": [], "functions": {"": {"executed_lines": [], "summary": {"covered_lines": 0, "num_statements": 0, "percent_covered": 100.0, "percent_covered_display": "100", "missing_lines": 0, "excluded_lines": 0, "percent_statements_covered": 100.0, "percent_statements_covered_display": "100"}, "missing_lines": [], "excluded_lines": [], "start_line": 1}}, "classes": {"": {"executed_lines": [], "summary": {"covered_lines": 0, "num_statements": 0, "percent_covered": 100.0, "percent_covered_display": "100", "missing_lines": 0, "excluded_lines": 0, "percent_statements_covered": 100.0, "percent_statements_covered_display": "100"}, "missing_lines": [], "excluded_lines": [], "start_line": 1}}}, "src/hledger_textual/__main__.py": {"executed_lines": [], "summary": {"covered_lines": 0, "num_statements": 9, "percent_covered": 0.0, "percent_covered_display": "0", "missing_lines": 9, "excluded_lines": 0, "percent_statements_covered": 0.0, "percent_statements_covered_display": "0"}, "missing_lines": [3, 4, 7, 9, 10, 11, 12, 15, 16], "excluded_lines": [], "functions": {"main": {"executed_lines": [], "summary": {"covered_lines": 0, "num_statements": 4, "percent_covered": 0.0, "percent_covered_display": "0", "missing_lines": 4, "excluded_lines": 0, "percent_statements_covered": 0.0, "percent_statements_covered_display": "0"}, "missing_lines": [9, 10, 11, 12], "excluded_lines": [], "start_line": 7}, "": {"executed_lines": [], "summary": {"covered_lines": 0, "num_statements": 5, "percent_covered": 0.0, "percent_covered_display": "0", "missing_lines": 5, "excluded_lines": 0, "percent_statements_covered": 0.0, "percent_statements_covered_display": "0"}, "missing_lines": [3, 4, 7, 15, 16], "excluded_lines": [], "start_line": 1}}, "classes": {"": {"executed_lines": [], "summary": {"covered_lines": 0, "num_statements": 9, "percent_covered": 0.0, "percent_covered_display": "0", "missing_lines": 9, "excluded_lines": 0, "percent_statements_covered": 0.0, "percent_statements_covered_display": "0"}, "missing_lines": [3, 4, 7, 9, 10, 11, 12, 15, 16], "excluded_lines": [], "start_line": 1}}}, "src/hledger_textual/amountutil.py": {"executed_lines": [3, 5, 6, 9, 27, 28, 30, 31, 33, 34, 36, 39, 40, 41, 42, 44, 47, 49, 51, 54, 68, 69, 70, 73, 74, 75, 76, 77, 80, 83, 84, 85, 86, 89, 90, 92], "summary": {"covered_lines": 36, "num_statements": 40, "percent_covered": 90.0, "percent_covered_display": "90", "missing_lines": 4, "excluded_lines": 0, "percent_statements_covered": 90.0, "percent_statements_covered_display": "90"}, "missing_lines": [78, 79, 87, 88], "excluded_lines": [], "functions": {"_normalize_number_string": {"executed_lines": [27, 28, 30, 31, 33, 34, 36, 39, 40, 41, 42, 44, 47, 49, 51], "summary": {"covered_lines": 15, "num_statements": 15, "percent_covered": 100.0, "percent_covered_display": "100", "missing_lines": 0, "excluded_lines": 0, "percent_statements_covered": 100.0, "percent_statements_covered_display": "100"}, "missing_lines": [], "excluded_lines": [], "start_line": 9}, "parse_amount_string": {"executed_lines": [68, 69, 70, 73, 74, 75, 76, 77, 80, 83, 84, 85, 86, 89, 90, 92], "summary": {"covered_lines": 16, "num_statements": 20, "percent_covered": 80.0, "percent_covered_display": "80", "missing_lines": 4, "excluded_lines": 0, "percent_statements_covered": 80.0, "percent_statements_covered_display": "80"}, "missing_lines": [78, 79, 87, 88], "excluded_lines": [], "start_line": 54}, "": {"executed_lines": [3, 5, 6, 9, 54], "summary": {"covered_lines": 5, "num_statements": 5, "percent_covered": 100.0, "percent_covered_display": "100", "missing_lines": 0, "excluded_lines": 0, "percent_statements_covered": 100.0, "percent_statements_covered_display": "100"}, "missing_lines": [], "excluded_lines": [], "start_line": 1}}, "classes": {"": {"executed_lines": [3, 5, 6, 9, 27, 28, 30, 31, 33, 34, 36, 39, 40, 41, 42, 44, 47, 49, 51, 54, 68, 69, 70, 73, 74, 75, 76, 77, 80, 83, 84, 85, 86, 89, 90, 92], "summary": {"covered_lines": 36, "num_statements": 40, "percent_covered": 90.0, "percent_covered_display": "90", "missing_lines": 4, "excluded_lines": 0, "percent_statements_covered": 90.0, "percent_statements_covered_display": "90"}, "missing_lines": [78, 79, 87, 88], "excluded_lines": [], "start_line": 1}}}, "src/hledger_textual/app.py": {"executed_lines": [3, 5, 7, 8, 9, 10, 12, 13, 14, 15, 16, 17, 18, 19, 20, 21, 24, 33, 34, 35, 36, 47, 50, 53, 56, 58, 61, 65, 68, 69, 71, 83, 89, 90, 91, 92, 93, 94, 95, 103, 104, 105, 106, 108, 110, 120, 121, 122, 123, 124, 125, 126, 128, 130, 132, 133, 134, 135, 137, 138, 140, 142, 144, 145, 146, 150, 151, 159, 160, 162, 164, 172, 173, 174, 178, 179, 180, 188, 189, 206, 208, 210, 211, 212, 215, 218, 220, 222, 224, 226, 227, 228, 229, 230, 231, 232, 233, 234, 235, 236, 237, 239, 241, 242, 243, 244, 245, 246, 248, 250, 254, 255, 265, 269, 271, 277, 286, 288, 290, 296, 298, 299, 300, 302, 304, 306, 307, 310, 311, 316, 318, 319, 320, 322, 324, 325, 331, 332, 335, 338, 339, 340, 343, 345, 346], "summary": {"covered_lines": 145, "num_statements": 191, "percent_covered": 75.91623036649214, "percent_covered_display": "76", "missing_lines": 46, "excluded_lines": 0, "percent_statements_covered": 75.91623036649214, "percent_statements_covered_display": "76"}, "missing_lines": [96, 97, 98, 101, 102, 147, 148, 152, 175, 176, 181, 182, 183, 184, 185, 186, 191, 192, 193, 194, 195, 197, 198, 204, 209, 216, 217, 251, 252, 253, 256, 257, 258, 259, 260, 261, 262, 263, 275, 281, 282, 292, 294, 308, 333, 344], "excluded_lines": [], "functions": {"_build_footer_commands": {"executed_lines": [33, 34, 35, 36], "summary": {"covered_lines": 4, "num_statements": 4, "percent_covered": 100.0, "percent_covered_display": "100", "missing_lines": 0, "excluded_lines": 0, "percent_statements_covered": 100.0, "percent_statements_covered_display": "100"}, "missing_lines": [], "excluded_lines": [], "start_line": 24}, "_NavTabs.action_previous_tab": {"executed_lines": [], "summary": {"covered_lines": 0, "num_statements": 0, "percent_covered": 100.0, "percent_covered_display": "100", "missing_lines": 0, "excluded_lines": 0, "percent_statements_covered": 100.0, "percent_statements_covered_display": "100"}, "missing_lines": [], "excluded_lines": [], "start_line": 58}, "_NavTabs.action_next_tab": {"executed_lines": [], "summary": {"covered_lines": 0, "num_statements": 0, "percent_covered": 100.0, "percent_covered_display": "100", "missing_lines": 0, "excluded_lines": 0, "percent_statements_covered": 100.0, "percent_statements_covered_display": "100"}, "missing_lines": [], "excluded_lines": [], "start_line": 61}, "HledgerTuiApp.__init__": {"executed_lines": [89, 90, 91, 92, 93, 94, 95, 103, 104, 105, 106], "summary": {"covered_lines": 11, "num_statements": 16, "percent_covered": 68.75, "percent_covered_display": "69", "missing_lines": 5, "excluded_lines": 0, "percent_statements_covered": 68.75, "percent_statements_covered_display": "69"}, "missing_lines": [96, 97, 98, 101, 102], "excluded_lines": [], "start_line": 83}, "HledgerTuiApp.compose": {"executed_lines": [110, 120, 121, 122, 123, 124, 125, 126, 128], "summary": {"covered_lines": 9, "num_statements": 9, "percent_covered": 100.0, "percent_covered_display": "100", "missing_lines": 0, "excluded_lines": 0, "percent_statements_covered": 100.0, "percent_statements_covered_display": "100"}, "missing_lines": [], "excluded_lines": [], "start_line": 108}, "HledgerTuiApp.on_mount": {"executed_lines": [132, 133, 134, 135], "summary": {"covered_lines": 4, "num_statements": 4, "percent_covered": 100.0, "percent_covered_display": "100", "missing_lines": 0, "excluded_lines": 0, "percent_statements_covered": 100.0, "percent_statements_covered_display": "100"}, "missing_lines": [], "excluded_lines": [], "start_line": 130}, "HledgerTuiApp._check_for_updates": {"executed_lines": [140, 142, 144, 145, 146, 150, 151], "summary": {"covered_lines": 7, "num_statements": 10, "percent_covered": 70.0, "percent_covered_display": "70", "missing_lines": 3, "excluded_lines": 0, "percent_statements_covered": 70.0, "percent_statements_covered_display": "70"}, "missing_lines": [147, 148, 152], "excluded_lines": [], "start_line": 138}, "HledgerTuiApp._auto_generate_recurring": {"executed_lines": [162, 164, 172, 173, 174, 178, 179, 180, 188, 189], "summary": {"covered_lines": 10, "num_statements": 26, "percent_covered": 38.46153846153846, "percent_covered_display": "38", "missing_lines": 16, "excluded_lines": 0, "percent_statements_covered": 38.46153846153846, "percent_statements_covered_display": "38"}, "missing_lines": [175, 176, 181, 182, 183, 184, 185, 186, 191, 192, 193, 194, 195, 197, 198, 204], "excluded_lines": [], "start_line": 160}, "HledgerTuiApp.on_tabs_tab_activated": {"executed_lines": [208, 210, 211, 212, 215, 218], "summary": {"covered_lines": 6, "num_statements": 9, "percent_covered": 66.66666666666667, "percent_covered_display": "67", "missing_lines": 3, "excluded_lines": 0, "percent_statements_covered": 66.66666666666667, "percent_statements_covered_display": "67"}, "missing_lines": [209, 216, 217], "excluded_lines": [], "start_line": 206}, "HledgerTuiApp._activate_section": {"executed_lines": [222], "summary": {"covered_lines": 1, "num_statements": 1, "percent_covered": 100.0, "percent_covered_display": "100", "missing_lines": 0, "excluded_lines": 0, "percent_statements_covered": 100.0, "percent_statements_covered_display": "100"}, "missing_lines": [], "excluded_lines": [], "start_line": 220}, "HledgerTuiApp._focus_section": {"executed_lines": [226, 227, 228, 229, 230, 231, 232, 233, 234, 235, 236, 237], "summary": {"covered_lines": 12, "num_statements": 12, "percent_covered": 100.0, "percent_covered_display": "100", "missing_lines": 0, "excluded_lines": 0, "percent_statements_covered": 100.0, "percent_statements_covered_display": "100"}, "missing_lines": [], "excluded_lines": [], "start_line": 224}, "HledgerTuiApp._refresh_all_panes": {"executed_lines": [241, 242, 243, 244, 245, 246], "summary": {"covered_lines": 6, "num_statements": 6, "percent_covered": 100.0, "percent_covered_display": "100", "missing_lines": 0, "excluded_lines": 0, "percent_statements_covered": 100.0, "percent_statements_covered_display": "100"}, "missing_lines": [], "excluded_lines": [], "start_line": 239}, "HledgerTuiApp._refresh_pane": {"executed_lines": [250, 254, 255], "summary": {"covered_lines": 3, "num_statements": 14, "percent_covered": 21.428571428571427, "percent_covered_display": "21", "missing_lines": 11, "excluded_lines": 0, "percent_statements_covered": 21.428571428571427, "percent_statements_covered_display": "21"}, "missing_lines": [251, 252, 253, 256, 257, 258, 259, 260, 261, 262, 263], "excluded_lines": [], "start_line": 248}, "HledgerTuiApp.on_transactions_table_journal_changed": {"executed_lines": [269], "summary": {"covered_lines": 1, "num_statements": 1, "percent_covered": 100.0, "percent_covered_display": "100", "missing_lines": 0, "excluded_lines": 0, "percent_statements_covered": 100.0, "percent_statements_covered_display": "100"}, "missing_lines": [], "excluded_lines": [], "start_line": 265}, "HledgerTuiApp.on_recurring_pane_journal_changed": {"executed_lines": [], "summary": {"covered_lines": 0, "num_statements": 1, "percent_covered": 0.0, "percent_covered_display": "0", "missing_lines": 1, "excluded_lines": 0, "percent_statements_covered": 0.0, "percent_statements_covered_display": "0"}, "missing_lines": [275], "excluded_lines": [], "start_line": 271}, "HledgerTuiApp.on_reports_pane_custom_report_state_changed": {"executed_lines": [], "summary": {"covered_lines": 0, "num_statements": 2, "percent_covered": 0.0, "percent_covered_display": "0", "missing_lines": 2, "excluded_lines": 0, "percent_statements_covered": 0.0, "percent_statements_covered_display": "0"}, "missing_lines": [281, 282], "excluded_lines": [], "start_line": 277}, "HledgerTuiApp.action_switch_section": {"executed_lines": [288], "summary": {"covered_lines": 1, "num_statements": 1, "percent_covered": 100.0, "percent_covered_display": "100", "missing_lines": 0, "excluded_lines": 0, "percent_statements_covered": 100.0, "percent_statements_covered_display": "100"}, "missing_lines": [], "excluded_lines": [], "start_line": 286}, "HledgerTuiApp.action_show_help": {"executed_lines": [], "summary": {"covered_lines": 0, "num_statements": 2, "percent_covered": 0.0, "percent_covered_display": "0", "missing_lines": 2, "excluded_lines": 0, "percent_statements_covered": 0.0, "percent_statements_covered_display": "0"}, "missing_lines": [292, 294], "excluded_lines": [], "start_line": 290}, "HledgerTuiApp.check_action": {"executed_lines": [298, 299, 300], "summary": {"covered_lines": 3, "num_statements": 3, "percent_covered": 100.0, "percent_covered_display": "100", "missing_lines": 0, "excluded_lines": 0, "percent_statements_covered": 100.0, "percent_statements_covered_display": "100"}, "missing_lines": [], "excluded_lines": [], "start_line": 296}, "HledgerTuiApp.action_sync": {"executed_lines": [304, 306, 307, 310, 311, 316, 318, 322], "summary": {"covered_lines": 8, "num_statements": 9, "percent_covered": 88.88888888888889, "percent_covered_display": "89", "missing_lines": 1, "excluded_lines": 0, "percent_statements_covered": 88.88888888888889, "percent_statements_covered_display": "89"}, "missing_lines": [308], "excluded_lines": [], "start_line": 302}, "HledgerTuiApp.action_sync.on_result": {"executed_lines": [319, 320], "summary": {"covered_lines": 2, "num_statements": 2, "percent_covered": 100.0, "percent_covered_display": "100", "missing_lines": 0, "excluded_lines": 0, "percent_statements_covered": 100.0, "percent_statements_covered_display": "100"}, "missing_lines": [], "excluded_lines": [], "start_line": 318}, "HledgerTuiApp._run_sync": {"executed_lines": [331, 332, 335, 338, 339, 340, 343, 345, 346], "summary": {"covered_lines": 9, "num_statements": 11, "percent_covered": 81.81818181818181, "percent_covered_display": "82", "missing_lines": 2, "excluded_lines": 0, "percent_statements_covered": 81.81818181818181, "percent_statements_covered_display": "82"}, "missing_lines": [333, 344], "excluded_lines": [], "start_line": 325}, "": {"executed_lines": [3, 5, 7, 8, 9, 10, 12, 13, 14, 15, 16, 17, 18, 19, 20, 21, 24, 47, 50, 53, 56, 58, 61, 65, 68, 69, 71, 83, 108, 130, 137, 138, 159, 160, 206, 220, 224, 239, 248, 265, 271, 277, 286, 290, 296, 302, 324, 325], "summary": {"covered_lines": 48, "num_statements": 48, "percent_covered": 100.0, "percent_covered_display": "100", "missing_lines": 0, "excluded_lines": 0, "percent_statements_covered": 100.0, "percent_statements_covered_display": "100"}, "missing_lines": [], "excluded_lines": [], "start_line": 1}}, "classes": {"_NavTab": {"executed_lines": [], "summary": {"covered_lines": 0, "num_statements": 0, "percent_covered": 100.0, "percent_covered_display": "100", "missing_lines": 0, "excluded_lines": 0, "percent_statements_covered": 100.0, "percent_statements_covered_display": "100"}, "missing_lines": [], "excluded_lines": [], "start_line": 47}, "_NavTabs": {"executed_lines": [], "summary": {"covered_lines": 0, "num_statements": 0, "percent_covered": 100.0, "percent_covered_display": "100", "missing_lines": 0, "excluded_lines": 0, "percent_statements_covered": 100.0, "percent_statements_covered_display": "100"}, "missing_lines": [], "excluded_lines": [], "start_line": 53}, "HledgerTuiApp": {"executed_lines": [89, 90, 91, 92, 93, 94, 95, 103, 104, 105, 106, 110, 120, 121, 122, 123, 124, 125, 126, 128, 132, 133, 134, 135, 140, 142, 144, 145, 146, 150, 151, 162, 164, 172, 173, 174, 178, 179, 180, 188, 189, 208, 210, 211, 212, 215, 218, 222, 226, 227, 228, 229, 230, 231, 232, 233, 234, 235, 236, 237, 241, 242, 243, 244, 245, 246, 250, 254, 255, 269, 288, 298, 299, 300, 304, 306, 307, 310, 311, 316, 318, 319, 320, 322, 331, 332, 335, 338, 339, 340, 343, 345, 346], "summary": {"covered_lines": 93, "num_statements": 139, "percent_covered": 66.90647482014388, "percent_covered_display": "67", "missing_lines": 46, "excluded_lines": 0, "percent_statements_covered": 66.90647482014388, "percent_statements_covered_display": "67"}, "missing_lines": [96, 97, 98, 101, 102, 147, 148, 152, 175, 176, 181, 182, 183, 184, 185, 186, 191, 192, 193, 194, 195, 197, 198, 204, 209, 216, 217, 251, 252, 253, 256, 257, 258, 259, 260, 261, 262, 263, 275, 281, 282, 292, 294, 308, 333, 344], "excluded_lines": [], "start_line": 65}, "": {"executed_lines": [3, 5, 7, 8, 9, 10, 12, 13, 14, 15, 16, 17, 18, 19, 20, 21, 24, 33, 34, 35, 36, 47, 50, 53, 56, 58, 61, 65, 68, 69, 71, 83, 108, 130, 137, 138, 159, 160, 206, 220, 224, 239, 248, 265, 271, 277, 286, 290, 296, 302, 324, 325], "summary": {"covered_lines": 52, "num_statements": 52, "percent_covered": 100.0, "percent_covered_display": "100", "missing_lines": 0, "excluded_lines": 0, "percent_statements_covered": 100.0, "percent_statements_covered_display": "100"}, "missing_lines": [], "excluded_lines": [], "start_line": 1}}}, "src/hledger_textual/budget.py": {"executed_lines": [9, 11, 12, 13, 15, 16, 17, 18, 20, 22, 23, 24, 25, 28, 32, 34, 37, 46, 48, 49, 51, 52, 53, 54, 55, 56, 58, 61, 63, 64, 65, 66, 69, 81, 82, 84, 85, 86, 88, 89, 91, 92, 93, 94, 96, 98, 102, 103, 106, 107, 109, 110, 111, 112, 113, 114, 115, 120, 126, 129, 138, 139, 141, 143, 144, 146, 147, 148, 149, 150, 152, 154, 155, 156, 159, 174, 184, 197, 198, 199, 200, 201, 204, 221, 222, 223, 224, 225, 226, 227, 228, 230, 233, 246, 247, 248, 249, 250], "summary": {"covered_lines": 98, "num_statements": 100, "percent_covered": 98.0, "percent_covered_display": "98", "missing_lines": 2, "excluded_lines": 0, "percent_statements_covered": 98.0, "percent_statements_covered_display": "98"}, "missing_lines": [99, 229], "excluded_lines": [], "functions": {"_budget_path": {"executed_lines": [34], "summary": {"covered_lines": 1, "num_statements": 1, "percent_covered": 100.0, "percent_covered_display": "100", "missing_lines": 0, "excluded_lines": 0, "percent_statements_covered": 100.0, "percent_statements_covered_display": "100"}, "missing_lines": [], "excluded_lines": [], "start_line": 32}, "ensure_budget_file": {"executed_lines": [46, 48, 49, 51, 52, 53, 54, 55, 56, 58], "summary": {"covered_lines": 10, "num_statements": 10, "percent_covered": 100.0, "percent_covered_display": "100", "missing_lines": 0, "excluded_lines": 0, "percent_statements_covered": 100.0, "percent_statements_covered_display": "100"}, "missing_lines": [], "excluded_lines": [], "start_line": 37}, "_parse_amount_string": {"executed_lines": [63, 64, 65, 66], "summary": {"covered_lines": 4, "num_statements": 4, "percent_covered": 100.0, "percent_covered_display": "100", "missing_lines": 0, "excluded_lines": 0, "percent_statements_covered": 100.0, "percent_statements_covered_display": "100"}, "missing_lines": [], "excluded_lines": [], "start_line": 61}, "parse_budget_rules": {"executed_lines": [81, 82, 84, 85, 86, 88, 89, 91, 92, 93, 94, 96, 98, 102, 103, 106, 107, 109, 110, 111, 112, 113, 114, 115, 120, 126], "summary": {"covered_lines": 26, "num_statements": 27, "percent_covered": 96.29629629629629, "percent_covered_display": "96", "missing_lines": 1, "excluded_lines": 0, "percent_statements_covered": 96.29629629629629, "percent_statements_covered_display": "96"}, "missing_lines": [99], "excluded_lines": [], "start_line": 69}, "_format_budget_file": {"executed_lines": [138, 139, 141, 143, 144, 146, 147, 148, 149, 150, 152, 154, 155, 156], "summary": {"covered_lines": 14, "num_statements": 14, "percent_covered": 100.0, "percent_covered_display": "100", "missing_lines": 0, "excluded_lines": 0, "percent_statements_covered": 100.0, "percent_statements_covered_display": "100"}, "missing_lines": [], "excluded_lines": [], "start_line": 129}, "write_budget_rules": {"executed_lines": [174], "summary": {"covered_lines": 1, "num_statements": 1, "percent_covered": 100.0, "percent_covered_display": "100", "missing_lines": 0, "excluded_lines": 0, "percent_statements_covered": 100.0, "percent_statements_covered_display": "100"}, "missing_lines": [], "excluded_lines": [], "start_line": 159}, "add_budget_rule": {"executed_lines": [197, 198, 199, 200, 201], "summary": {"covered_lines": 5, "num_statements": 5, "percent_covered": 100.0, "percent_covered_display": "100", "missing_lines": 0, "excluded_lines": 0, "percent_statements_covered": 100.0, "percent_statements_covered_display": "100"}, "missing_lines": [], "excluded_lines": [], "start_line": 184}, "update_budget_rule": {"executed_lines": [221, 222, 223, 224, 225, 226, 227, 228, 230], "summary": {"covered_lines": 9, "num_statements": 10, "percent_covered": 90.0, "percent_covered_display": "90", "missing_lines": 1, "excluded_lines": 0, "percent_statements_covered": 90.0, "percent_statements_covered_display": "90"}, "missing_lines": [229], "excluded_lines": [], "start_line": 204}, "delete_budget_rule": {"executed_lines": [246, 247, 248, 249, 250], "summary": {"covered_lines": 5, "num_statements": 5, "percent_covered": 100.0, "percent_covered_display": "100", "missing_lines": 0, "excluded_lines": 0, "percent_statements_covered": 100.0, "percent_statements_covered_display": "100"}, "missing_lines": [], "excluded_lines": [], "start_line": 233}, "": {"executed_lines": [9, 11, 12, 13, 15, 16, 17, 18, 20, 22, 23, 24, 25, 28, 32, 37, 61, 69, 129, 159, 184, 204, 233], "summary": {"covered_lines": 23, "num_statements": 23, "percent_covered": 100.0, "percent_covered_display": "100", "missing_lines": 0, "excluded_lines": 0, "percent_statements_covered": 100.0, "percent_statements_covered_display": "100"}, "missing_lines": [], "excluded_lines": [], "start_line": 1}}, "classes": {"BudgetError": {"executed_lines": [], "summary": {"covered_lines": 0, "num_statements": 0, "percent_covered": 100.0, "percent_covered_display": "100", "missing_lines": 0, "excluded_lines": 0, "percent_statements_covered": 100.0, "percent_statements_covered_display": "100"}, "missing_lines": [], "excluded_lines": [], "start_line": 28}, "": {"executed_lines": [9, 11, 12, 13, 15, 16, 17, 18, 20, 22, 23, 24, 25, 28, 32, 34, 37, 46, 48, 49, 51, 52, 53, 54, 55, 56, 58, 61, 63, 64, 65, 66, 69, 81, 82, 84, 85, 86, 88, 89, 91, 92, 93, 94, 96, 98, 102, 103, 106, 107, 109, 110, 111, 112, 113, 114, 115, 120, 126, 129, 138, 139, 141, 143, 144, 146, 147, 148, 149, 150, 152, 154, 155, 156, 159, 174, 184, 197, 198, 199, 200, 201, 204, 221, 222, 223, 224, 225, 226, 227, 228, 230, 233, 246, 247, 248, 249, 250], "summary": {"covered_lines": 98, "num_statements": 100, "percent_covered": 98.0, "percent_covered_display": "98", "missing_lines": 2, "excluded_lines": 0, "percent_statements_covered": 98.0, "percent_statements_covered_display": "98"}, "missing_lines": [99, 229], "excluded_lines": [], "start_line": 1}}}, "src/hledger_textual/cache.py": {"executed_lines": [3, 5, 6, 7, 10, 18, 20, 21, 23, 32, 33, 34, 35, 39, 49, 50, 51, 52, 54, 62, 63, 64, 65, 67, 69, 70, 72, 74, 75], "summary": {"covered_lines": 29, "num_statements": 31, "percent_covered": 93.54838709677419, "percent_covered_display": "94", "missing_lines": 2, "excluded_lines": 0, "percent_statements_covered": 93.54838709677419, "percent_statements_covered_display": "94"}, "missing_lines": [36, 37], "excluded_lines": [], "functions": {"HledgerCache.__init__": {"executed_lines": [20, 21], "summary": {"covered_lines": 2, "num_statements": 2, "percent_covered": 100.0, "percent_covered_display": "100", "missing_lines": 0, "excluded_lines": 0, "percent_statements_covered": 100.0, "percent_statements_covered_display": "100"}, "missing_lines": [], "excluded_lines": [], "start_line": 18}, "HledgerCache._file_mtime": {"executed_lines": [32, 33, 34, 35], "summary": {"covered_lines": 4, "num_statements": 6, "percent_covered": 66.66666666666667, "percent_covered_display": "67", "missing_lines": 2, "excluded_lines": 0, "percent_statements_covered": 66.66666666666667, "percent_statements_covered_display": "67"}, "missing_lines": [36, 37], "excluded_lines": [], "start_line": 23}, "HledgerCache.get": {"executed_lines": [49, 50, 51, 52], "summary": {"covered_lines": 4, "num_statements": 4, "percent_covered": 100.0, "percent_covered_display": "100", "missing_lines": 0, "excluded_lines": 0, "percent_statements_covered": 100.0, "percent_statements_covered_display": "100"}, "missing_lines": [], "excluded_lines": [], "start_line": 39}, "HledgerCache.put": {"executed_lines": [62, 63, 64, 65], "summary": {"covered_lines": 4, "num_statements": 4, "percent_covered": 100.0, "percent_covered_display": "100", "missing_lines": 0, "excluded_lines": 0, "percent_statements_covered": 100.0, "percent_statements_covered_display": "100"}, "missing_lines": [], "excluded_lines": [], "start_line": 54}, "HledgerCache.invalidate_all": {"executed_lines": [69, 70], "summary": {"covered_lines": 2, "num_statements": 2, "percent_covered": 100.0, "percent_covered_display": "100", "missing_lines": 0, "excluded_lines": 0, "percent_statements_covered": 100.0, "percent_statements_covered_display": "100"}, "missing_lines": [], "excluded_lines": [], "start_line": 67}, "HledgerCache.__len__": {"executed_lines": [74, 75], "summary": {"covered_lines": 2, "num_statements": 2, "percent_covered": 100.0, "percent_covered_display": "100", "missing_lines": 0, "excluded_lines": 0, "percent_statements_covered": 100.0, "percent_statements_covered_display": "100"}, "missing_lines": [], "excluded_lines": [], "start_line": 72}, "": {"executed_lines": [3, 5, 6, 7, 10, 18, 23, 39, 54, 67, 72], "summary": {"covered_lines": 11, "num_statements": 11, "percent_covered": 100.0, "percent_covered_display": "100", "missing_lines": 0, "excluded_lines": 0, "percent_statements_covered": 100.0, "percent_statements_covered_display": "100"}, "missing_lines": [], "excluded_lines": [], "start_line": 1}}, "classes": {"HledgerCache": {"executed_lines": [20, 21, 32, 33, 34, 35, 49, 50, 51, 52, 62, 63, 64, 65, 69, 70, 74, 75], "summary": {"covered_lines": 18, "num_statements": 20, "percent_covered": 90.0, "percent_covered_display": "90", "missing_lines": 2, "excluded_lines": 0, "percent_statements_covered": 90.0, "percent_statements_covered_display": "90"}, "missing_lines": [36, 37], "excluded_lines": [], "start_line": 10}, "": {"executed_lines": [3, 5, 6, 7, 10, 18, 23, 39, 54, 67, 72], "summary": {"covered_lines": 11, "num_statements": 11, "percent_covered": 100.0, "percent_covered_display": "100", "missing_lines": 0, "excluded_lines": 0, "percent_statements_covered": 100.0, "percent_statements_covered_display": "100"}, "missing_lines": [], "excluded_lines": [], "start_line": 1}}}, "src/hledger_textual/cloud_sync.py": {"executed_lines": [3, 5, 6, 7, 10, 14, 27, 28, 30, 31, 40, 41, 44, 45, 46, 47, 48, 51, 57, 58, 59, 60, 61, 64, 73, 74, 75, 78, 93, 94, 95, 96, 98, 104, 107, 122, 124, 125, 126, 127, 130, 132, 133, 139, 145, 148], "summary": {"covered_lines": 46, "num_statements": 59, "percent_covered": 77.96610169491525, "percent_covered_display": "78", "missing_lines": 13, "excluded_lines": 0, "percent_statements_covered": 77.96610169491525, "percent_statements_covered_display": "78"}, "missing_lines": [140, 141, 142, 143, 161, 162, 163, 164, 166, 167, 173, 174, 176], "excluded_lines": [], "functions": {"run_rclone": {"executed_lines": [27, 28, 30, 31, 40, 41, 44, 45, 46, 47, 48], "summary": {"covered_lines": 11, "num_statements": 11, "percent_covered": 100.0, "percent_covered_display": "100", "missing_lines": 0, "excluded_lines": 0, "percent_statements_covered": 100.0, "percent_statements_covered_display": "100"}, "missing_lines": [], "excluded_lines": [], "start_line": 14}, "has_rclone": {"executed_lines": [57, 58, 59, 60, 61], "summary": {"covered_lines": 5, "num_statements": 5, "percent_covered": 100.0, "percent_covered_display": "100", "missing_lines": 0, "excluded_lines": 0, "percent_statements_covered": 100.0, "percent_statements_covered_display": "100"}, "missing_lines": [], "excluded_lines": [], "start_line": 51}, "is_cloud_sync_configured": {"executed_lines": [73, 74, 75], "summary": {"covered_lines": 3, "num_statements": 3, "percent_covered": 100.0, "percent_covered_display": "100", "missing_lines": 0, "excluded_lines": 0, "percent_statements_covered": 100.0, "percent_statements_covered_display": "100"}, "missing_lines": [], "excluded_lines": [], "start_line": 64}, "cloud_sync_upload": {"executed_lines": [93, 94, 95, 96, 98, 104], "summary": {"covered_lines": 6, "num_statements": 6, "percent_covered": 100.0, "percent_covered_display": "100", "missing_lines": 0, "excluded_lines": 0, "percent_statements_covered": 100.0, "percent_statements_covered_display": "100"}, "missing_lines": [], "excluded_lines": [], "start_line": 78}, "cloud_sync_download": {"executed_lines": [122, 124, 125, 126, 127, 130, 132, 133, 139, 145], "summary": {"covered_lines": 10, "num_statements": 14, "percent_covered": 71.42857142857143, "percent_covered_display": "71", "missing_lines": 4, "excluded_lines": 0, "percent_statements_covered": 71.42857142857143, "percent_statements_covered_display": "71"}, "missing_lines": [140, 141, 142, 143], "excluded_lines": [], "start_line": 107}, "cloud_sync_status": {"executed_lines": [], "summary": {"covered_lines": 0, "num_statements": 9, "percent_covered": 0.0, "percent_covered_display": "0", "missing_lines": 9, "excluded_lines": 0, "percent_statements_covered": 0.0, "percent_statements_covered_display": "0"}, "missing_lines": [161, 162, 163, 164, 166, 167, 173, 174, 176], "excluded_lines": [], "start_line": 148}, "": {"executed_lines": [3, 5, 6, 7, 10, 14, 51, 64, 78, 107, 148], "summary": {"covered_lines": 11, "num_statements": 11, "percent_covered": 100.0, "percent_covered_display": "100", "missing_lines": 0, "excluded_lines": 0, "percent_statements_covered": 100.0, "percent_statements_covered_display": "100"}, "missing_lines": [], "excluded_lines": [], "start_line": 1}}, "classes": {"CloudSyncError": {"executed_lines": [], "summary": {"covered_lines": 0, "num_statements": 0, "percent_covered": 100.0, "percent_covered_display": "100", "missing_lines": 0, "excluded_lines": 0, "percent_statements_covered": 100.0, "percent_statements_covered_display": "100"}, "missing_lines": [], "excluded_lines": [], "start_line": 10}, "": {"executed_lines": [3, 5, 6, 7, 10, 14, 27, 28, 30, 31, 40, 41, 44, 45, 46, 47, 48, 51, 57, 58, 59, 60, 61, 64, 73, 74, 75, 78, 93, 94, 95, 96, 98, 104, 107, 122, 124, 125, 126, 127, 130, 132, 133, 139, 145, 148], "summary": {"covered_lines": 46, "num_statements": 59, "percent_covered": 77.96610169491525, "percent_covered_display": "78", "missing_lines": 13, "excluded_lines": 0, "percent_statements_covered": 77.96610169491525, "percent_statements_covered_display": "78"}, "missing_lines": [140, 141, 142, 143, 161, 162, 163, 164, 166, 167, 173, 174, 176], "excluded_lines": [], "start_line": 1}}}, "src/hledger_textual/config.py": {"executed_lines": [10, 12, 13, 14, 15, 17, 20, 22, 23, 24, 25, 26, 30, 31, 32, 33, 36, 43, 45, 47, 48, 49, 51, 52, 53, 54, 55, 56, 58, 59, 60, 61, 62, 63, 64, 65, 68, 74, 77, 83, 84, 85, 88, 94, 97, 110, 111, 112, 115, 125, 126, 127, 130, 137, 138, 139, 140, 141, 144, 150, 151, 152, 153, 154, 157, 163, 164, 167, 178, 187, 188, 190, 191, 195, 212, 221, 222, 223, 224, 226, 229, 253, 267, 268, 269, 270, 271, 272, 273, 274, 275, 276, 279, 289, 290, 291, 294, 301, 302, 303, 304, 305, 308, 314, 315, 316, 317, 318, 321, 337, 338, 339, 341, 342, 343, 344, 345, 349, 355, 358, 367, 371, 377, 380, 393, 394, 395, 396, 397, 398, 401, 402, 403, 404, 405, 406, 407, 410, 411, 412, 413, 414, 418, 419, 422, 423, 424, 426, 431], "summary": {"covered_lines": 149, "num_statements": 172, "percent_covered": 86.62790697674419, "percent_covered_display": "87", "missing_lines": 23, "excluded_lines": 0, "percent_statements_covered": 86.62790697674419, "percent_statements_covered_display": "87"}, "missing_lines": [28, 173, 174, 175, 189, 192, 204, 205, 206, 207, 208, 209, 225, 243, 244, 245, 246, 247, 248, 249, 250, 340, 346], "excluded_lines": [], "functions": {"_load_config_dict": {"executed_lines": [22, 23, 24, 25, 26, 30, 31, 32, 33], "summary": {"covered_lines": 9, "num_statements": 10, "percent_covered": 90.0, "percent_covered_display": "90", "missing_lines": 1, "excluded_lines": 0, "percent_statements_covered": 90.0, "percent_statements_covered_display": "90"}, "missing_lines": [28], "excluded_lines": [], "start_line": 20}, "_save_config_dict": {"executed_lines": [43, 45, 51, 52, 53, 54, 55, 56, 58, 59, 60, 61, 62, 63, 64, 65], "summary": {"covered_lines": 16, "num_statements": 16, "percent_covered": 100.0, "percent_covered_display": "100", "missing_lines": 0, "excluded_lines": 0, "percent_statements_covered": 100.0, "percent_statements_covered_display": "100"}, "missing_lines": [], "excluded_lines": [], "start_line": 36}, "_save_config_dict._toml_key": {"executed_lines": [47, 48, 49], "summary": {"covered_lines": 3, "num_statements": 3, "percent_covered": 100.0, "percent_covered_display": "100", "missing_lines": 0, "excluded_lines": 0, "percent_statements_covered": 100.0, "percent_statements_covered_display": "100"}, "missing_lines": [], "excluded_lines": [], "start_line": 45}, "load_theme": {"executed_lines": [74], "summary": {"covered_lines": 1, "num_statements": 1, "percent_covered": 100.0, "percent_covered_display": "100", "missing_lines": 0, "excluded_lines": 0, "percent_statements_covered": 100.0, "percent_statements_covered_display": "100"}, "missing_lines": [], "excluded_lines": [], "start_line": 68}, "save_theme": {"executed_lines": [83, 84, 85], "summary": {"covered_lines": 3, "num_statements": 3, "percent_covered": 100.0, "percent_covered_display": "100", "missing_lines": 0, "excluded_lines": 0, "percent_statements_covered": 100.0, "percent_statements_covered_display": "100"}, "missing_lines": [], "excluded_lines": [], "start_line": 77}, "load_default_commodity": {"executed_lines": [94], "summary": {"covered_lines": 1, "num_statements": 1, "percent_covered": 100.0, "percent_covered_display": "100", "missing_lines": 0, "excluded_lines": 0, "percent_statements_covered": 100.0, "percent_statements_covered_display": "100"}, "missing_lines": [], "excluded_lines": [], "start_line": 88}, "load_price_tickers": {"executed_lines": [110, 111, 112], "summary": {"covered_lines": 3, "num_statements": 3, "percent_covered": 100.0, "percent_covered_display": "100", "missing_lines": 0, "excluded_lines": 0, "percent_statements_covered": 100.0, "percent_statements_covered_display": "100"}, "missing_lines": [], "excluded_lines": [], "start_line": 97}, "load_saved_filters": {"executed_lines": [125, 126, 127], "summary": {"covered_lines": 3, "num_statements": 3, "percent_covered": 100.0, "percent_covered_display": "100", "missing_lines": 0, "excluded_lines": 0, "percent_statements_covered": 100.0, "percent_statements_covered_display": "100"}, "missing_lines": [], "excluded_lines": [], "start_line": 115}, "save_filter": {"executed_lines": [137, 138, 139, 140, 141], "summary": {"covered_lines": 5, "num_statements": 5, "percent_covered": 100.0, "percent_covered_display": "100", "missing_lines": 0, "excluded_lines": 0, "percent_statements_covered": 100.0, "percent_statements_covered_display": "100"}, "missing_lines": [], "excluded_lines": [], "start_line": 130}, "delete_filter": {"executed_lines": [150, 151, 152, 153, 154], "summary": {"covered_lines": 5, "num_statements": 5, "percent_covered": 100.0, "percent_covered_display": "100", "missing_lines": 0, "excluded_lines": 0, "percent_statements_covered": 100.0, "percent_statements_covered_display": "100"}, "missing_lines": [], "excluded_lines": [], "start_line": 144}, "load_accounts_view": {"executed_lines": [163, 164], "summary": {"covered_lines": 2, "num_statements": 2, "percent_covered": 100.0, "percent_covered_display": "100", "missing_lines": 0, "excluded_lines": 0, "percent_statements_covered": 100.0, "percent_statements_covered_display": "100"}, "missing_lines": [], "excluded_lines": [], "start_line": 157}, "save_accounts_view": {"executed_lines": [], "summary": {"covered_lines": 0, "num_statements": 3, "percent_covered": 0.0, "percent_covered_display": "0", "missing_lines": 3, "excluded_lines": 0, "percent_statements_covered": 0.0, "percent_statements_covered_display": "0"}, "missing_lines": [173, 174, 175], "excluded_lines": [], "start_line": 167}, "load_auto_generate_recurring": {"executed_lines": [187, 188, 190, 191], "summary": {"covered_lines": 4, "num_statements": 6, "percent_covered": 66.66666666666667, "percent_covered_display": "67", "missing_lines": 2, "excluded_lines": 0, "percent_statements_covered": 66.66666666666667, "percent_statements_covered_display": "67"}, "missing_lines": [189, 192], "excluded_lines": [], "start_line": 178}, "load_export_dir": {"executed_lines": [], "summary": {"covered_lines": 0, "num_statements": 6, "percent_covered": 0.0, "percent_covered_display": "0", "missing_lines": 6, "excluded_lines": 0, "percent_statements_covered": 0.0, "percent_statements_covered_display": "0"}, "missing_lines": [204, 205, 206, 207, 208, 209], "excluded_lines": [], "start_line": 195}, "load_rules_dir": {"executed_lines": [221, 222, 223, 224, 226], "summary": {"covered_lines": 5, "num_statements": 6, "percent_covered": 83.33333333333333, "percent_covered_display": "83", "missing_lines": 1, "excluded_lines": 0, "percent_statements_covered": 83.33333333333333, "percent_statements_covered_display": "83"}, "missing_lines": [225], "excluded_lines": [], "start_line": 212}, "load_number_locale": {"executed_lines": [], "summary": {"covered_lines": 0, "num_statements": 8, "percent_covered": 0.0, "percent_covered_display": "0", "missing_lines": 8, "excluded_lines": 0, "percent_statements_covered": 0.0, "percent_statements_covered_display": "0"}, "missing_lines": [243, 244, 245, 246, 247, 248, 249, 250], "excluded_lines": [], "start_line": 229}, "load_budget_alert_threshold": {"executed_lines": [267, 268, 269, 270, 271, 272, 273, 274, 275, 276], "summary": {"covered_lines": 10, "num_statements": 10, "percent_covered": 100.0, "percent_covered_display": "100", "missing_lines": 0, "excluded_lines": 0, "percent_statements_covered": 100.0, "percent_statements_covered_display": "100"}, "missing_lines": [], "excluded_lines": [], "start_line": 253}, "load_custom_reports": {"executed_lines": [289, 290, 291], "summary": {"covered_lines": 3, "num_statements": 3, "percent_covered": 100.0, "percent_covered_display": "100", "missing_lines": 0, "excluded_lines": 0, "percent_statements_covered": 100.0, "percent_statements_covered_display": "100"}, "missing_lines": [], "excluded_lines": [], "start_line": 279}, "save_custom_report": {"executed_lines": [301, 302, 303, 304, 305], "summary": {"covered_lines": 5, "num_statements": 5, "percent_covered": 100.0, "percent_covered_display": "100", "missing_lines": 0, "excluded_lines": 0, "percent_statements_covered": 100.0, "percent_statements_covered_display": "100"}, "missing_lines": [], "excluded_lines": [], "start_line": 294}, "delete_custom_report": {"executed_lines": [314, 315, 316, 317, 318], "summary": {"covered_lines": 5, "num_statements": 5, "percent_covered": 100.0, "percent_covered_display": "100", "missing_lines": 0, "excluded_lines": 0, "percent_statements_covered": 100.0, "percent_statements_covered_display": "100"}, "missing_lines": [], "excluded_lines": [], "start_line": 308}, "load_sync_config": {"executed_lines": [337, 338, 339, 341, 342, 343, 344, 345], "summary": {"covered_lines": 8, "num_statements": 10, "percent_covered": 80.0, "percent_covered_display": "80", "missing_lines": 2, "excluded_lines": 0, "percent_statements_covered": 80.0, "percent_statements_covered_display": "80"}, "missing_lines": [340, 346], "excluded_lines": [], "start_line": 321}, "_load_config_toml": {"executed_lines": [355], "summary": {"covered_lines": 1, "num_statements": 1, "percent_covered": 100.0, "percent_covered_display": "100", "missing_lines": 0, "excluded_lines": 0, "percent_statements_covered": 100.0, "percent_statements_covered_display": "100"}, "missing_lines": [], "excluded_lines": [], "start_line": 349}, "parse_args": {"executed_lines": [367, 371, 377], "summary": {"covered_lines": 3, "num_statements": 3, "percent_covered": 100.0, "percent_covered_display": "100", "missing_lines": 0, "excluded_lines": 0, "percent_statements_covered": 100.0, "percent_statements_covered_display": "100"}, "missing_lines": [], "excluded_lines": [], "start_line": 358}, "resolve_journal_file": {"executed_lines": [393, 394, 395, 396, 397, 398, 401, 402, 403, 404, 405, 406, 407, 410, 411, 412, 413, 414, 418, 419, 422, 423, 424, 426, 431], "summary": {"covered_lines": 25, "num_statements": 25, "percent_covered": 100.0, "percent_covered_display": "100", "missing_lines": 0, "excluded_lines": 0, "percent_statements_covered": 100.0, "percent_statements_covered_display": "100"}, "missing_lines": [], "excluded_lines": [], "start_line": 380}, "": {"executed_lines": [10, 12, 13, 14, 15, 17, 20, 36, 68, 77, 88, 97, 115, 130, 144, 157, 167, 178, 195, 212, 229, 253, 279, 294, 308, 321, 349, 358, 380], "summary": {"covered_lines": 29, "num_statements": 29, "percent_covered": 100.0, "percent_covered_display": "100", "missing_lines": 0, "excluded_lines": 0, "percent_statements_covered": 100.0, "percent_statements_covered_display": "100"}, "missing_lines": [], "excluded_lines": [], "start_line": 1}}, "classes": {"": {"executed_lines": [10, 12, 13, 14, 15, 17, 20, 22, 23, 24, 25, 26, 30, 31, 32, 33, 36, 43, 45, 47, 48, 49, 51, 52, 53, 54, 55, 56, 58, 59, 60, 61, 62, 63, 64, 65, 68, 74, 77, 83, 84, 85, 88, 94, 97, 110, 111, 112, 115, 125, 126, 127, 130, 137, 138, 139, 140, 141, 144, 150, 151, 152, 153, 154, 157, 163, 164, 167, 178, 187, 188, 190, 191, 195, 212, 221, 222, 223, 224, 226, 229, 253, 267, 268, 269, 270, 271, 272, 273, 274, 275, 276, 279, 289, 290, 291, 294, 301, 302, 303, 304, 305, 308, 314, 315, 316, 317, 318, 321, 337, 338, 339, 341, 342, 343, 344, 345, 349, 355, 358, 367, 371, 377, 380, 393, 394, 395, 396, 397, 398, 401, 402, 403, 404, 405, 406, 407, 410, 411, 412, 413, 414, 418, 419, 422, 423, 424, 426, 431], "summary": {"covered_lines": 149, "num_statements": 172, "percent_covered": 86.62790697674419, "percent_covered_display": "87", "missing_lines": 23, "excluded_lines": 0, "percent_statements_covered": 86.62790697674419, "percent_statements_covered_display": "87"}, "missing_lines": [28, 173, 174, 175, 189, 192, 204, 205, 206, 207, 208, 209, 225, 243, 244, 245, 246, 247, 248, 249, 250, 340, 346], "excluded_lines": [], "start_line": 1}}}, "src/hledger_textual/csv_import.py": {"executed_lines": [13, 15, 16, 17, 18, 19, 20, 21, 23, 24, 25, 28, 37, 49, 50, 53, 54, 55, 58, 71, 72, 75, 84, 85, 86, 87, 88, 89, 92, 100, 112, 113, 114, 115, 116, 117, 118, 121, 131, 139, 140, 141, 142, 145, 147, 148, 149, 150, 151, 154, 171, 172, 173, 174, 175, 178, 179, 180, 181, 182, 184, 185, 187, 190, 191, 194, 208, 209, 212, 225, 226, 227, 228, 229, 230, 231, 232, 233, 236, 237, 238, 239, 240, 244, 245, 246, 247, 250, 253, 254, 255, 258, 259, 260, 261, 262, 264, 267, 281, 282, 283, 284, 285, 286, 287, 288, 289, 290, 298, 312, 313, 315, 316, 317, 318, 319, 320, 321, 322, 325, 326, 327, 328, 330, 331, 332, 334, 335, 336, 338, 339, 340, 341, 342, 347, 348, 350, 361, 362, 363, 364, 365, 366, 368, 369, 370, 371, 372, 373, 375, 376, 377, 378, 379, 380, 382, 383, 384, 385, 386, 387, 389, 390, 392, 393, 394, 395, 396, 397, 398, 399, 400, 401, 402, 403, 407, 420, 448, 449, 450, 452, 453, 454, 457, 458, 459, 460, 462, 463, 464, 466, 467, 468, 469, 471, 472, 473, 475, 476, 477, 479, 480, 481, 482, 484, 487, 496, 497, 498, 499, 500, 503, 516, 517, 518, 519, 520, 523, 529, 530, 538, 554, 560, 561, 568, 572, 573, 575, 576, 579, 592, 595, 596, 597, 598, 599, 600, 601, 603, 606, 622, 624, 625, 630, 631, 632, 633, 635, 636, 637, 638, 639, 640, 642, 644, 647], "summary": {"covered_lines": 256, "num_statements": 286, "percent_covered": 89.5104895104895, "percent_covered_display": "90", "missing_lines": 30, "excluded_lines": 0, "percent_statements_covered": 89.5104895104895, "percent_statements_covered_display": "90"}, "missing_lines": [51, 90, 91, 241, 343, 344, 346, 351, 352, 353, 354, 355, 357, 358, 359, 405, 569, 626, 628, 668, 670, 671, 673, 674, 675, 676, 677, 678, 679, 682], "excluded_lines": [], "functions": {"get_rules_dir": {"executed_lines": [49, 50, 53, 54, 55], "summary": {"covered_lines": 5, "num_statements": 6, "percent_covered": 83.33333333333333, "percent_covered_display": "83", "missing_lines": 1, "excluded_lines": 0, "percent_statements_covered": 83.33333333333333, "percent_statements_covered_display": "83"}, "missing_lines": [51], "excluded_lines": [], "start_line": 37}, "find_companion_rules": {"executed_lines": [71, 72], "summary": {"covered_lines": 2, "num_statements": 2, "percent_covered": 100.0, "percent_covered_display": "100", "missing_lines": 0, "excluded_lines": 0, "percent_statements_covered": 100.0, "percent_statements_covered_display": "100"}, "missing_lines": [], "excluded_lines": [], "start_line": 58}, "list_rules_files": {"executed_lines": [84, 85, 86, 87, 88, 89, 92], "summary": {"covered_lines": 7, "num_statements": 9, "percent_covered": 77.77777777777777, "percent_covered_display": "78", "missing_lines": 2, "excluded_lines": 0, "percent_statements_covered": 77.77777777777777, "percent_statements_covered_display": "78"}, "missing_lines": [90, 91], "excluded_lines": [], "start_line": 75}, "detect_separator": {"executed_lines": [112, 113, 114, 115, 116, 117, 118], "summary": {"covered_lines": 7, "num_statements": 7, "percent_covered": 100.0, "percent_covered_display": "100", "missing_lines": 0, "excluded_lines": 0, "percent_statements_covered": 100.0, "percent_statements_covered_display": "100"}, "missing_lines": [], "excluded_lines": [], "start_line": 100}, "detect_date_format": {"executed_lines": [131, 139, 140, 141, 142], "summary": {"covered_lines": 5, "num_statements": 5, "percent_covered": 100.0, "percent_covered_display": "100", "missing_lines": 0, "excluded_lines": 0, "percent_statements_covered": 100.0, "percent_statements_covered_display": "100"}, "missing_lines": [], "excluded_lines": [], "start_line": 121}, "_try_parse_date": {"executed_lines": [147, 148, 149, 150, 151], "summary": {"covered_lines": 5, "num_statements": 5, "percent_covered": 100.0, "percent_covered_display": "100", "missing_lines": 0, "excluded_lines": 0, "percent_statements_covered": 100.0, "percent_statements_covered_display": "100"}, "missing_lines": [], "excluded_lines": [], "start_line": 145}, "detect_header_row": {"executed_lines": [171, 172, 173, 174, 175, 178, 179, 180, 181, 182, 184, 185, 187], "summary": {"covered_lines": 13, "num_statements": 13, "percent_covered": 100.0, "percent_covered_display": "100", "missing_lines": 0, "excluded_lines": 0, "percent_statements_covered": 100.0, "percent_statements_covered_display": "100"}, "missing_lines": [], "excluded_lines": [], "start_line": 154}, "auto_detect_field_mapping": {"executed_lines": [208, 209, 212, 225, 226, 227, 228, 229, 230, 231, 232, 233, 236, 237, 238, 239, 240, 244, 245, 246, 247, 250, 253, 254, 255, 258, 259, 260, 261, 262, 264], "summary": {"covered_lines": 31, "num_statements": 32, "percent_covered": 96.875, "percent_covered_display": "97", "missing_lines": 1, "excluded_lines": 0, "percent_statements_covered": 96.875, "percent_statements_covered_display": "97"}, "missing_lines": [241], "excluded_lines": [], "start_line": 194}, "read_csv_preview": {"executed_lines": [281, 282, 283, 284, 285, 286, 287, 288, 289, 290], "summary": {"covered_lines": 10, "num_statements": 10, "percent_covered": 100.0, "percent_covered_display": "100", "missing_lines": 0, "excluded_lines": 0, "percent_statements_covered": 100.0, "percent_statements_covered_display": "100"}, "missing_lines": [], "excluded_lines": [], "start_line": 267}, "parse_rules_file": {"executed_lines": [312, 313, 315, 316, 317, 318, 319, 320, 321, 322, 325, 326, 327, 328, 330, 331, 332, 334, 335, 336, 338, 339, 340, 341, 342, 347, 348, 350, 361, 362, 363, 364, 365, 366, 368, 369, 370, 371, 372, 373, 375, 376, 377, 378, 379, 380, 382, 383, 384, 385, 386, 387, 389, 390, 392, 393, 394, 395, 396, 397, 398, 399, 400, 401, 402, 403, 407], "summary": {"covered_lines": 67, "num_statements": 79, "percent_covered": 84.81012658227849, "percent_covered_display": "85", "missing_lines": 12, "excluded_lines": 0, "percent_statements_covered": 84.81012658227849, "percent_statements_covered_display": "85"}, "missing_lines": [343, 344, 346, 351, 352, 353, 354, 355, 357, 358, 359, 405], "excluded_lines": [], "start_line": 298}, "generate_rules_content": {"executed_lines": [448, 449, 450, 452, 453, 454, 457, 458, 459, 460, 462, 463, 464, 466, 467, 468, 469, 471, 472, 473, 475, 476, 477, 479, 480, 481, 482, 484], "summary": {"covered_lines": 28, "num_statements": 28, "percent_covered": 100.0, "percent_covered_display": "100", "missing_lines": 0, "excluded_lines": 0, "percent_statements_covered": 100.0, "percent_statements_covered_display": "100"}, "missing_lines": [], "excluded_lines": [], "start_line": 420}, "_slugify": {"executed_lines": [496, 497, 498, 499, 500], "summary": {"covered_lines": 5, "num_statements": 5, "percent_covered": 100.0, "percent_covered_display": "100", "missing_lines": 0, "excluded_lines": 0, "percent_statements_covered": 100.0, "percent_statements_covered_display": "100"}, "missing_lines": [], "excluded_lines": [], "start_line": 487}, "save_rules_file": {"executed_lines": [516, 517, 518, 519, 520], "summary": {"covered_lines": 5, "num_statements": 5, "percent_covered": 100.0, "percent_covered_display": "100", "missing_lines": 0, "excluded_lines": 0, "percent_statements_covered": 100.0, "percent_statements_covered_display": "100"}, "missing_lines": [], "excluded_lines": [], "start_line": 503}, "delete_rules_file": {"executed_lines": [529, 530], "summary": {"covered_lines": 2, "num_statements": 2, "percent_covered": 100.0, "percent_covered_display": "100", "missing_lines": 0, "excluded_lines": 0, "percent_statements_covered": 100.0, "percent_statements_covered_display": "100"}, "missing_lines": [], "excluded_lines": [], "start_line": 523}, "preview_import": {"executed_lines": [554, 560, 561, 568, 572, 573, 575, 576], "summary": {"covered_lines": 8, "num_statements": 9, "percent_covered": 88.88888888888889, "percent_covered_display": "89", "missing_lines": 1, "excluded_lines": 0, "percent_statements_covered": 88.88888888888889, "percent_statements_covered_display": "89"}, "missing_lines": [569], "excluded_lines": [], "start_line": 538}, "validate_rules_content": {"executed_lines": [592, 595, 596, 597, 598, 599, 600, 601, 603], "summary": {"covered_lines": 9, "num_statements": 9, "percent_covered": 100.0, "percent_covered_display": "100", "missing_lines": 0, "excluded_lines": 0, "percent_statements_covered": 100.0, "percent_statements_covered_display": "100"}, "missing_lines": [], "excluded_lines": [], "start_line": 579}, "check_duplicates": {"executed_lines": [622, 624, 625, 630, 631, 632, 633, 635, 636, 637, 638, 639, 640, 642, 644], "summary": {"covered_lines": 15, "num_statements": 17, "percent_covered": 88.23529411764706, "percent_covered_display": "88", "missing_lines": 2, "excluded_lines": 0, "percent_statements_covered": 88.23529411764706, "percent_statements_covered_display": "88"}, "missing_lines": [626, 628], "excluded_lines": [], "start_line": 606}, "execute_import": {"executed_lines": [], "summary": {"covered_lines": 0, "num_statements": 11, "percent_covered": 0.0, "percent_covered_display": "0", "missing_lines": 11, "excluded_lines": 0, "percent_statements_covered": 0.0, "percent_statements_covered_display": "0"}, "missing_lines": [668, 670, 671, 673, 674, 675, 676, 677, 678, 679, 682], "excluded_lines": [], "start_line": 647}, "": {"executed_lines": [13, 15, 16, 17, 18, 19, 20, 21, 23, 24, 25, 28, 37, 58, 75, 100, 121, 145, 154, 190, 191, 194, 267, 298, 420, 487, 503, 523, 538, 579, 606, 647], "summary": {"covered_lines": 32, "num_statements": 32, "percent_covered": 100.0, "percent_covered_display": "100", "missing_lines": 0, "excluded_lines": 0, "percent_statements_covered": 100.0, "percent_statements_covered_display": "100"}, "missing_lines": [], "excluded_lines": [], "start_line": 1}}, "classes": {"CsvImportError": {"executed_lines": [], "summary": {"covered_lines": 0, "num_statements": 0, "percent_covered": 100.0, "percent_covered_display": "100", "missing_lines": 0, "excluded_lines": 0, "percent_statements_covered": 100.0, "percent_statements_covered_display": "100"}, "missing_lines": [], "excluded_lines": [], "start_line": 28}, "": {"executed_lines": [13, 15, 16, 17, 18, 19, 20, 21, 23, 24, 25, 28, 37, 49, 50, 53, 54, 55, 58, 71, 72, 75, 84, 85, 86, 87, 88, 89, 92, 100, 112, 113, 114, 115, 116, 117, 118, 121, 131, 139, 140, 141, 142, 145, 147, 148, 149, 150, 151, 154, 171, 172, 173, 174, 175, 178, 179, 180, 181, 182, 184, 185, 187, 190, 191, 194, 208, 209, 212, 225, 226, 227, 228, 229, 230, 231, 232, 233, 236, 237, 238, 239, 240, 244, 245, 246, 247, 250, 253, 254, 255, 258, 259, 260, 261, 262, 264, 267, 281, 282, 283, 284, 285, 286, 287, 288, 289, 290, 298, 312, 313, 315, 316, 317, 318, 319, 320, 321, 322, 325, 326, 327, 328, 330, 331, 332, 334, 335, 336, 338, 339, 340, 341, 342, 347, 348, 350, 361, 362, 363, 364, 365, 366, 368, 369, 370, 371, 372, 373, 375, 376, 377, 378, 379, 380, 382, 383, 384, 385, 386, 387, 389, 390, 392, 393, 394, 395, 396, 397, 398, 399, 400, 401, 402, 403, 407, 420, 448, 449, 450, 452, 453, 454, 457, 458, 459, 460, 462, 463, 464, 466, 467, 468, 469, 471, 472, 473, 475, 476, 477, 479, 480, 481, 482, 484, 487, 496, 497, 498, 499, 500, 503, 516, 517, 518, 519, 520, 523, 529, 530, 538, 554, 560, 561, 568, 572, 573, 575, 576, 579, 592, 595, 596, 597, 598, 599, 600, 601, 603, 606, 622, 624, 625, 630, 631, 632, 633, 635, 636, 637, 638, 639, 640, 642, 644, 647], "summary": {"covered_lines": 256, "num_statements": 286, "percent_covered": 89.5104895104895, "percent_covered_display": "90", "missing_lines": 30, "excluded_lines": 0, "percent_statements_covered": 89.5104895104895, "percent_statements_covered_display": "90"}, "missing_lines": [51, 90, 91, 241, 343, 344, 346, 351, 352, 353, 354, 355, 357, 358, 359, 405, 569, 626, 628, 668, 670, 671, 673, 674, 675, 676, 677, 678, 679, 682], "excluded_lines": [], "start_line": 1}}}, "src/hledger_textual/dateutil.py": {"executed_lines": [3, 5, 6, 9, 18, 19, 20, 21, 24, 33, 34, 35, 36, 39], "summary": {"covered_lines": 14, "num_statements": 19, "percent_covered": 73.6842105263158, "percent_covered_display": "74", "missing_lines": 5, "excluded_lines": 0, "percent_statements_covered": 73.6842105263158, "percent_statements_covered_display": "74"}, "missing_lines": [49, 50, 51, 52, 53], "excluded_lines": [], "functions": {"prev_month": {"executed_lines": [18, 19, 20, 21], "summary": {"covered_lines": 4, "num_statements": 4, "percent_covered": 100.0, "percent_covered_display": "100", "missing_lines": 0, "excluded_lines": 0, "percent_statements_covered": 100.0, "percent_statements_covered_display": "100"}, "missing_lines": [], "excluded_lines": [], "start_line": 9}, "next_month": {"executed_lines": [33, 34, 35, 36], "summary": {"covered_lines": 4, "num_statements": 4, "percent_covered": 100.0, "percent_covered_display": "100", "missing_lines": 0, "excluded_lines": 0, "percent_statements_covered": 100.0, "percent_statements_covered_display": "100"}, "missing_lines": [], "excluded_lines": [], "start_line": 24}, "shift_date_months": {"executed_lines": [], "summary": {"covered_lines": 0, "num_statements": 5, "percent_covered": 0.0, "percent_covered_display": "0", "missing_lines": 5, "excluded_lines": 0, "percent_statements_covered": 0.0, "percent_statements_covered_display": "0"}, "missing_lines": [49, 50, 51, 52, 53], "excluded_lines": [], "start_line": 39}, "": {"executed_lines": [3, 5, 6, 9, 24, 39], "summary": {"covered_lines": 6, "num_statements": 6, "percent_covered": 100.0, "percent_covered_display": "100", "missing_lines": 0, "excluded_lines": 0, "percent_statements_covered": 100.0, "percent_statements_covered_display": "100"}, "missing_lines": [], "excluded_lines": [], "start_line": 1}}, "classes": {"": {"executed_lines": [3, 5, 6, 9, 18, 19, 20, 21, 24, 33, 34, 35, 36, 39], "summary": {"covered_lines": 14, "num_statements": 19, "percent_covered": 73.6842105263158, "percent_covered_display": "74", "missing_lines": 5, "excluded_lines": 0, "percent_statements_covered": 73.6842105263158, "percent_statements_covered_display": "74"}, "missing_lines": [49, 50, 51, 52, 53], "excluded_lines": [], "start_line": 1}}}, "src/hledger_textual/export.py": {"executed_lines": [3, 5, 6, 7, 8, 9, 12, 13, 23, 24, 25, 26, 29, 35, 36, 37, 40, 50, 51, 54, 61, 62, 63, 64, 65, 68, 78, 80, 82, 83, 85, 86, 89, 90, 91, 94, 95, 96, 100, 103, 104, 105, 106, 109, 110, 111, 112, 113, 114, 116, 119, 134, 135, 138, 139, 140, 141, 142, 143, 144, 145, 146, 147, 148, 151, 152, 155, 158, 159, 163, 164, 165, 166, 168, 171, 180, 182], "summary": {"covered_lines": 77, "num_statements": 81, "percent_covered": 95.06172839506173, "percent_covered_display": "95", "missing_lines": 4, "excluded_lines": 0, "percent_statements_covered": 95.06172839506173, "percent_statements_covered_display": "95"}, "missing_lines": [97, 98, 153, 160], "excluded_lines": [], "functions": {"default_export_dir": {"executed_lines": [35, 36, 37], "summary": {"covered_lines": 3, "num_statements": 3, "percent_covered": 100.0, "percent_covered_display": "100", "missing_lines": 0, "excluded_lines": 0, "percent_statements_covered": 100.0, "percent_statements_covered_display": "100"}, "missing_lines": [], "excluded_lines": [], "start_line": 29}, "default_filename": {"executed_lines": [50, 51], "summary": {"covered_lines": 2, "num_statements": 2, "percent_covered": 100.0, "percent_covered_display": "100", "missing_lines": 0, "excluded_lines": 0, "percent_statements_covered": 100.0, "percent_statements_covered_display": "100"}, "missing_lines": [], "excluded_lines": [], "start_line": 40}, "export_csv": {"executed_lines": [61, 62, 63, 64, 65], "summary": {"covered_lines": 5, "num_statements": 5, "percent_covered": 100.0, "percent_covered_display": "100", "missing_lines": 0, "excluded_lines": 0, "percent_statements_covered": 100.0, "percent_statements_covered_display": "100"}, "missing_lines": [], "excluded_lines": [], "start_line": 54}, "export_pdf": {"executed_lines": [78, 80, 82, 83, 85, 86, 89, 90, 91, 94, 95, 96, 100, 103, 104, 105, 106, 109, 110, 111, 112, 113, 114, 116], "summary": {"covered_lines": 24, "num_statements": 26, "percent_covered": 92.3076923076923, "percent_covered_display": "92", "missing_lines": 2, "excluded_lines": 0, "percent_statements_covered": 92.3076923076923, "percent_statements_covered_display": "92"}, "missing_lines": [97, 98], "excluded_lines": [], "start_line": 68}, "_compute_col_widths": {"executed_lines": [134, 135, 138, 139, 140, 141, 142, 143, 144, 145, 146, 147, 148, 151, 152, 155, 158, 159, 163, 164, 165, 166, 168], "summary": {"covered_lines": 23, "num_statements": 25, "percent_covered": 92.0, "percent_covered_display": "92", "missing_lines": 2, "excluded_lines": 0, "percent_statements_covered": 92.0, "percent_statements_covered_display": "92"}, "missing_lines": [153, 160], "excluded_lines": [], "start_line": 119}, "_strip_markup": {"executed_lines": [180, 182], "summary": {"covered_lines": 2, "num_statements": 2, "percent_covered": 100.0, "percent_covered_display": "100", "missing_lines": 0, "excluded_lines": 0, "percent_statements_covered": 100.0, "percent_statements_covered_display": "100"}, "missing_lines": [], "excluded_lines": [], "start_line": 171}, "": {"executed_lines": [3, 5, 6, 7, 8, 9, 12, 13, 23, 24, 25, 26, 29, 40, 54, 68, 119, 171], "summary": {"covered_lines": 18, "num_statements": 18, "percent_covered": 100.0, "percent_covered_display": "100", "missing_lines": 0, "excluded_lines": 0, "percent_statements_covered": 100.0, "percent_statements_covered_display": "100"}, "missing_lines": [], "excluded_lines": [], "start_line": 1}}, "classes": {"ExportData": {"executed_lines": [], "summary": {"covered_lines": 0, "num_statements": 0, "percent_covered": 100.0, "percent_covered_display": "100", "missing_lines": 0, "excluded_lines": 0, "percent_statements_covered": 100.0, "percent_statements_covered_display": "100"}, "missing_lines": [], "excluded_lines": [], "start_line": 13}, "": {"executed_lines": [3, 5, 6, 7, 8, 9, 12, 13, 23, 24, 25, 26, 29, 35, 36, 37, 40, 50, 51, 54, 61, 62, 63, 64, 65, 68, 78, 80, 82, 83, 85, 86, 89, 90, 91, 94, 95, 96, 100, 103, 104, 105, 106, 109, 110, 111, 112, 113, 114, 116, 119, 134, 135, 138, 139, 140, 141, 142, 143, 144, 145, 146, 147, 148, 151, 152, 155, 158, 159, 163, 164, 165, 166, 168, 171, 180, 182], "summary": {"covered_lines": 77, "num_statements": 81, "percent_covered": 95.06172839506173, "percent_covered_display": "95", "missing_lines": 4, "excluded_lines": 0, "percent_statements_covered": 95.06172839506173, "percent_statements_covered_display": "95"}, "missing_lines": [97, 98, 153, 160], "excluded_lines": [], "start_line": 1}}}, "src/hledger_textual/fileutil.py": {"executed_lines": [3, 5, 6, 7, 10, 19, 20, 21, 24, 31, 34, 40, 43, 66, 68, 69, 71, 72, 80], "summary": {"covered_lines": 19, "num_statements": 29, "percent_covered": 65.51724137931035, "percent_covered_display": "66", "missing_lines": 10, "excluded_lines": 0, "percent_statements_covered": 65.51724137931035, "percent_statements_covered_display": "66"}, "missing_lines": [73, 74, 75, 76, 81, 82, 83, 84, 85, 86], "excluded_lines": [], "functions": {"backup": {"executed_lines": [19, 20, 21], "summary": {"covered_lines": 3, "num_statements": 3, "percent_covered": 100.0, "percent_covered_display": "100", "missing_lines": 0, "excluded_lines": 0, "percent_statements_covered": 100.0, "percent_statements_covered_display": "100"}, "missing_lines": [], "excluded_lines": [], "start_line": 10}, "restore": {"executed_lines": [31], "summary": {"covered_lines": 1, "num_statements": 1, "percent_covered": 100.0, "percent_covered_display": "100", "missing_lines": 0, "excluded_lines": 0, "percent_statements_covered": 100.0, "percent_statements_covered_display": "100"}, "missing_lines": [], "excluded_lines": [], "start_line": 24}, "cleanup_backup": {"executed_lines": [40], "summary": {"covered_lines": 1, "num_statements": 1, "percent_covered": 100.0, "percent_covered_display": "100", "missing_lines": 0, "excluded_lines": 0, "percent_statements_covered": 100.0, "percent_statements_covered_display": "100"}, "missing_lines": [], "excluded_lines": [], "start_line": 34}, "safe_write_with_validation": {"executed_lines": [66, 68, 69, 71, 72, 80], "summary": {"covered_lines": 6, "num_statements": 16, "percent_covered": 37.5, "percent_covered_display": "38", "missing_lines": 10, "excluded_lines": 0, "percent_statements_covered": 37.5, "percent_statements_covered_display": "38"}, "missing_lines": [73, 74, 75, 76, 81, 82, 83, 84, 85, 86], "excluded_lines": [], "start_line": 43}, "": {"executed_lines": [3, 5, 6, 7, 10, 24, 34, 43], "summary": {"covered_lines": 8, "num_statements": 8, "percent_covered": 100.0, "percent_covered_display": "100", "missing_lines": 0, "excluded_lines": 0, "percent_statements_covered": 100.0, "percent_statements_covered_display": "100"}, "missing_lines": [], "excluded_lines": [], "start_line": 1}}, "classes": {"": {"executed_lines": [3, 5, 6, 7, 10, 19, 20, 21, 24, 31, 34, 40, 43, 66, 68, 69, 71, 72, 80], "summary": {"covered_lines": 19, "num_statements": 29, "percent_covered": 65.51724137931035, "percent_covered_display": "66", "missing_lines": 10, "excluded_lines": 0, "percent_statements_covered": 65.51724137931035, "percent_statements_covered_display": "66"}, "missing_lines": [73, 74, 75, 76, 81, 82, 83, 84, 85, 86], "excluded_lines": [], "start_line": 1}}}, "src/hledger_textual/formatter.py": {"executed_lines": [3, 5, 8, 15, 28, 31, 46, 47, 49, 50, 51, 52, 54, 55, 57, 60, 70, 72, 73, 75, 76, 78, 80, 82, 83, 86, 90, 92, 100, 103, 108], "summary": {"covered_lines": 31, "num_statements": 31, "percent_covered": 100.0, "percent_covered_display": "100", "missing_lines": 0, "excluded_lines": 0, "percent_statements_covered": 100.0, "percent_statements_covered_display": "100"}, "missing_lines": [], "excluded_lines": [], "functions": {"normalize_commodity": {"executed_lines": [28], "summary": {"covered_lines": 1, "num_statements": 1, "percent_covered": 100.0, "percent_covered_display": "100", "missing_lines": 0, "excluded_lines": 0, "percent_statements_covered": 100.0, "percent_statements_covered_display": "100"}, "missing_lines": [], "excluded_lines": [], "start_line": 15}, "format_posting": {"executed_lines": [46, 47, 49, 50, 51, 52, 54, 55, 57], "summary": {"covered_lines": 9, "num_statements": 9, "percent_covered": 100.0, "percent_covered_display": "100", "missing_lines": 0, "excluded_lines": 0, "percent_statements_covered": 100.0, "percent_statements_covered_display": "100"}, "missing_lines": [], "excluded_lines": [], "start_line": 31}, "format_transaction": {"executed_lines": [70, 72, 73, 75, 76, 78, 80, 82, 83, 86, 90, 92, 100, 103, 108], "summary": {"covered_lines": 15, "num_statements": 15, "percent_covered": 100.0, "percent_covered_display": "100", "missing_lines": 0, "excluded_lines": 0, "percent_statements_covered": 100.0, "percent_statements_covered_display": "100"}, "missing_lines": [], "excluded_lines": [], "start_line": 60}, "": {"executed_lines": [3, 5, 8, 15, 31, 60], "summary": {"covered_lines": 6, "num_statements": 6, "percent_covered": 100.0, "percent_covered_display": "100", "missing_lines": 0, "excluded_lines": 0, "percent_statements_covered": 100.0, "percent_statements_covered_display": "100"}, "missing_lines": [], "excluded_lines": [], "start_line": 1}}, "classes": {"": {"executed_lines": [3, 5, 8, 15, 28, 31, 46, 47, 49, 50, 51, 52, 54, 55, 57, 60, 70, 72, 73, 75, 76, 78, 80, 82, 83, 86, 90, 92, 100, 103, 108], "summary": {"covered_lines": 31, "num_statements": 31, "percent_covered": 100.0, "percent_covered_display": "100", "missing_lines": 0, "excluded_lines": 0, "percent_statements_covered": 100.0, "percent_statements_covered_display": "100"}, "missing_lines": [], "excluded_lines": [], "start_line": 1}}}, "src/hledger_textual/git.py": {"executed_lines": [3, 5, 6, 7, 8, 11, 15, 28, 29, 31, 32, 42, 43, 44, 45, 46, 47, 48, 51, 60, 61, 62, 63, 64, 67, 76, 77, 80, 81, 82, 85, 94, 95, 96, 97, 98, 99, 100, 101, 104, 122, 125, 126, 129, 130, 131, 132, 134, 135, 136, 139, 140, 141, 143, 144, 145, 146, 147, 153, 155, 156, 157], "summary": {"covered_lines": 62, "num_statements": 62, "percent_covered": 100.0, "percent_covered_display": "100", "missing_lines": 0, "excluded_lines": 0, "percent_statements_covered": 100.0, "percent_statements_covered_display": "100"}, "missing_lines": [], "excluded_lines": [], "functions": {"run_git": {"executed_lines": [28, 29, 31, 32, 42, 43, 44, 45, 46, 47, 48], "summary": {"covered_lines": 11, "num_statements": 11, "percent_covered": 100.0, "percent_covered_display": "100", "missing_lines": 0, "excluded_lines": 0, "percent_statements_covered": 100.0, "percent_statements_covered_display": "100"}, "missing_lines": [], "excluded_lines": [], "start_line": 15}, "is_git_repo": {"executed_lines": [60, 61, 62, 63, 64], "summary": {"covered_lines": 5, "num_statements": 5, "percent_covered": 100.0, "percent_covered_display": "100", "missing_lines": 0, "excluded_lines": 0, "percent_statements_covered": 100.0, "percent_statements_covered_display": "100"}, "missing_lines": [], "excluded_lines": [], "start_line": 51}, "git_branch": {"executed_lines": [76, 77, 80, 81, 82], "summary": {"covered_lines": 5, "num_statements": 5, "percent_covered": 100.0, "percent_covered_display": "100", "missing_lines": 0, "excluded_lines": 0, "percent_statements_covered": 100.0, "percent_statements_covered_display": "100"}, "missing_lines": [], "excluded_lines": [], "start_line": 67}, "git_status_summary": {"executed_lines": [94, 95, 96, 97, 98, 99, 100, 101], "summary": {"covered_lines": 8, "num_statements": 8, "percent_covered": 100.0, "percent_covered_display": "100", "missing_lines": 0, "excluded_lines": 0, "percent_statements_covered": 100.0, "percent_statements_covered_display": "100"}, "missing_lines": [], "excluded_lines": [], "start_line": 85}, "git_sync": {"executed_lines": [122, 125, 126, 129, 130, 131, 132, 134, 135, 136, 139, 140, 141, 143, 144, 145, 146, 147, 153, 155, 156, 157], "summary": {"covered_lines": 22, "num_statements": 22, "percent_covered": 100.0, "percent_covered_display": "100", "missing_lines": 0, "excluded_lines": 0, "percent_statements_covered": 100.0, "percent_statements_covered_display": "100"}, "missing_lines": [], "excluded_lines": [], "start_line": 104}, "": {"executed_lines": [3, 5, 6, 7, 8, 11, 15, 51, 67, 85, 104], "summary": {"covered_lines": 11, "num_statements": 11, "percent_covered": 100.0, "percent_covered_display": "100", "missing_lines": 0, "excluded_lines": 0, "percent_statements_covered": 100.0, "percent_statements_covered_display": "100"}, "missing_lines": [], "excluded_lines": [], "start_line": 1}}, "classes": {"GitError": {"executed_lines": [], "summary": {"covered_lines": 0, "num_statements": 0, "percent_covered": 100.0, "percent_covered_display": "100", "missing_lines": 0, "excluded_lines": 0, "percent_statements_covered": 100.0, "percent_statements_covered_display": "100"}, "missing_lines": [], "excluded_lines": [], "start_line": 11}, "": {"executed_lines": [3, 5, 6, 7, 8, 11, 15, 28, 29, 31, 32, 42, 43, 44, 45, 46, 47, 48, 51, 60, 61, 62, 63, 64, 67, 76, 77, 80, 81, 82, 85, 94, 95, 96, 97, 98, 99, 100, 101, 104, 122, 125, 126, 129, 130, 131, 132, 134, 135, 136, 139, 140, 141, 143, 144, 145, 146, 147, 153, 155, 156, 157], "summary": {"covered_lines": 62, "num_statements": 62, "percent_covered": 100.0, "percent_covered_display": "100", "missing_lines": 0, "excluded_lines": 0, "percent_statements_covered": 100.0, "percent_statements_covered_display": "100"}, "missing_lines": [], "excluded_lines": [], "start_line": 1}}}, "src/hledger_textual/hledger.py": {"executed_lines": [3, 5, 6, 7, 8, 9, 10, 11, 12, 14, 16, 17, 32, 36, 49, 50, 51, 52, 57, 58, 60, 61, 68, 72, 73, 76, 79, 81, 82, 84, 85, 86, 87, 88, 92, 104, 107, 120, 123, 135, 136, 137, 138, 143, 146, 155, 158, 166, 167, 168, 169, 171, 172, 173, 174, 175, 176, 177, 179, 189, 190, 191, 211, 219, 221, 222, 224, 232, 234, 241, 243, 244, 246, 247, 248, 249, 254, 268, 290, 291, 292, 294, 295, 296, 297, 298, 300, 301, 302, 303, 305, 306, 308, 311, 328, 329, 330, 331, 334, 335, 336, 337, 343, 344, 346, 349, 363, 364, 365, 366, 369, 385, 387, 388, 389, 392, 393, 394, 396, 397, 405, 406, 408, 410, 411, 413, 414, 415, 416, 418, 419, 422, 423, 427, 430, 442, 443, 446, 463, 465, 466, 467, 469, 470, 472, 474, 475, 476, 477, 478, 479, 484, 485, 488, 489, 490, 491, 492, 493, 496, 497, 500, 502, 505, 514, 515, 516, 517, 520, 537, 538, 539, 540, 543, 544, 545, 546, 547, 548, 549, 551, 552, 553, 554, 556, 558, 559, 560, 561, 562, 566, 569, 570, 571, 573, 576, 588, 589, 592, 601, 602, 603, 606, 607, 608, 609, 610, 615, 616, 617, 618, 619, 624, 625, 626, 627, 630, 650, 651, 652, 653, 654, 656, 662, 665, 666, 667, 670, 671, 672, 675, 680, 681, 682, 684, 685, 687, 695, 698, 699, 700, 701, 702, 704, 705, 712, 713, 715, 718, 816, 830, 832, 833, 834, 835, 837, 838, 839, 840, 841, 842, 843, 845, 846, 852, 859, 884, 885, 886, 887, 888, 890, 893, 894, 895, 897, 902, 903, 904, 905, 907, 908, 909, 910, 913, 918, 919, 920, 921, 923, 924, 925, 926, 929, 930, 931, 937, 938, 939, 940, 942, 943, 945, 946, 950, 955, 956, 958, 961, 979, 985, 986, 987, 988, 989, 991, 992, 993, 994, 996, 997, 1000, 1016, 1019, 1035, 1038, 1056, 1062, 1063, 1064, 1065, 1066, 1068, 1069, 1070, 1071, 1073, 1074, 1077, 1094, 1100, 1101, 1102, 1103, 1112, 1115, 1129, 1135, 1136, 1137, 1138, 1145, 1148, 1164, 1171, 1172, 1173, 1174, 1181, 1184, 1207, 1208, 1209, 1210, 1211, 1212, 1213, 1215, 1216, 1219, 1235, 1236, 1238, 1239, 1241, 1242, 1245, 1248, 1249, 1252, 1253, 1254, 1257, 1258, 1261, 1263, 1264, 1269, 1277, 1284, 1316, 1317, 1318, 1319, 1320, 1322, 1323, 1324, 1325, 1326, 1327, 1328, 1329, 1330, 1332, 1333, 1335, 1336, 1338, 1341, 1358, 1359], "summary": {"covered_lines": 412, "num_statements": 512, "percent_covered": 80.46875, "percent_covered_display": "80", "missing_lines": 100, "excluded_lines": 0, "percent_statements_covered": 80.46875, "percent_statements_covered_display": "80"}, "missing_lines": [69, 192, 193, 194, 195, 204, 209, 332, 395, 425, 495, 564, 567, 568, 611, 612, 620, 621, 663, 668, 673, 689, 690, 691, 692, 693, 743, 749, 750, 752, 753, 754, 755, 759, 760, 761, 762, 763, 764, 765, 766, 767, 769, 770, 772, 773, 774, 775, 776, 777, 779, 780, 781, 782, 784, 785, 786, 787, 788, 789, 790, 791, 792, 793, 796, 797, 798, 799, 800, 801, 802, 804, 811, 813, 906, 922, 941, 944, 947, 948, 990, 1067, 1104, 1105, 1106, 1107, 1109, 1110, 1139, 1140, 1141, 1142, 1143, 1175, 1176, 1177, 1178, 1179, 1255, 1259], "excluded_lines": [], "functions": {"run_hledger": {"executed_lines": [49, 50, 51, 52, 57, 58, 60, 61, 68, 72, 73, 76], "summary": {"covered_lines": 12, "num_statements": 13, "percent_covered": 92.3076923076923, "percent_covered_display": "92", "missing_lines": 1, "excluded_lines": 0, "percent_statements_covered": 92.3076923076923, "percent_statements_covered_display": "92"}, "missing_lines": [69], "excluded_lines": [], "start_line": 36}, "get_hledger_version": {"executed_lines": [81, 82, 84, 85, 86, 87, 88], "summary": {"covered_lines": 7, "num_statements": 7, "percent_covered": 100.0, "percent_covered_display": "100", "missing_lines": 0, "excluded_lines": 0, "percent_statements_covered": 100.0, "percent_statements_covered_display": "100"}, "missing_lines": [], "excluded_lines": [], "start_line": 79}, "escape_for_hledger": {"executed_lines": [120], "summary": {"covered_lines": 1, "num_statements": 1, "percent_covered": 100.0, "percent_covered_display": "100", "missing_lines": 0, "excluded_lines": 0, "percent_statements_covered": 100.0, "percent_statements_covered_display": "100"}, "missing_lines": [], "excluded_lines": [], "start_line": 107}, "expand_search_query": {"executed_lines": [135, 136, 137, 138, 143], "summary": {"covered_lines": 5, "num_statements": 5, "percent_covered": 100.0, "percent_covered_display": "100", "missing_lines": 0, "excluded_lines": 0, "percent_statements_covered": 100.0, "percent_statements_covered_display": "100"}, "missing_lines": [], "excluded_lines": [], "start_line": 123}, "check_journal": {"executed_lines": [155], "summary": {"covered_lines": 1, "num_statements": 1, "percent_covered": 100.0, "percent_covered_display": "100", "missing_lines": 0, "excluded_lines": 0, "percent_statements_covered": 100.0, "percent_statements_covered_display": "100"}, "missing_lines": [], "excluded_lines": [], "start_line": 146}, "_parse_amount": {"executed_lines": [166, 167, 168, 169, 171, 172, 173, 174, 175, 176, 177, 179, 189, 190, 191, 211], "summary": {"covered_lines": 16, "num_statements": 22, "percent_covered": 72.72727272727273, "percent_covered_display": "73", "missing_lines": 6, "excluded_lines": 0, "percent_statements_covered": 72.72727272727273, "percent_statements_covered_display": "73"}, "missing_lines": [192, 193, 194, 195, 204, 209], "excluded_lines": [], "start_line": 158}, "_parse_posting": {"executed_lines": [221, 222, 224], "summary": {"covered_lines": 3, "num_statements": 3, "percent_covered": 100.0, "percent_covered_display": "100", "missing_lines": 0, "excluded_lines": 0, "percent_statements_covered": 100.0, "percent_statements_covered_display": "100"}, "missing_lines": [], "excluded_lines": [], "start_line": 219}, "_parse_source_position": {"executed_lines": [234], "summary": {"covered_lines": 1, "num_statements": 1, "percent_covered": 100.0, "percent_covered_display": "100", "missing_lines": 0, "excluded_lines": 0, "percent_statements_covered": 100.0, "percent_statements_covered_display": "100"}, "missing_lines": [], "excluded_lines": [], "start_line": 232}, "_parse_transaction": {"executed_lines": [243, 244, 246, 247, 248, 249, 254], "summary": {"covered_lines": 7, "num_statements": 7, "percent_covered": 100.0, "percent_covered_display": "100", "missing_lines": 0, "excluded_lines": 0, "percent_statements_covered": 100.0, "percent_statements_covered_display": "100"}, "missing_lines": [], "excluded_lines": [], "start_line": 241}, "load_transactions": {"executed_lines": [290, 291, 292, 294, 295, 296, 297, 298, 300, 301, 302, 303, 305, 306, 308], "summary": {"covered_lines": 15, "num_statements": 15, "percent_covered": 100.0, "percent_covered_display": "100", "missing_lines": 0, "excluded_lines": 0, "percent_statements_covered": 100.0, "percent_statements_covered_display": "100"}, "missing_lines": [], "excluded_lines": [], "start_line": 268}, "load_account_balances": {"executed_lines": [328, 329, 330, 331, 334, 335, 336, 337, 343, 344, 346], "summary": {"covered_lines": 11, "num_statements": 12, "percent_covered": 91.66666666666667, "percent_covered_display": "92", "missing_lines": 1, "excluded_lines": 0, "percent_statements_covered": 91.66666666666667, "percent_statements_covered_display": "92"}, "missing_lines": [332], "excluded_lines": [], "start_line": 311}, "_parse_tree_account": {"executed_lines": [363, 364, 365, 366], "summary": {"covered_lines": 4, "num_statements": 4, "percent_covered": 100.0, "percent_covered_display": "100", "missing_lines": 0, "excluded_lines": 0, "percent_statements_covered": 100.0, "percent_statements_covered_display": "100"}, "missing_lines": [], "excluded_lines": [], "start_line": 349}, "load_account_tree_balances": {"executed_lines": [385, 387, 388, 389, 392, 393, 394, 396, 397, 405, 406, 408, 410, 411, 413, 414, 415, 416, 418, 419, 422, 423, 427], "summary": {"covered_lines": 23, "num_statements": 25, "percent_covered": 92.0, "percent_covered_display": "92", "missing_lines": 2, "excluded_lines": 0, "percent_statements_covered": 92.0, "percent_statements_covered_display": "92"}, "missing_lines": [395, 425], "excluded_lines": [], "start_line": 369}, "load_accounts": {"executed_lines": [442, 443], "summary": {"covered_lines": 2, "num_statements": 2, "percent_covered": 100.0, "percent_covered_display": "100", "missing_lines": 0, "excluded_lines": 0, "percent_statements_covered": 100.0, "percent_statements_covered_display": "100"}, "missing_lines": [], "excluded_lines": [], "start_line": 430}, "load_account_directives": {"executed_lines": [463, 465, 466, 467, 469, 470, 472, 474, 475, 476, 477, 478, 479, 484, 485, 488, 489, 490, 491, 492, 493, 496, 497, 500, 502], "summary": {"covered_lines": 25, "num_statements": 26, "percent_covered": 96.15384615384616, "percent_covered_display": "96", "missing_lines": 1, "excluded_lines": 0, "percent_statements_covered": 96.15384615384616, "percent_statements_covered_display": "96"}, "missing_lines": [495], "excluded_lines": [], "start_line": 446}, "_parse_comment_tags": {"executed_lines": [514, 515, 516, 517], "summary": {"covered_lines": 4, "num_statements": 4, "percent_covered": 100.0, "percent_covered_display": "100", "missing_lines": 0, "excluded_lines": 0, "percent_statements_covered": 100.0, "percent_statements_covered_display": "100"}, "missing_lines": [], "excluded_lines": [], "start_line": 505}, "save_account_directive": {"executed_lines": [537, 538, 539, 540, 543, 544, 545, 546, 547, 548, 549, 551, 552,
[...]
 189, 190, 191, 193, 195, 196, 197, 199, 210, 212, 213, 214, 215, 217, 218, 219, 221, 242, 243, 255, 256, 257, 259, 260, 261, 262, 263, 271, 277, 278, 280, 281, 282, 283, 285, 293, 295, 297, 298, 299, 301, 302, 303, 305, 306, 309, 310, 329, 330, 340, 342, 343, 344, 346, 355, 356, 358, 359, 360, 363, 364, 366, 367, 368, 369, 370, 371, 372, 373, 374, 375, 377, 383, 385, 386, 387, 388, 390, 402, 407, 409, 410, 411, 412, 413, 416, 418, 419, 420, 421, 422, 423, 425, 430, 435, 437, 438, 439, 440, 441, 442, 443, 449, 451, 452, 457], "excluded_lines": [], "start_line": 20}, "": {"executed_lines": [3, 5, 6, 8, 9, 10, 11, 13, 14, 15, 16, 17, 20, 29, 56, 72, 77, 81, 85, 86, 93, 103, 108, 113, 117, 121, 131, 141, 145, 149, 153, 166, 170, 174, 178, 182, 208, 227, 228, 253, 290, 291, 318, 319, 338, 348, 381, 399, 400, 432, 433], "summary": {"covered_lines": 51, "num_statements": 51, "percent_covered": 100.0, "percent_covered_display": "100", "missing_lines": 0, "excluded_lines": 0, "percent_statements_covered": 100.0, "percent_statements_covered_display": "100"}, "missing_lines": [], "excluded_lines": [], "start_line": 1}}}, "src/hledger_textual/widgets/transactions_table.py": {"executed_lines": [3, 5, 6, 8, 9, 10, 11, 12, 13, 14, 16, 17, 18, 19, 20, 21, 22, 23, 26, 42, 45, 51, 52, 54, 57, 58, 60, 62, 70, 71, 72, 73, 74, 75, 76, 77, 83, 85, 87, 89, 91, 93, 95, 97, 98, 99, 100, 101, 103, 105, 106, 107, 108, 109, 111, 113, 114, 115, 116, 117, 123, 125, 126, 127, 128, 131, 132, 135, 136, 141, 144, 145, 147, 149, 150, 151, 152, 153, 154, 155, 156, 157, 158, 162, 163, 165, 167, 169, 171, 172, 178, 180, 182, 184, 185, 186, 187, 188, 189, 190, 191, 192, 193, 195, 202, 203, 204, 205, 206, 207, 208, 209, 210, 211, 213, 214, 215, 216, 217, 218, 221, 222, 223, 224, 226, 227, 231, 255, 257, 258, 259, 260, 261, 262, 264, 265, 268, 269, 270, 277, 279, 280, 282, 284, 285, 286, 287, 289, 291, 292, 293, 295, 303, 305, 306, 307, 308, 310, 312, 313, 314, 316, 318, 319, 321, 323, 324, 325, 326, 327, 328, 332, 338, 340, 341, 342, 343, 345, 348, 349, 351, 363, 364, 379, 380, 384, 386, 387, 388, 389, 392, 398, 399, 401, 403, 404, 405, 406, 407, 408, 416, 417, 419, 424, 425, 426, 427, 428, 431, 432, 434, 436, 437, 439, 446, 447, 449, 450, 451, 458, 459, 460, 462, 474, 485, 486, 487, 497, 498, 499, 509, 515, 516, 518, 519, 520, 521, 523], "summary": {"covered_lines": 238, "num_statements": 278, "percent_covered": 85.61151079136691, "percent_covered_display": "86", "missing_lines": 40, "excluded_lines": 0, "percent_statements_covered": 85.61151079136691, "percent_statements_covered_display": "86"}, "missing_lines": [220, 229, 240, 241, 242, 243, 244, 245, 246, 247, 248, 249, 250, 251, 252, 253, 263, 266, 267, 271, 358, 360, 361, 366, 368, 369, 370, 373, 374, 375, 393, 394, 463, 464, 475, 525, 526, 527, 528, 529], "excluded_lines": [], "functions": {"TransactionsTable.MonthChanged.__init__": {"executed_lines": [51, 52], "summary": {"covered_lines": 2, "num_statements": 2, "percent_covered": 100.0, "percent_covered_display": "100", "missing_lines": 0, "excluded_lines": 0, "percent_statements_covered": 100.0, "percent_statements_covered_display": "100"}, "missing_lines": [], "excluded_lines": [], "start_line": 45}, "TransactionsTable.current_month": {"executed_lines": [60], "summary": {"covered_lines": 1, "num_statements": 1, "percent_covered": 100.0, "percent_covered_display": "100", "missing_lines": 0, "excluded_lines": 0, "percent_statements_covered": 100.0, "percent_statements_covered_display": "100"}, "missing_lines": [], "excluded_lines": [], "start_line": 58}, "TransactionsTable.__init__": {"executed_lines": [70, 71, 72, 73, 74, 75, 76, 77], "summary": {"covered_lines": 8, "num_statements": 8, "percent_covered": 100.0, "percent_covered_display": "100", "missing_lines": 0, "excluded_lines": 0, "percent_statements_covered": 100.0, "percent_statements_covered_display": "100"}, "missing_lines": [], "excluded_lines": [], "start_line": 62}, "TransactionsTable._month_query": {"executed_lines": [85], "summary": {"covered_lines": 1, "num_statements": 1, "percent_covered": 100.0, "percent_covered_display": "100", "missing_lines": 0, "excluded_lines": 0, "percent_statements_covered": 100.0, "percent_statements_covered_display": "100"}, "missing_lines": [], "excluded_lines": [], "start_line": 83}, "TransactionsTable._period_label": {"executed_lines": [89], "summary": {"covered_lines": 1, "num_statements": 1, "percent_covered": 100.0, "percent_covered_display": "100", "missing_lines": 0, "excluded_lines": 0, "percent_statements_covered": 100.0, "percent_statements_covered_display": "100"}, "missing_lines": [], "excluded_lines": [], "start_line": 87}, "TransactionsTable._update_period_label": {"executed_lines": [93], "summary": {"covered_lines": 1, "num_statements": 1, "percent_covered": 100.0, "percent_covered_display": "100", "missing_lines": 0, "excluded_lines": 0, "percent_statements_covered": 100.0, "percent_statements_covered_display": "100"}, "missing_lines": [], "excluded_lines": [], "start_line": 91}, "TransactionsTable.prev_month": {"executed_lines": [97, 98, 99, 100, 101], "summary": {"covered_lines": 5, "num_statements": 5, "percent_covered": 100.0, "percent_covered_display": "100", "missing_lines": 0, "excluded_lines": 0, "percent_statements_covered": 100.0, "percent_statements_covered_display": "100"}, "missing_lines": [], "excluded_lines": [], "start_line": 95}, "TransactionsTable.next_month": {"executed_lines": [105, 106, 107, 108, 109], "summary": {"covered_lines": 5, "num_statements": 5, "percent_covered": 100.0, "percent_covered_display": "100", "missing_lines": 0, "excluded_lines": 0, "percent_statements_covered": 100.0, "percent_statements_covered_display": "100"}, "missing_lines": [], "excluded_lines": [], "start_line": 103}, "TransactionsTable.today_month": {"executed_lines": [113, 114, 115, 116, 117], "summary": {"covered_lines": 5, "num_statements": 5, "percent_covered": 100.0, "percent_covered_display": "100", "missing_lines": 0, "excluded_lines": 0, "percent_statements_covered": 100.0, "percent_statements_covered_display": "100"}, "missing_lines": [], "excluded_lines": [], "start_line": 111}, "TransactionsTable.compose": {"executed_lines": [125, 126, 127, 128, 131, 132, 135, 136, 141], "summary": {"covered_lines": 9, "num_statements": 9, "percent_covered": 100.0, "percent_covered_display": "100", "missing_lines": 0, "excluded_lines": 0, "percent_statements_covered": 100.0, "percent_statements_covered_display": "100"}, "missing_lines": [], "excluded_lines": [], "start_line": 123}, "TransactionsTable.on_mount": {"executed_lines": [149, 150, 151, 152, 153, 154, 155, 156, 157, 158, 162, 163], "summary": {"covered_lines": 12, "num_statements": 12, "percent_covered": 100.0, "percent_covered_display": "100", "missing_lines": 0, "excluded_lines": 0, "percent_statements_covered": 100.0, "percent_statements_covered_display": "100"}, "missing_lines": [], "excluded_lines": [], "start_line": 147}, "TransactionsTable.on_show": {"executed_lines": [167], "summary": {"covered_lines": 1, "num_statements": 1, "percent_covered": 100.0, "percent_covered_display": "100", "missing_lines": 0, "excluded_lines": 0, "percent_statements_covered": 100.0, "percent_statements_covered_display": "100"}, "missing_lines": [], "excluded_lines": [], "start_line": 165}, "TransactionsTable.on_resize": {"executed_lines": [171, 172], "summary": {"covered_lines": 2, "num_statements": 2, "percent_covered": 100.0, "percent_covered_display": "100", "missing_lines": 0, "excluded_lines": 0, "percent_statements_covered": 100.0, "percent_statements_covered_display": "100"}, "missing_lines": [], "excluded_lines": [], "start_line": 169}, "TransactionsTable.reload": {"executed_lines": [180], "summary": {"covered_lines": 1, "num_statements": 1, "percent_covered": 100.0, "percent_covered_display": "100", "missing_lines": 0, "excluded_lines": 0, "percent_statements_covered": 100.0, "percent_statements_covered_display": "100"}, "missing_lines": [], "excluded_lines": [], "start_line": 178}, "TransactionsTable.show_filter": {"executed_lines": [184, 185, 186, 187, 188, 189, 190, 191, 192, 193], "summary": {"covered_lines": 10, "num_statements": 10, "percent_covered": 100.0, "percent_covered_display": "100", "missing_lines": 0, "excluded_lines": 0, "percent_statements_covered": 100.0, "percent_statements_covered_display": "100"}, "missing_lines": [], "excluded_lines": [], "start_line": 182}, "TransactionsTable.dismiss_filter": {"executed_lines": [202, 203, 204, 205, 206, 207, 208, 209, 210, 211, 213, 214, 215, 216, 217, 218, 221, 222, 223, 224], "summary": {"covered_lines": 20, "num_statements": 21, "percent_covered": 95.23809523809524, "percent_covered_display": "95", "missing_lines": 1, "excluded_lines": 0, "percent_statements_covered": 95.23809523809524, "percent_statements_covered_display": "95"}, "missing_lines": [220], "excluded_lines": [], "start_line": 195}, "TransactionsTable.current_search_query": {"executed_lines": [], "summary": {"covered_lines": 0, "num_statements": 1, "percent_covered": 0.0, "percent_covered_display": "0", "missing_lines": 1, "excluded_lines": 0, "percent_statements_covered": 0.0, "percent_statements_covered_display": "0"}, "missing_lines": [229], "excluded_lines": [], "start_line": 227}, "TransactionsTable.apply_saved_filter": {"executed_lines": [], "summary": {"covered_lines": 0, "num_statements": 14, "percent_covered": 0.0, "percent_covered_display": "0", "missing_lines": 14, "excluded_lines": 0, "percent_statements_covered": 0.0, "percent_statements_covered_display": "0"}, "missing_lines": [240, 241, 242, 243, 244, 245, 246, 247, 248, 249, 250, 251, 252, 253], "excluded_lines": [], "start_line": 231}, "TransactionsTable.get_selected_transaction": {"executed_lines": [257, 258, 259, 260, 261, 262, 264, 265, 268, 269, 270], "summary": {"covered_lines": 11, "num_statements": 15, "percent_covered": 73.33333333333333, "percent_covered_display": "73", "missing_lines": 4, "excluded_lines": 0, "percent_statements_covered": 73.33333333333333, "percent_statements_covered_display": "73"}, "missing_lines": [263, 266, 267, 271], "excluded_lines": [], "start_line": 255}, "TransactionsTable.do_refresh": {"executed_lines": [279, 280], "summary": {"covered_lines": 2, "num_statements": 2, "percent_covered": 100.0, "percent_covered_display": "100", "missing_lines": 0, "excluded_lines": 0, "percent_statements_covered": 100.0, "percent_statements_covered_display": "100"}, "missing_lines": [], "excluded_lines": [], "start_line": 277}, "TransactionsTable.do_edit": {"executed_lines": [284, 285, 286, 287, 289, 291, 295], "summary": {"covered_lines": 7, "num_statements": 7, "percent_covered": 100.0, "percent_covered_display": "100", "missing_lines": 0, "excluded_lines": 0, "percent_statements_covered": 100.0, "percent_statements_covered_display": "100"}, "missing_lines": [], "excluded_lines": [], "start_line": 282}, "TransactionsTable.do_edit.on_save": {"executed_lines": [292, 293], "summary": {"covered_lines": 2, "num_statements": 2, "percent_covered": 100.0, "percent_covered_display": "100", "missing_lines": 0, "excluded_lines": 0, "percent_statements_covered": 100.0, "percent_statements_covered_display": "100"}, "missing_lines": [], "excluded_lines": [], "start_line": 291}, "TransactionsTable.do_delete": {"executed_lines": [305, 306, 307, 308, 310, 312, 316], "summary": {"covered_lines": 7, "num_statements": 7, "percent_covered": 100.0, "percent_covered_display": "100", "missing_lines": 0, "excluded_lines": 0, "percent_statements_covered": 100.0, "percent_statements_covered_display": "100"}, "missing_lines": [], "excluded_lines": [], "start_line": 303}, "TransactionsTable.do_delete.on_confirm": {"executed_lines": [313, 314], "summary": {"covered_lines": 2, "num_statements": 2, "percent_covered": 100.0, "percent_covered_display": "100", "missing_lines": 0, "excluded_lines": 0, "percent_statements_covered": 100.0, "percent_statements_covered_display": "100"}, "missing_lines": [], "excluded_lines": [], "start_line": 312}, "TransactionsTable._do_replace": {"executed_lines": [321, 323, 324, 325, 326, 327, 328], "summary": {"covered_lines": 7, "num_statements": 7, "percent_covered": 100.0, "percent_covered_display": "100", "missing_lines": 0, "excluded_lines": 0, "percent_statements_covered": 100.0, "percent_statements_covered_display": "100"}, "missing_lines": [], "excluded_lines": [], "start_line": 319}, "TransactionsTable.do_toggle_status": {"executed_lines": [338, 340, 341, 342, 343, 345, 348, 349], "summary": {"covered_lines": 8, "num_statements": 8, "percent_covered": 100.0, "percent_covered_display": "100", "missing_lines": 0, "excluded_lines": 0, "percent_statements_covered": 100.0, "percent_statements_covered_display": "100"}, "missing_lines": [], "excluded_lines": [], "start_line": 332}, "TransactionsTable.do_move_to_date": {"executed_lines": [], "summary": {"covered_lines": 0, "num_statements": 3, "percent_covered": 0.0, "percent_covered_display": "0", "missing_lines": 3, "excluded_lines": 0, "percent_statements_covered": 0.0, "percent_statements_covered_display": "0"}, "missing_lines": [358, 360, 361], "excluded_lines": [], "start_line": 351}, "TransactionsTable._do_move": {"executed_lines": [], "summary": {"covered_lines": 0, "num_statements": 7, "percent_covered": 0.0, "percent_covered_display": "0", "missing_lines": 7, "excluded_lines": 0, "percent_statements_covered": 0.0, "percent_statements_covered_display": "0"}, "missing_lines": [366, 368, 369, 370, 373, 374, 375], "excluded_lines": [], "start_line": 364}, "TransactionsTable._do_toggle_status": {"executed_lines": [384, 386, 387, 388, 389, 392], "summary": {"covered_lines": 6, "num_statements": 8, "percent_covered": 75.0, "percent_covered_display": "75", "missing_lines": 2, "excluded_lines": 0, "percent_statements_covered": 75.0, "percent_statements_covered_display": "75"}, "missing_lines": [393, 394], "excluded_lines": [], "start_line": 380}, "TransactionsTable._do_delete": {"executed_lines": [401, 403, 404, 405, 406, 407, 408], "summary": {"covered_lines": 7, "num_statements": 7, "percent_covered": 100.0, "percent_covered_display": "100", "missing_lines": 0, "excluded_lines": 0, "percent_statements_covered": 100.0, "percent_statements_covered_display": "100"}, "missing_lines": [], "excluded_lines": [], "start_line": 399}, "TransactionsTable._load_transactions": {"executed_lines": [419, 424, 425, 426, 427, 428, 431, 432], "summary": {"covered_lines": 8, "num_statements": 8, "percent_covered": 100.0, "percent_covered_display": "100", "missing_lines": 0, "excluded_lines": 0, "percent_statements_covered": 100.0, "percent_statements_covered_display": "100"}, "missing_lines": [], "excluded_lines": [], "start_line": 417}, "TransactionsTable._set_transactions": {"executed_lines": [436, 437], "summary": {"covered_lines": 2, "num_statements": 2, "percent_covered": 100.0, "percent_covered_display": "100", "missing_lines": 0, "excluded_lines": 0, "percent_statements_covered": 100.0, "percent_statements_covered_display": "100"}, "missing_lines": [], "excluded_lines": [], "start_line": 434}, "TransactionsTable._update_table": {"executed_lines": [446, 447, 449, 450, 451, 458, 459, 460, 462, 474, 485, 486, 487, 497, 498, 499, 509], "summary": {"covered_lines": 17, "num_statements": 20, "percent_covered": 85.0, "percent_covered_display": "85", "missing_lines": 3, "excluded_lines": 0, "percent_statements_covered": 85.0, "percent_statements_covered_display": "85"}, "missing_lines": [463, 464, 475], "excluded_lines": [], "start_line": 439}, "TransactionsTable.on_search_submitted": {"executed_lines": [518, 519, 520, 521], "summary": {"covered_lines": 4, "num_statements": 4, "percent_covered": 100.0, "percent_covered_display": "100", "missing_lines": 0, "excluded_lines": 0, "percent_statements_covered": 100.0, "percent_statements_covered_display": "100"}, "missing_lines": [], "excluded_lines": [], "start_line": 516}, "TransactionsTable.on_click": {"executed_lines": [], "summary": {"covered_lines": 0, "num_statements": 5, "percent_covered": 0.0, "percent_covered_display": "0", "missing_lines": 5, "excluded_lines": 0, "percent_statements_covered": 0.0, "percent_statements_covered_display": "0"}, "missing_lines": [525, 526, 527, 528, 529], "excluded_lines": [], "start_line": 523}, "": {"executed_lines": [3, 5, 6, 8, 9, 10, 11, 12, 13, 14, 16, 17, 18, 19, 20, 21, 22, 23, 26, 42, 45, 54, 57, 58, 62, 83, 87, 91, 95, 103, 111, 123, 144, 145, 147, 165, 169, 178, 182, 195, 226, 227, 231, 255, 277, 282, 303, 318, 319, 332, 351, 363, 364, 379, 380, 398, 399, 416, 417, 434, 439, 515, 516, 523], "summary": {"covered_lines": 64, "num_statements": 64, "percent_covered": 100.0, "percent_covered_display": "100", "missing_lines": 0, "excluded_lines": 0, "percent_statements_covered": 100.0, "percent_statements_covered_display": "100"}, "missing_lines": [], "excluded_lines": [], "start_line": 1}}, "classes": {"TransactionsTable": {"executed_lines": [60, 70, 71, 72, 73, 74, 75, 76, 77, 85, 89, 93, 97, 98, 99, 100, 101, 105, 106, 107, 108, 109, 113, 114, 115, 116, 117, 125, 126, 127, 128, 131, 132, 135, 136, 141, 149, 150, 151, 152, 153, 154, 155, 156, 157, 158, 162, 163, 167, 171, 172, 180, 184, 185, 186, 187, 188, 189, 190, 191, 192, 193, 202, 203, 204, 205, 206, 207, 208, 209, 210, 211, 213, 214, 215, 216, 217, 218, 221, 222, 223, 224, 257, 258, 259, 260, 261, 262, 264, 265, 268, 269, 270, 279, 280, 284, 285, 286, 287, 289, 291, 292, 293, 295, 305, 306, 307, 308, 310, 312, 313, 314, 316, 321, 323, 324, 325, 326, 327, 328, 338, 340, 341, 342, 343, 345, 348, 349, 384, 386, 387, 388, 389, 392, 401, 403, 404, 405, 406, 407, 408, 419, 424, 425, 426, 427, 428, 431, 432, 436, 437, 446, 447, 449, 450, 451, 458, 459, 460, 462, 474, 485, 486, 487, 497, 498, 499, 509, 518, 519, 520, 521], "summary": {"covered_lines": 172, "num_statements": 212, "percent_covered": 81.13207547169812, "percent_covered_display": "81", "missing_lines": 40, "excluded_lines": 0, "percent_statements_covered": 81.13207547169812, "percent_statements_covered_display": "81"}, "missing_lines": [220, 229, 240, 241, 242, 243, 244, 245, 246, 247, 248, 249, 250, 251, 252, 253, 263, 266, 267, 271, 358, 360, 361, 366, 368, 369, 370, 373, 374, 375, 393, 394, 463, 464, 475, 525, 526, 527, 528, 529], "excluded_lines": [], "start_line": 26}, "TransactionsTable.MonthChanged": {"executed_lines": [51, 52], "summary": {"covered_lines": 2, "num_statements": 2, "percent_covered": 100.0, "percent_covered_display": "100", "missing_lines": 0, "excluded_lines": 0, "percent_statements_covered": 100.0, "percent_statements_covered_display": "100"}, "missing_lines": [], "excluded_lines": [], "start_line": 42}, "TransactionsTable.JournalChanged": {"executed_lines": [], "summary": {"covered_lines": 0, "num_statements": 0, "percent_covered": 100.0, "percent_covered_display": "100", "missing_lines": 0, "excluded_lines": 0, "percent_statements_covered": 100.0, "percent_statements_covered_display": "100"}, "missing_lines": [], "excluded_lines": [], "start_line": 54}, "": {"executed_lines": [3, 5, 6, 8, 9, 10, 11, 12, 13, 14, 16, 17, 18, 19, 20, 21, 22, 23, 26, 42, 45, 54, 57, 58, 62, 83, 87, 91, 95, 103, 111, 123, 144, 145, 147, 165, 169, 178, 182, 195, 226, 227, 231, 255, 277, 282, 303, 318, 319, 332, 351, 363, 364, 379, 380, 398, 399, 416, 417, 434, 439, 515, 516, 523], "summary": {"covered_lines": 64, "num_statements": 64, "percent_covered": 100.0, "percent_covered_display": "100", "missing_lines": 0, "excluded_lines": 0, "percent_statements_covered": 100.0, "percent_statements_covered_display": "100"}, "missing_lines": [], "excluded_lines": [], "start_line": 1}}}}, "totals": {"covered_lines": 4636, "num_statements": 6775, "percent_covered": 68.4280442804428, "percent_covered_display": "68", "missing_lines": 2139, "excluded_lines": 0, "percent_statements_covered": 68.4280442804428, "percent_statements_covered_display": "68"}}